---------------------------------------------------------------
[ 2017-11-10T14:04:29+08:00 ] ::1 ::1 POST /index.php/api/advance
[ info ] api.sbt.com/index.php/api/advance [运行时间：0.219026s][吞吐率：4.57req/s] [内存消耗：4,164.39kb] [文件加载：51]
[ info ] [ LANG ] /Applications/MAMP/htdocs/start/sbt/thinkphp/lang/zh-cn.php
[ info ] [ ROUTE ] array (
  'type' => 'module',
  'module' => 
  array (
    0 => 'api',
    1 => 'user',
    2 => 'advance',
  ),
  'convert' => false,
)
[ info ] [ HEADER ] array (
  'host' => 'api.sbt.com',
  'connection' => 'keep-alive',
  'content-length' => '375',
  'user-agent' => 'Mozilla/5.0 (Macintosh; Intel Mac OS X 10_12_6) AppleWebKit/537.36 (KHTML, like Gecko) Chrome/61.0.3163.100 Safari/537.36',
  'cache-control' => 'no-cache',
  'origin' => 'chrome-extension://glllcdkbcifcidcmfgaabegmhcaicmle',
  'postman-token' => 'de83ad10-9b5b-0f95-3e61-fb49b51b1113',
  'content-type' => 'multipart/form-data; boundary=----WebKitFormBoundary1xAN6IhjgKG8MREY',
  'accept' => '*/*',
  'accept-encoding' => 'gzip, deflate',
  'accept-language' => 'zh-CN,zh;q=0.8,en;q=0.6',
)
[ info ] [ PARAM ] array (
  'phone' => '18649738701',
  'token' => '831b8772b15fc41fdc6ed855e3078a87',
  'advance_amount' => '100',
)
[ info ] [ DB ] INIT mysql
[ info ] [ LOG ] INIT File
---------------------------------------------------------------
[ 2017-11-10T14:04:52+08:00 ] ::1 ::1 POST /index.php/api/advance
[ info ] api.sbt.com/index.php/api/advance [运行时间：0.299332s][吞吐率：3.34req/s] [内存消耗：4,787.47kb] [文件加载：56]
[ info ] [ LANG ] /Applications/MAMP/htdocs/start/sbt/thinkphp/lang/zh-cn.php
[ info ] [ ROUTE ] array (
  'type' => 'module',
  'module' => 
  array (
    0 => 'api',
    1 => 'user',
    2 => 'advance',
  ),
  'convert' => false,
)
[ info ] [ HEADER ] array (
  'host' => 'api.sbt.com',
  'connection' => 'keep-alive',
  'content-length' => '375',
  'user-agent' => 'Mozilla/5.0 (Macintosh; Intel Mac OS X 10_12_6) AppleWebKit/537.36 (KHTML, like Gecko) Chrome/61.0.3163.100 Safari/537.36',
  'cache-control' => 'no-cache',
  'origin' => 'chrome-extension://glllcdkbcifcidcmfgaabegmhcaicmle',
  'postman-token' => '41b1bedf-b785-2690-eea4-3d0bece15301',
  'content-type' => 'multipart/form-data; boundary=----WebKitFormBoundarykNJOB8C1Mqt5okEt',
  'accept' => '*/*',
  'accept-encoding' => 'gzip, deflate',
  'accept-language' => 'zh-CN,zh;q=0.8,en;q=0.6',
)
[ info ] [ PARAM ] array (
  'phone' => '18649738701',
  'token' => '16e47d8abcd46786af16c14a616d7dc8',
  'advance_amount' => '100',
)
[ info ] [ DB ] INIT mysql
[ info ] [ RUN ] app\api\controller\User->advance[ /Applications/MAMP/htdocs/start/sbt/application/api/controller/User.php ]
[ info ] [ LOG ] INIT File
---------------------------------------------------------------
[ 2017-11-10T14:09:38+08:00 ] ::1 ::1 POST /index.php/api/advance
[ info ] api.sbt.com/index.php/api/advance [运行时间：0.271977s][吞吐率：3.68req/s] [内存消耗：4,787.47kb] [文件加载：56]
[ info ] [ LANG ] /Applications/MAMP/htdocs/start/sbt/thinkphp/lang/zh-cn.php
[ info ] [ ROUTE ] array (
  'type' => 'module',
  'module' => 
  array (
    0 => 'api',
    1 => 'user',
    2 => 'advance',
  ),
  'convert' => false,
)
[ info ] [ HEADER ] array (
  'host' => 'api.sbt.com',
  'connection' => 'keep-alive',
  'content-length' => '375',
  'user-agent' => 'Mozilla/5.0 (Macintosh; Intel Mac OS X 10_12_6) AppleWebKit/537.36 (KHTML, like Gecko) Chrome/61.0.3163.100 Safari/537.36',
  'cache-control' => 'no-cache',
  'origin' => 'chrome-extension://glllcdkbcifcidcmfgaabegmhcaicmle',
  'postman-token' => '7bdbab79-af92-4661-0487-667f2caf6321',
  'content-type' => 'multipart/form-data; boundary=----WebKitFormBoundaryMGcHFZ70VRffn7zC',
  'accept' => '*/*',
  'accept-encoding' => 'gzip, deflate',
  'accept-language' => 'zh-CN,zh;q=0.8,en;q=0.6',
)
[ info ] [ PARAM ] array (
  'phone' => '18649738701',
  'token' => '16e47d8abcd46786af16c14a616d7dc8',
  'advance_amount' => '100',
)
[ info ] [ DB ] INIT mysql
[ info ] [ RUN ] app\api\controller\User->advance[ /Applications/MAMP/htdocs/start/sbt/application/api/controller/User.php ]
[ info ] [ LOG ] INIT File
---------------------------------------------------------------
[ 2017-11-10T14:10:02+08:00 ] ::1 ::1 POST /index.php/api/advance
[ info ] api.sbt.com/index.php/api/advance [运行时间：0.193579s][吞吐率：5.17req/s] [内存消耗：4,845.15kb] [文件加载：58]
[ info ] [ LANG ] /Applications/MAMP/htdocs/start/sbt/thinkphp/lang/zh-cn.php
[ info ] [ ROUTE ] array (
  'type' => 'module',
  'module' => 
  array (
    0 => 'api',
    1 => 'user',
    2 => 'advance',
  ),
  'convert' => false,
)
[ info ] [ HEADER ] array (
  'host' => 'api.sbt.com',
  'connection' => 'keep-alive',
  'content-length' => '374',
  'user-agent' => 'Mozilla/5.0 (Macintosh; Intel Mac OS X 10_12_6) AppleWebKit/537.36 (KHTML, like Gecko) Chrome/61.0.3163.100 Safari/537.36',
  'cache-control' => 'no-cache',
  'origin' => 'chrome-extension://glllcdkbcifcidcmfgaabegmhcaicmle',
  'postman-token' => 'c31c06d3-bebb-c91c-b400-d076669bedd6',
  'content-type' => 'multipart/form-data; boundary=----WebKitFormBoundaryAs4AP4iTOZpO3csB',
  'accept' => '*/*',
  'accept-encoding' => 'gzip, deflate',
  'accept-language' => 'zh-CN,zh;q=0.8,en;q=0.6',
)
[ info ] [ PARAM ] array (
  'phone' => '18649738701',
  'token' => '16e47d8abcd46786af16c14a616d7dc8',
  'advance_amount' => '10',
)
[ info ] [ DB ] INIT mysql
[ info ] [ RUN ] app\api\controller\User->advance[ /Applications/MAMP/htdocs/start/sbt/application/api/controller/User.php ]
[ info ] [ LOG ] INIT File
[ error ] [0]数据表字段不存在:[0][/Applications/MAMP/htdocs/start/sbt/thinkphp/library/think/db/Builder.php:107]
---------------------------------------------------------------
[ 2017-11-10T14:10:47+08:00 ] ::1 ::1 POST /index.php/api/advance
[ info ] api.sbt.com/index.php/api/advance [运行时间：0.362816s][吞吐率：2.76req/s] [内存消耗：4,845.01kb] [文件加载：58]
[ info ] [ LANG ] /Applications/MAMP/htdocs/start/sbt/thinkphp/lang/zh-cn.php
[ info ] [ ROUTE ] array (
  'type' => 'module',
  'module' => 
  array (
    0 => 'api',
    1 => 'user',
    2 => 'advance',
  ),
  'convert' => false,
)
[ info ] [ HEADER ] array (
  'host' => 'api.sbt.com',
  'connection' => 'keep-alive',
  'content-length' => '374',
  'user-agent' => 'Mozilla/5.0 (Macintosh; Intel Mac OS X 10_12_6) AppleWebKit/537.36 (KHTML, like Gecko) Chrome/61.0.3163.100 Safari/537.36',
  'cache-control' => 'no-cache',
  'origin' => 'chrome-extension://glllcdkbcifcidcmfgaabegmhcaicmle',
  'postman-token' => '5d2af7c1-e5fb-0767-ed91-6bebc78a8b5d',
  'content-type' => 'multipart/form-data; boundary=----WebKitFormBoundaryihNt6lYAAQB0srBw',
  'accept' => '*/*',
  'accept-encoding' => 'gzip, deflate',
  'accept-language' => 'zh-CN,zh;q=0.8,en;q=0.6',
)
[ info ] [ PARAM ] array (
  'phone' => '18649738701',
  'token' => '16e47d8abcd46786af16c14a616d7dc8',
  'advance_amount' => '10',
)
[ info ] [ DB ] INIT mysql
[ info ] [ RUN ] app\api\controller\User->advance[ /Applications/MAMP/htdocs/start/sbt/application/api/controller/User.php ]
[ info ] [ LOG ] INIT File
[ error ] [0]数据表字段不存在:[0][/Applications/MAMP/htdocs/start/sbt/thinkphp/library/think/db/Builder.php:107]
---------------------------------------------------------------
[ 2017-11-10T14:11:22+08:00 ] ::1 ::1 POST /index.php/api/advance
[ info ] api.sbt.com/index.php/api/advance [运行时间：0.163619s][吞吐率：6.11req/s] [内存消耗：4,845.23kb] [文件加载：58]
[ info ] [ LANG ] /Applications/MAMP/htdocs/start/sbt/thinkphp/lang/zh-cn.php
[ info ] [ ROUTE ] array (
  'type' => 'module',
  'module' => 
  array (
    0 => 'api',
    1 => 'user',
    2 => 'advance',
  ),
  'convert' => false,
)
[ info ] [ HEADER ] array (
  'host' => 'api.sbt.com',
  'connection' => 'keep-alive',
  'content-length' => '374',
  'user-agent' => 'Mozilla/5.0 (Macintosh; Intel Mac OS X 10_12_6) AppleWebKit/537.36 (KHTML, like Gecko) Chrome/61.0.3163.100 Safari/537.36',
  'cache-control' => 'no-cache',
  'origin' => 'chrome-extension://glllcdkbcifcidcmfgaabegmhcaicmle',
  'postman-token' => '71faf83f-b881-4fbc-721a-7361a63e953d',
  'content-type' => 'multipart/form-data; boundary=----WebKitFormBoundary3MfXn2wNt0S8NIF4',
  'accept' => '*/*',
  'accept-encoding' => 'gzip, deflate',
  'accept-language' => 'zh-CN,zh;q=0.8,en;q=0.6',
)
[ info ] [ PARAM ] array (
  'phone' => '18649738701',
  'token' => '16e47d8abcd46786af16c14a616d7dc8',
  'advance_amount' => '10',
)
[ info ] [ DB ] INIT mysql
[ info ] [ RUN ] app\api\controller\User->advance[ /Applications/MAMP/htdocs/start/sbt/application/api/controller/User.php ]
[ info ] [ LOG ] INIT File
[ error ] [0]数据表字段不存在:[0][/Applications/MAMP/htdocs/start/sbt/thinkphp/library/think/db/Builder.php:107]
---------------------------------------------------------------
[ 2017-11-10T14:12:29+08:00 ] ::1 ::1 POST /index.php/api/advance
[ info ] api.sbt.com/index.php/api/advance [运行时间：0.348731s][吞吐率：2.87req/s] [内存消耗：4,845.69kb] [文件加载：58]
[ info ] [ LANG ] /Applications/MAMP/htdocs/start/sbt/thinkphp/lang/zh-cn.php
[ info ] [ ROUTE ] array (
  'type' => 'module',
  'module' => 
  array (
    0 => 'api',
    1 => 'user',
    2 => 'advance',
  ),
  'convert' => false,
)
[ info ] [ HEADER ] array (
  'host' => 'api.sbt.com',
  'connection' => 'keep-alive',
  'content-length' => '374',
  'user-agent' => 'Mozilla/5.0 (Macintosh; Intel Mac OS X 10_12_6) AppleWebKit/537.36 (KHTML, like Gecko) Chrome/61.0.3163.100 Safari/537.36',
  'cache-control' => 'no-cache',
  'origin' => 'chrome-extension://glllcdkbcifcidcmfgaabegmhcaicmle',
  'postman-token' => '4644023b-eb29-d03d-5fdb-6e00269ef019',
  'content-type' => 'multipart/form-data; boundary=----WebKitFormBoundarygOMGSdtEYBdW9d30',
  'accept' => '*/*',
  'accept-encoding' => 'gzip, deflate',
  'accept-language' => 'zh-CN,zh;q=0.8,en;q=0.6',
)
[ info ] [ PARAM ] array (
  'phone' => '18649738701',
  'token' => '16e47d8abcd46786af16c14a616d7dc8',
  'advance_amount' => '10',
)
[ info ] [ DB ] INIT mysql
[ info ] [ RUN ] app\api\controller\User->advance[ /Applications/MAMP/htdocs/start/sbt/application/api/controller/User.php ]
[ info ] [ LOG ] INIT File
[ error ] [0]数据表字段不存在:[0][/Applications/MAMP/htdocs/start/sbt/thinkphp/library/think/db/Builder.php:107]
---------------------------------------------------------------
[ 2017-11-10T14:12:54+08:00 ] ::1 ::1 POST /index.php/api/advance
[ info ] api.sbt.com/index.php/api/advance [运行时间：0.197457s][吞吐率：5.06req/s] [内存消耗：4,798.62kb] [文件加载：56]
[ info ] [ LANG ] /Applications/MAMP/htdocs/start/sbt/thinkphp/lang/zh-cn.php
[ info ] [ ROUTE ] array (
  'type' => 'module',
  'module' => 
  array (
    0 => 'api',
    1 => 'user',
    2 => 'advance',
  ),
  'convert' => false,
)
[ info ] [ HEADER ] array (
  'host' => 'api.sbt.com',
  'connection' => 'keep-alive',
  'content-length' => '374',
  'user-agent' => 'Mozilla/5.0 (Macintosh; Intel Mac OS X 10_12_6) AppleWebKit/537.36 (KHTML, like Gecko) Chrome/61.0.3163.100 Safari/537.36',
  'cache-control' => 'no-cache',
  'origin' => 'chrome-extension://glllcdkbcifcidcmfgaabegmhcaicmle',
  'postman-token' => '691b34e0-d5b9-4aa0-9a74-0c41530a4d81',
  'content-type' => 'multipart/form-data; boundary=----WebKitFormBoundaryKMnujZeM8yYJARNa',
  'accept' => '*/*',
  'accept-encoding' => 'gzip, deflate',
  'accept-language' => 'zh-CN,zh;q=0.8,en;q=0.6',
)
[ info ] [ PARAM ] array (
  'phone' => '18649738701',
  'token' => '16e47d8abcd46786af16c14a616d7dc8',
  'advance_amount' => '10',
)
[ info ] [ DB ] INIT mysql
[ info ] [ RUN ] app\api\controller\User->advance[ /Applications/MAMP/htdocs/start/sbt/application/api/controller/User.php ]
[ info ] [ LOG ] INIT File
---------------------------------------------------------------
[ 2017-11-10T14:25:02+08:00 ] ::1 ::1 POST /index.php/api/advance
[ info ] api.sbt.com/index.php/api/advance [运行时间：0.284146s][吞吐率：3.52req/s] [内存消耗：4,294.13kb] [文件加载：54]
[ info ] [ LANG ] /Applications/MAMP/htdocs/start/sbt/thinkphp/lang/zh-cn.php
[ info ] [ ROUTE ] array (
  'type' => 'module',
  'module' => 
  array (
    0 => 'api',
    1 => 'user',
    2 => 'advance',
  ),
  'convert' => false,
)
[ info ] [ HEADER ] array (
  'host' => 'api.sbt.com',
  'connection' => 'keep-alive',
  'content-length' => '373',
  'user-agent' => 'Mozilla/5.0 (Macintosh; Intel Mac OS X 10_12_6) AppleWebKit/537.36 (KHTML, like Gecko) Chrome/61.0.3163.100 Safari/537.36',
  'cache-control' => 'no-cache',
  'origin' => 'chrome-extension://glllcdkbcifcidcmfgaabegmhcaicmle',
  'postman-token' => '22aa6016-5d7b-e3bd-2eac-73a82f53e501',
  'content-type' => 'multipart/form-data; boundary=----WebKitFormBoundaryZ1rAQi8GtBdoV90s',
  'accept' => '*/*',
  'accept-encoding' => 'gzip, deflate',
  'accept-language' => 'zh-CN,zh;q=0.8,en;q=0.6',
)
[ info ] [ PARAM ] array (
  'phone' => '18649738701',
  'token' => '16e47d8abcd46786af16c14a616d7dc8',
  'advance_amount' => '1',
)
[ info ] [ DB ] INIT mysql
[ info ] [ RUN ] app\api\controller\User->advance[ /Applications/MAMP/htdocs/start/sbt/application/api/controller/User.php ]
[ info ] [ LOG ] INIT File
---------------------------------------------------------------
[ 2017-11-10T14:25:06+08:00 ] ::1 ::1 POST /index.php/api/advance
[ info ] api.sbt.com/index.php/api/advance [运行时间：0.101177s][吞吐率：9.88req/s] [内存消耗：4,294.34kb] [文件加载：54]
[ info ] [ LANG ] /Applications/MAMP/htdocs/start/sbt/thinkphp/lang/zh-cn.php
[ info ] [ ROUTE ] array (
  'type' => 'module',
  'module' => 
  array (
    0 => 'api',
    1 => 'user',
    2 => 'advance',
  ),
  'convert' => false,
)
[ info ] [ HEADER ] array (
  'host' => 'api.sbt.com',
  'connection' => 'keep-alive',
  'content-length' => '373',
  'user-agent' => 'Mozilla/5.0 (Macintosh; Intel Mac OS X 10_12_6) AppleWebKit/537.36 (KHTML, like Gecko) Chrome/61.0.3163.100 Safari/537.36',
  'cache-control' => 'no-cache',
  'origin' => 'chrome-extension://glllcdkbcifcidcmfgaabegmhcaicmle',
  'postman-token' => '32e212ab-9230-897b-54e8-d26965b90d6d',
  'content-type' => 'multipart/form-data; boundary=----WebKitFormBoundary42cDKMJ1dG1zncxz',
  'accept' => '*/*',
  'accept-encoding' => 'gzip, deflate',
  'accept-language' => 'zh-CN,zh;q=0.8,en;q=0.6',
)
[ info ] [ PARAM ] array (
  'phone' => '18649738701',
  'token' => '16e47d8abcd46786af16c14a616d7dc8',
  'advance_amount' => '2',
)
[ info ] [ DB ] INIT mysql
[ info ] [ RUN ] app\api\controller\User->advance[ /Applications/MAMP/htdocs/start/sbt/application/api/controller/User.php ]
[ info ] [ LOG ] INIT File
---------------------------------------------------------------
[ 2017-11-10T14:25:09+08:00 ] ::1 ::1 POST /index.php/api/advance
[ info ] api.sbt.com/index.php/api/advance [运行时间：0.593554s][吞吐率：1.68req/s] [内存消耗：4,926.41kb] [文件加载：57]
[ info ] [ LANG ] /Applications/MAMP/htdocs/start/sbt/thinkphp/lang/zh-cn.php
[ info ] [ ROUTE ] array (
  'type' => 'module',
  'module' => 
  array (
    0 => 'api',
    1 => 'user',
    2 => 'advance',
  ),
  'convert' => false,
)
[ info ] [ HEADER ] array (
  'host' => 'api.sbt.com',
  'connection' => 'keep-alive',
  'content-length' => '373',
  'user-agent' => 'Mozilla/5.0 (Macintosh; Intel Mac OS X 10_12_6) AppleWebKit/537.36 (KHTML, like Gecko) Chrome/61.0.3163.100 Safari/537.36',
  'cache-control' => 'no-cache',
  'origin' => 'chrome-extension://glllcdkbcifcidcmfgaabegmhcaicmle',
  'postman-token' => '9ac9fbf1-2ca0-7c71-6aa2-264c051da4b6',
  'content-type' => 'multipart/form-data; boundary=----WebKitFormBoundaryYraAMEEPuf5D9781',
  'accept' => '*/*',
  'accept-encoding' => 'gzip, deflate',
  'accept-language' => 'zh-CN,zh;q=0.8,en;q=0.6',
)
[ info ] [ PARAM ] array (
  'phone' => '18649738701',
  'token' => '16e47d8abcd46786af16c14a616d7dc8',
  'advance_amount' => '3',
)
[ info ] [ DB ] INIT mysql
[ info ] [ RUN ] app\api\controller\User->advance[ /Applications/MAMP/htdocs/start/sbt/application/api/controller/User.php ]
[ info ] [ LOG ] INIT File
---------------------------------------------------------------
[ 2017-11-10T14:38:52+08:00 ] ::1 ::1 POST /index.php/api/advance
[ info ] api.sbt.com/index.php/api/advance [运行时间：3.099381s][吞吐率：0.32req/s] [内存消耗：4,922.27kb] [文件加载：57]
[ info ] [ LANG ] /Applications/MAMP/htdocs/start/sbt/thinkphp/lang/zh-cn.php
[ info ] [ ROUTE ] array (
  'type' => 'module',
  'module' => 
  array (
    0 => 'api',
    1 => 'user',
    2 => 'advance',
  ),
  'convert' => false,
)
[ info ] [ HEADER ] array (
  'host' => 'api.sbt.com',
  'connection' => 'keep-alive',
  'content-length' => '373',
  'user-agent' => 'Mozilla/5.0 (Macintosh; Intel Mac OS X 10_12_6) AppleWebKit/537.36 (KHTML, like Gecko) Chrome/61.0.3163.100 Safari/537.36',
  'cache-control' => 'no-cache',
  'origin' => 'chrome-extension://glllcdkbcifcidcmfgaabegmhcaicmle',
  'postman-token' => '2c2da63b-9fc5-4a0b-b21b-b3ae77b0ee28',
  'content-type' => 'multipart/form-data; boundary=----WebKitFormBoundarygdxB6cmBiBoUesPA',
  'accept' => '*/*',
  'accept-encoding' => 'gzip, deflate',
  'accept-language' => 'zh-CN,zh;q=0.8,en;q=0.6',
)
[ info ] [ PARAM ] array (
  'phone' => '18649738701',
  'token' => '16e47d8abcd46786af16c14a616d7dc8',
  'advance_amount' => '3',
)
[ info ] [ DB ] INIT mysql
[ info ] [ RUN ] app\api\controller\User->advance[ /Applications/MAMP/htdocs/start/sbt/application/api/controller/User.php ]
[ info ] [ LOG ] INIT File
---------------------------------------------------------------
[ 2017-11-10T15:14:59+08:00 ] ::1 ::1 POST /index.php/api/advance
[ info ] api.sbt.com/index.php/api/advance [运行时间：3.034214s][吞吐率：0.33req/s] [内存消耗：4,924.34kb] [文件加载：57]
[ info ] [ LANG ] /Applications/MAMP/htdocs/start/sbt/thinkphp/lang/zh-cn.php
[ info ] [ ROUTE ] array (
  'type' => 'module',
  'module' => 
  array (
    0 => 'api',
    1 => 'user',
    2 => 'advance',
  ),
  'convert' => false,
)
[ info ] [ HEADER ] array (
  'host' => 'api.sbt.com',
  'connection' => 'keep-alive',
  'content-length' => '373',
  'user-agent' => 'Mozilla/5.0 (Macintosh; Intel Mac OS X 10_12_6) AppleWebKit/537.36 (KHTML, like Gecko) Chrome/61.0.3163.100 Safari/537.36',
  'cache-control' => 'no-cache',
  'origin' => 'chrome-extension://glllcdkbcifcidcmfgaabegmhcaicmle',
  'postman-token' => 'b8a6d5ca-58bf-0a1f-68ce-0cdfb39dbb81',
  'content-type' => 'multipart/form-data; boundary=----WebKitFormBoundaryu6TZs2PjeEOezRwV',
  'accept' => '*/*',
  'accept-encoding' => 'gzip, deflate',
  'accept-language' => 'zh-CN,zh;q=0.8,en;q=0.6',
)
[ info ] [ PARAM ] array (
  'phone' => '18649738701',
  'token' => '16e47d8abcd46786af16c14a616d7dc8',
  'advance_amount' => '3',
)
[ info ] [ DB ] INIT mysql
[ info ] [ RUN ] app\api\controller\User->advance[ /Applications/MAMP/htdocs/start/sbt/application/api/controller/User.php ]
[ info ] [ LOG ] INIT File
---------------------------------------------------------------
[ 2017-11-10T15:42:58+08:00 ] ::1 ::1 GET /admin/user/index.html?card_status=-1&role_id=-1&reg_time=&keyworld=%E2%80%AD13860660078%E2%80%AC
[ info ] api.sbt.com/admin/user/index.html?card_status=-1&role_id=-1&reg_time=&keyworld=%E2%80%AD13860660078%E2%80%AC [运行时间：0.276650s][吞吐率：3.61req/s] [内存消耗：4,647.81kb] [文件加载：58]
[ info ] [ LANG ] /Applications/MAMP/htdocs/start/sbt/thinkphp/lang/zh-cn.php
[ info ] [ ROUTE ] array (
  'type' => 'module',
  'module' => 
  array (
    0 => 'admin',
    1 => 'user',
    2 => 'index',
  ),
)
[ info ] [ HEADER ] array (
  'host' => 'api.sbt.com',
  'connection' => 'keep-alive',
  'user-agent' => 'Mozilla/5.0 (Macintosh; Intel Mac OS X 10_12_6) AppleWebKit/537.36 (KHTML, like Gecko) Chrome/61.0.3163.100 Safari/537.36',
  'upgrade-insecure-requests' => '1',
  'accept' => 'text/html,application/xhtml+xml,application/xml;q=0.9,image/webp,image/apng,*/*;q=0.8',
  'accept-encoding' => 'gzip, deflate',
  'accept-language' => 'zh-CN,zh;q=0.8,en;q=0.6',
  'cookie' => 'PHPSESSID=37c0f03de7441d0c1ba91f861c0b677a',
)
[ info ] [ PARAM ] array (
  'card_status' => '-1',
  'role_id' => '-1',
  'reg_time' => '',
  'keyworld' => '‭13860660078‬',
)
[ info ] [ SESSION ] INIT array (
  'id' => '',
  'var_session_id' => '',
  'prefix' => 'think',
  'type' => '',
  'auto_start' => true,
)
[ info ] [ DB ] INIT mysql
[ info ] [ LOG ] INIT File
---------------------------------------------------------------
[ 2017-11-10T15:42:58+08:00 ] ::1 ::1 GET /admin/publics/index.html
[ info ] api.sbt.com/admin/publics/index.html [运行时间：0.061533s][吞吐率：16.25req/s] [内存消耗：3,141.19kb] [文件加载：50]
[ info ] [ LANG ] /Applications/MAMP/htdocs/start/sbt/thinkphp/lang/zh-cn.php
[ info ] [ ROUTE ] array (
  'type' => 'module',
  'module' => 
  array (
    0 => 'admin',
    1 => 'publics',
    2 => 'index',
  ),
)
[ info ] [ HEADER ] array (
  'host' => 'api.sbt.com',
  'connection' => 'keep-alive',
  'user-agent' => 'Mozilla/5.0 (Macintosh; Intel Mac OS X 10_12_6) AppleWebKit/537.36 (KHTML, like Gecko) Chrome/61.0.3163.100 Safari/537.36',
  'upgrade-insecure-requests' => '1',
  'accept' => 'text/html,application/xhtml+xml,application/xml;q=0.9,image/webp,image/apng,*/*;q=0.8',
  'accept-encoding' => 'gzip, deflate',
  'accept-language' => 'zh-CN,zh;q=0.8,en;q=0.6',
  'cookie' => 'PHPSESSID=37c0f03de7441d0c1ba91f861c0b677a',
)
[ info ] [ PARAM ] array (
)
[ info ] [ RUN ] app\admin\controller\Publics->index[ /Applications/MAMP/htdocs/start/sbt/application/admin/controller/Publics.php ]
[ info ] [ SESSION ] INIT array (
  'id' => '',
  'var_session_id' => '',
  'prefix' => 'think',
  'type' => '',
  'auto_start' => true,
)
[ info ] [ VIEW ] /Applications/MAMP/htdocs/start/sbt/application/admin/view/publics/index.html [ array (
) ]
[ info ] [ LOG ] INIT File
---------------------------------------------------------------
[ 2017-11-10T15:42:59+08:00 ] ::1 ::1 GET /captcha.html
[ info ] api.sbt.com/captcha.html [运行时间：0.299269s][吞吐率：3.34req/s] [内存消耗：2,310.71kb] [文件加载：39]
[ info ] [ LANG ] /Applications/MAMP/htdocs/start/sbt/thinkphp/lang/zh-cn.php
[ info ] [ ROUTE ] array (
  'type' => 'method',
  'method' => 
  array (
    0 => '\\think\\captcha\\CaptchaController',
    1 => 'index',
  ),
  'var' => 
  array (
  ),
)
[ info ] [ HEADER ] array (
  'host' => 'api.sbt.com',
  'connection' => 'keep-alive',
  'user-agent' => 'Mozilla/5.0 (Macintosh; Intel Mac OS X 10_12_6) AppleWebKit/537.36 (KHTML, like Gecko) Chrome/61.0.3163.100 Safari/537.36',
  'accept' => 'image/webp,image/apng,image/*,*/*;q=0.8',
  'referer' => 'http://api.sbt.com/admin/publics/index.html',
  'accept-encoding' => 'gzip, deflate',
  'accept-language' => 'zh-CN,zh;q=0.8,en;q=0.6',
  'cookie' => 'PHPSESSID=37c0f03de7441d0c1ba91f861c0b677a',
)
[ info ] [ PARAM ] array (
  'id' => NULL,
)
[ info ] [ RUN ] think\captcha\CaptchaController->index[ /Applications/MAMP/htdocs/start/sbt/vendor/topthink/think-captcha/src/CaptchaController.php ]
[ info ] [ SESSION ] INIT array (
  'id' => '',
  'var_session_id' => '',
  'prefix' => 'think',
  'type' => '',
  'auto_start' => true,
)
[ info ] [ LOG ] INIT File
---------------------------------------------------------------
[ 2017-11-10T15:43:07+08:00 ] ::1 ::1 POST /admin/publics/index.html
[ info ] api.sbt.com/admin/publics/index.html [运行时间：0.119557s][吞吐率：8.36req/s] [内存消耗：4,633.74kb] [文件加载：57]
[ info ] [ LANG ] /Applications/MAMP/htdocs/start/sbt/thinkphp/lang/zh-cn.php
[ info ] [ ROUTE ] array (
  'type' => 'module',
  'module' => 
  array (
    0 => 'admin',
    1 => 'publics',
    2 => 'index',
  ),
)
[ info ] [ HEADER ] array (
  'host' => 'api.sbt.com',
  'connection' => 'keep-alive',
  'content-length' => '93',
  'accept' => '*/*',
  'origin' => 'http://api.sbt.com',
  'x-requested-with' => 'XMLHttpRequest',
  'user-agent' => 'Mozilla/5.0 (Macintosh; Intel Mac OS X 10_12_6) AppleWebKit/537.36 (KHTML, like Gecko) Chrome/61.0.3163.100 Safari/537.36',
  'content-type' => 'application/x-www-form-urlencoded; charset=UTF-8',
  'referer' => 'http://api.sbt.com/admin/publics/index.html',
  'accept-encoding' => 'gzip, deflate',
  'accept-language' => 'zh-CN,zh;q=0.8,en;q=0.6',
  'cookie' => 'PHPSESSID=37c0f03de7441d0c1ba91f861c0b677a',
)
[ info ] [ PARAM ] array (
  'username' => 'admin',
  'password' => 'admin177',
  'code' => 'eamb',
  '__token__' => 'e537312c7c71336ce68652ecedd8c15eb2d1493a',
)
[ info ] [ RUN ] app\admin\controller\Publics->index[ /Applications/MAMP/htdocs/start/sbt/application/admin/controller/Publics.php ]
[ info ] [ SESSION ] INIT array (
  'id' => '',
  'var_session_id' => '',
  'prefix' => 'think',
  'type' => '',
  'auto_start' => true,
)
[ info ] [ DB ] INIT mysql
[ info ] [ LOG ] INIT File
---------------------------------------------------------------
[ 2017-11-10T15:43:10+08:00 ] ::1 ::1 GET /captcha.html?0.8012437131233834
[ info ] api.sbt.com/captcha.html?0.8012437131233834 [运行时间：0.041064s][吞吐率：24.35req/s] [内存消耗：2,311.23kb] [文件加载：39]
[ info ] [ LANG ] /Applications/MAMP/htdocs/start/sbt/thinkphp/lang/zh-cn.php
[ info ] [ ROUTE ] array (
  'type' => 'method',
  'method' => 
  array (
    0 => '\\think\\captcha\\CaptchaController',
    1 => 'index',
  ),
  'var' => 
  array (
  ),
)
[ info ] [ HEADER ] array (
  'host' => 'api.sbt.com',
  'connection' => 'keep-alive',
  'user-agent' => 'Mozilla/5.0 (Macintosh; Intel Mac OS X 10_12_6) AppleWebKit/537.36 (KHTML, like Gecko) Chrome/61.0.3163.100 Safari/537.36',
  'accept' => 'image/webp,image/apng,image/*,*/*;q=0.8',
  'referer' => 'http://api.sbt.com/admin/publics/index.html',
  'accept-encoding' => 'gzip, deflate',
  'accept-language' => 'zh-CN,zh;q=0.8,en;q=0.6',
  'cookie' => 'PHPSESSID=37c0f03de7441d0c1ba91f861c0b677a',
)
[ info ] [ PARAM ] array (
  '0_8012437131233834' => '',
  'id' => NULL,
)
[ info ] [ RUN ] think\captcha\CaptchaController->index[ /Applications/MAMP/htdocs/start/sbt/vendor/topthink/think-captcha/src/CaptchaController.php ]
[ info ] [ SESSION ] INIT array (
  'id' => '',
  'var_session_id' => '',
  'prefix' => 'think',
  'type' => '',
  'auto_start' => true,
)
[ info ] [ LOG ] INIT File
---------------------------------------------------------------
[ 2017-11-10T15:43:10+08:00 ] ::1 ::1 GET /admin/personal/index.html
[ info ] api.sbt.com/admin/personal/index.html [运行时间：0.125762s][吞吐率：7.95req/s] [内存消耗：4,791.35kb] [文件加载：59]
[ info ] [ LANG ] /Applications/MAMP/htdocs/start/sbt/thinkphp/lang/zh-cn.php
[ info ] [ ROUTE ] array (
  'type' => 'module',
  'module' => 
  array (
    0 => 'admin',
    1 => 'personal',
    2 => 'index',
  ),
)
[ info ] [ HEADER ] array (
  'host' => 'api.sbt.com',
  'connection' => 'keep-alive',
  'upgrade-insecure-requests' => '1',
  'user-agent' => 'Mozilla/5.0 (Macintosh; Intel Mac OS X 10_12_6) AppleWebKit/537.36 (KHTML, like Gecko) Chrome/61.0.3163.100 Safari/537.36',
  'accept' => 'text/html,application/xhtml+xml,application/xml;q=0.9,image/webp,image/apng,*/*;q=0.8',
  'referer' => 'http://api.sbt.com/admin/publics/index.html',
  'accept-encoding' => 'gzip, deflate',
  'accept-language' => 'zh-CN,zh;q=0.8,en;q=0.6',
  'cookie' => 'PHPSESSID=37c0f03de7441d0c1ba91f861c0b677a',
)
[ info ] [ PARAM ] array (
)
[ info ] [ SESSION ] INIT array (
  'id' => '',
  'var_session_id' => '',
  'prefix' => 'think',
  'type' => '',
  'auto_start' => true,
)
[ info ] [ DB ] INIT mysql
[ info ] [ RUN ] app\admin\controller\Personal->index[ /Applications/MAMP/htdocs/start/sbt/application/admin/controller/Personal.php ]
[ info ] [ VIEW ] /Applications/MAMP/htdocs/start/sbt/application/admin/view/personal/index.html [ array (
  0 => 'title',
  1 => 'role_id',
) ]
[ info ] [ LOG ] INIT File
---------------------------------------------------------------
[ 2017-11-10T15:43:13+08:00 ] ::1 ::1 GET /admin/user/index.html
[ info ] api.sbt.com/admin/user/index.html [运行时间：0.153226s][吞吐率：6.53req/s] [内存消耗：5,141.03kb] [文件加载：62]
[ info ] [ LANG ] /Applications/MAMP/htdocs/start/sbt/thinkphp/lang/zh-cn.php
[ info ] [ ROUTE ] array (
  'type' => 'module',
  'module' => 
  array (
    0 => 'admin',
    1 => 'user',
    2 => 'index',
  ),
)
[ info ] [ HEADER ] array (
  'host' => 'api.sbt.com',
  'connection' => 'keep-alive',
  'upgrade-insecure-requests' => '1',
  'user-agent' => 'Mozilla/5.0 (Macintosh; Intel Mac OS X 10_12_6) AppleWebKit/537.36 (KHTML, like Gecko) Chrome/61.0.3163.100 Safari/537.36',
  'accept' => 'text/html,application/xhtml+xml,application/xml;q=0.9,image/webp,image/apng,*/*;q=0.8',
  'referer' => 'http://api.sbt.com/admin/personal/index.html',
  'accept-encoding' => 'gzip, deflate',
  'accept-language' => 'zh-CN,zh;q=0.8,en;q=0.6',
  'cookie' => 'PHPSESSID=37c0f03de7441d0c1ba91f861c0b677a',
)
[ info ] [ PARAM ] array (
)
[ info ] [ SESSION ] INIT array (
  'id' => '',
  'var_session_id' => '',
  'prefix' => 'think',
  'type' => '',
  'auto_start' => true,
)
[ info ] [ DB ] INIT mysql
[ info ] [ RUN ] app\admin\controller\User->index[ /Applications/MAMP/htdocs/start/sbt/application/admin/controller/User.php ]
[ info ] [ VIEW ] /Applications/MAMP/htdocs/start/sbt/application/admin/view/user/index.html [ array (
  0 => 'title',
  1 => 'role_id',
  2 => 'role_data',
  3 => 'pages',
  4 => 'user_list',
) ]
[ info ] [ LOG ] INIT File
---------------------------------------------------------------
[ 2017-11-10T15:43:22+08:00 ] ::1 ::1 GET /admin/user/index.html?card_status=-1&role_id=-1&reg_time=&keyworld=13860660078%E2%80%AC
[ info ] api.sbt.com/admin/user/index.html?card_status=-1&role_id=-1&reg_time=&keyworld=13860660078%E2%80%AC [运行时间：0.117378s][吞吐率：8.52req/s] [内存消耗：4,826.21kb] [文件加载：60]
[ info ] [ LANG ] /Applications/MAMP/htdocs/start/sbt/thinkphp/lang/zh-cn.php
[ info ] [ ROUTE ] array (
  'type' => 'module',
  'module' => 
  array (
    0 => 'admin',
    1 => 'user',
    2 => 'index',
  ),
)
[ info ] [ HEADER ] array (
  'host' => 'api.sbt.com',
  'connection' => 'keep-alive',
  'user-agent' => 'Mozilla/5.0 (Macintosh; Intel Mac OS X 10_12_6) AppleWebKit/537.36 (KHTML, like Gecko) Chrome/61.0.3163.100 Safari/537.36',
  'upgrade-insecure-requests' => '1',
  'accept' => 'text/html,application/xhtml+xml,application/xml;q=0.9,image/webp,image/apng,*/*;q=0.8',
  'accept-encoding' => 'gzip, deflate',
  'accept-language' => 'zh-CN,zh;q=0.8,en;q=0.6',
  'cookie' => 'PHPSESSID=37c0f03de7441d0c1ba91f861c0b677a',
)
[ info ] [ PARAM ] array (
  'card_status' => '-1',
  'role_id' => '-1',
  'reg_time' => '',
  'keyworld' => '13860660078‬',
)
[ info ] [ SESSION ] INIT array (
  'id' => '',
  'var_session_id' => '',
  'prefix' => 'think',
  'type' => '',
  'auto_start' => true,
)
[ info ] [ DB ] INIT mysql
[ info ] [ RUN ] app\admin\controller\User->index[ /Applications/MAMP/htdocs/start/sbt/application/admin/controller/User.php ]
[ info ] [ VIEW ] /Applications/MAMP/htdocs/start/sbt/application/admin/view/user/index.html [ array (
  0 => 'title',
  1 => 'role_id',
  2 => 'role_data',
  3 => 'pages',
  4 => 'user_list',
) ]
[ info ] [ LOG ] INIT File
---------------------------------------------------------------
[ 2017-11-10T15:43:36+08:00 ] ::1 ::1 GET /admin/user/index.html?card_status=-1&role_id=-1&reg_time=&keyworld=18649738701%E2%80%AC
[ info ] api.sbt.com/admin/user/index.html?card_status=-1&role_id=-1&reg_time=&keyworld=18649738701%E2%80%AC [运行时间：0.119440s][吞吐率：8.37req/s] [内存消耗：4,826.21kb] [文件加载：60]
[ info ] [ LANG ] /Applications/MAMP/htdocs/start/sbt/thinkphp/lang/zh-cn.php
[ info ] [ ROUTE ] array (
  'type' => 'module',
  'module' => 
  array (
    0 => 'admin',
    1 => 'user',
    2 => 'index',
  ),
)
[ info ] [ HEADER ] array (
  'host' => 'api.sbt.com',
  'connection' => 'keep-alive',
  'user-agent' => 'Mozilla/5.0 (Macintosh; Intel Mac OS X 10_12_6) AppleWebKit/537.36 (KHTML, like Gecko) Chrome/61.0.3163.100 Safari/537.36',
  'upgrade-insecure-requests' => '1',
  'accept' => 'text/html,application/xhtml+xml,application/xml;q=0.9,image/webp,image/apng,*/*;q=0.8',
  'accept-encoding' => 'gzip, deflate',
  'accept-language' => 'zh-CN,zh;q=0.8,en;q=0.6',
  'cookie' => 'PHPSESSID=37c0f03de7441d0c1ba91f861c0b677a',
)
[ info ] [ PARAM ] array (
  'card_status' => '-1',
  'role_id' => '-1',
  'reg_time' => '',
  'keyworld' => '18649738701‬',
)
[ info ] [ SESSION ] INIT array (
  'id' => '',
  'var_session_id' => '',
  'prefix' => 'think',
  'type' => '',
  'auto_start' => true,
)
[ info ] [ DB ] INIT mysql
[ info ] [ RUN ] app\admin\controller\User->index[ /Applications/MAMP/htdocs/start/sbt/application/admin/controller/User.php ]
[ info ] [ VIEW ] /Applications/MAMP/htdocs/start/sbt/application/admin/view/user/index.html [ array (
  0 => 'title',
  1 => 'role_id',
  2 => 'role_data',
  3 => 'pages',
  4 => 'user_list',
) ]
[ info ] [ LOG ] INIT File
---------------------------------------------------------------
[ 2017-11-10T15:44:35+08:00 ] ::1 ::1 GET /admin/orders/index.html
[ info ] api.sbt.com/admin/orders/index.html [运行时间：0.545809s][吞吐率：1.83req/s] [内存消耗：5,198.05kb] [文件加载：62]
[ info ] [ LANG ] /Applications/MAMP/htdocs/start/sbt/thinkphp/lang/zh-cn.php
[ info ] [ ROUTE ] array (
  'type' => 'module',
  'module' => 
  array (
    0 => 'admin',
    1 => 'orders',
    2 => 'index',
  ),
)
[ info ] [ HEADER ] array (
  'host' => 'api.sbt.com',
  'connection' => 'keep-alive',
  'upgrade-insecure-requests' => '1',
  'user-agent' => 'Mozilla/5.0 (Macintosh; Intel Mac OS X 10_12_6) AppleWebKit/537.36 (KHTML, like Gecko) Chrome/61.0.3163.100 Safari/537.36',
  'accept' => 'text/html,application/xhtml+xml,application/xml;q=0.9,image/webp,image/apng,*/*;q=0.8',
  'referer' => 'http://api.sbt.com/admin/user/index.html?card_status=-1&role_id=-1&reg_time=&keyworld=18649738701%E2%80%AC',
  'accept-encoding' => 'gzip, deflate',
  'accept-language' => 'zh-CN,zh;q=0.8,en;q=0.6',
  'cookie' => 'PHPSESSID=37c0f03de7441d0c1ba91f861c0b677a',
)
[ info ] [ PARAM ] array (
)
[ info ] [ SESSION ] INIT array (
  'id' => '',
  'var_session_id' => '',
  'prefix' => 'think',
  'type' => '',
  'auto_start' => true,
)
[ info ] [ DB ] INIT mysql
[ info ] [ RUN ] app\admin\controller\Orders->index[ /Applications/MAMP/htdocs/start/sbt/application/admin/controller/Orders.php ]
[ info ] [ VIEW ] /Applications/MAMP/htdocs/start/sbt/application/admin/view/orders/index.html [ array (
  0 => 'title',
  1 => 'seach',
  2 => 'data',
  3 => 'count',
  4 => 'lists',
  5 => 'pages',
  6 => 'order_id',
  7 => 'status',
  8 => 'orders_status',
) ]
[ info ] [ LOG ] INIT File
---------------------------------------------------------------
[ 2017-11-10T15:46:39+08:00 ] ::1 ::1 GET /admin/orders/index.html?order_type=0&pay_prot_id=0&order_status=0&order_time=&end_time=&keyworld=ren+
[ info ] api.sbt.com/admin/orders/index.html?order_type=0&pay_prot_id=0&order_status=0&order_time=&end_time=&keyworld=ren+ [运行时间：0.183306s][吞吐率：5.46req/s] [内存消耗：4,650.34kb] [文件加载：57]
[ info ] [ LANG ] /Applications/MAMP/htdocs/start/sbt/thinkphp/lang/zh-cn.php
[ info ] [ ROUTE ] array (
  'type' => 'module',
  'module' => 
  array (
    0 => 'admin',
    1 => 'orders',
    2 => 'index',
  ),
)
[ info ] [ HEADER ] array (
  'host' => 'api.sbt.com',
  'connection' => 'keep-alive',
  'upgrade-insecure-requests' => '1',
  'user-agent' => 'Mozilla/5.0 (Macintosh; Intel Mac OS X 10_12_6) AppleWebKit/537.36 (KHTML, like Gecko) Chrome/61.0.3163.100 Safari/537.36',
  'accept' => 'text/html,application/xhtml+xml,application/xml;q=0.9,image/webp,image/apng,*/*;q=0.8',
  'referer' => 'http://api.sbt.com/admin/orders/index.html',
  'accept-encoding' => 'gzip, deflate',
  'accept-language' => 'zh-CN,zh;q=0.8,en;q=0.6',
  'cookie' => 'PHPSESSID=37c0f03de7441d0c1ba91f861c0b677a',
)
[ info ] [ PARAM ] array (
  'order_type' => '0',
  'pay_prot_id' => '0',
  'order_status' => '0',
  'order_time' => '',
  'end_time' => '',
  'keyworld' => 'ren ',
)
[ info ] [ SESSION ] INIT array (
  'id' => '',
  'var_session_id' => '',
  'prefix' => 'think',
  'type' => '',
  'auto_start' => true,
)
[ info ] [ DB ] INIT mysql
[ info ] [ RUN ] app\admin\controller\Orders->index[ /Applications/MAMP/htdocs/start/sbt/application/admin/controller/Orders.php ]
[ info ] [ VIEW ] /Applications/MAMP/htdocs/start/sbt/application/admin/view/orders/index.html [ array (
  0 => 'title',
  1 => 'seach',
  2 => 'data',
  3 => 'count',
  4 => 'lists',
  5 => 'pages',
  6 => 'order_id',
  7 => 'status',
  8 => 'orders_status',
) ]
[ info ] [ LOG ] INIT File
---------------------------------------------------------------
[ 2017-11-10T15:46:45+08:00 ] ::1 ::1 GET /admin/orders/index.html?order_type=0&pay_prot_id=0&order_status=0&order_time=&end_time=&keyworld=%E4%BB%BB
[ info ] api.sbt.com/admin/orders/index.html?order_type=0&pay_prot_id=0&order_status=0&order_time=&end_time=&keyworld=%E4%BB%BB [运行时间：0.138108s][吞吐率：7.24req/s] [内存消耗：4,604.57kb] [文件加载：60]
[ info ] [ LANG ] /Applications/MAMP/htdocs/start/sbt/thinkphp/lang/zh-cn.php
[ info ] [ ROUTE ] array (
  'type' => 'module',
  'module' => 
  array (
    0 => 'admin',
    1 => 'orders',
    2 => 'index',
  ),
)
[ info ] [ HEADER ] array (
  'host' => 'api.sbt.com',
  'connection' => 'keep-alive',
  'upgrade-insecure-requests' => '1',
  'user-agent' => 'Mozilla/5.0 (Macintosh; Intel Mac OS X 10_12_6) AppleWebKit/537.36 (KHTML, like Gecko) Chrome/61.0.3163.100 Safari/537.36',
  'accept' => 'text/html,application/xhtml+xml,application/xml;q=0.9,image/webp,image/apng,*/*;q=0.8',
  'referer' => 'http://api.sbt.com/admin/orders/index.html?order_type=0&pay_prot_id=0&order_status=0&order_time=&end_time=&keyworld=ren+',
  'accept-encoding' => 'gzip, deflate',
  'accept-language' => 'zh-CN,zh;q=0.8,en;q=0.6',
  'cookie' => 'PHPSESSID=37c0f03de7441d0c1ba91f861c0b677a',
)
[ info ] [ PARAM ] array (
  'order_type' => '0',
  'pay_prot_id' => '0',
  'order_status' => '0',
  'order_time' => '',
  'end_time' => '',
  'keyworld' => '任',
)
[ info ] [ SESSION ] INIT array (
  'id' => '',
  'var_session_id' => '',
  'prefix' => 'think',
  'type' => '',
  'auto_start' => true,
)
[ info ] [ DB ] INIT mysql
[ info ] [ RUN ] app\admin\controller\Orders->index[ /Applications/MAMP/htdocs/start/sbt/application/admin/controller/Orders.php ]
[ info ] [ LOG ] INIT File
[ error ] [10501]SQLSTATE[42S22]: Column not found: 1054 Unknown column 'b.name' in 'where clause'[/Applications/MAMP/htdocs/start/sbt/thinkphp/library/think/db/Connection.php:388]
---------------------------------------------------------------
[ 2017-11-10T15:46:49+08:00 ] ::1 ::1 GET /admin/orders/index.html?order_type=0&pay_prot_id=0&order_status=0&order_time=&end_time=&keyworld=ren+
[ info ] api.sbt.com/admin/orders/index.html?order_type=0&pay_prot_id=0&order_status=0&order_time=&end_time=&keyworld=ren+ [运行时间：0.092195s][吞吐率：10.85req/s] [内存消耗：4,650.30kb] [文件加载：57]
[ info ] [ LANG ] /Applications/MAMP/htdocs/start/sbt/thinkphp/lang/zh-cn.php
[ info ] [ ROUTE ] array (
  'type' => 'module',
  'module' => 
  array (
    0 => 'admin',
    1 => 'orders',
    2 => 'index',
  ),
)
[ info ] [ HEADER ] array (
  'host' => 'api.sbt.com',
  'connection' => 'keep-alive',
  'user-agent' => 'Mozilla/5.0 (Macintosh; Intel Mac OS X 10_12_6) AppleWebKit/537.36 (KHTML, like Gecko) Chrome/61.0.3163.100 Safari/537.36',
  'upgrade-insecure-requests' => '1',
  'accept' => 'text/html,application/xhtml+xml,application/xml;q=0.9,image/webp,image/apng,*/*;q=0.8',
  'referer' => 'http://api.sbt.com/admin/orders/index.html',
  'accept-encoding' => 'gzip, deflate',
  'accept-language' => 'zh-CN,zh;q=0.8,en;q=0.6',
  'cookie' => 'PHPSESSID=37c0f03de7441d0c1ba91f861c0b677a',
)
[ info ] [ PARAM ] array (
  'order_type' => '0',
  'pay_prot_id' => '0',
  'order_status' => '0',
  'order_time' => '',
  'end_time' => '',
  'keyworld' => 'ren ',
)
[ info ] [ SESSION ] INIT array (
  'id' => '',
  'var_session_id' => '',
  'prefix' => 'think',
  'type' => '',
  'auto_start' => true,
)
[ info ] [ DB ] INIT mysql
[ info ] [ RUN ] app\admin\controller\Orders->index[ /Applications/MAMP/htdocs/start/sbt/application/admin/controller/Orders.php ]
[ info ] [ VIEW ] /Applications/MAMP/htdocs/start/sbt/application/admin/view/orders/index.html [ array (
  0 => 'title',
  1 => 'seach',
  2 => 'data',
  3 => 'count',
  4 => 'lists',
  5 => 'pages',
  6 => 'order_id',
  7 => 'status',
  8 => 'orders_status',
) ]
[ info ] [ LOG ] INIT File
---------------------------------------------------------------
[ 2017-11-10T15:48:44+08:00 ] ::1 ::1 GET /admin/orders/index.html?order_type=0&pay_prot_id=0&order_status=0&order_time=&end_time=&keyworld=ren+
[ info ] api.sbt.com/admin/orders/index.html?order_type=0&pay_prot_id=0&order_status=0&order_time=&end_time=&keyworld=ren+ [运行时间：0.163488s][吞吐率：6.12req/s] [内存消耗：4,650.92kb] [文件加载：57]
[ info ] [ LANG ] /Applications/MAMP/htdocs/start/sbt/thinkphp/lang/zh-cn.php
[ info ] [ ROUTE ] array (
  'type' => 'module',
  'module' => 
  array (
    0 => 'admin',
    1 => 'orders',
    2 => 'index',
  ),
)
[ info ] [ HEADER ] array (
  'host' => 'api.sbt.com',
  'connection' => 'keep-alive',
  'upgrade-insecure-requests' => '1',
  'user-agent' => 'Mozilla/5.0 (Macintosh; Intel Mac OS X 10_12_6) AppleWebKit/537.36 (KHTML, like Gecko) Chrome/61.0.3163.100 Safari/537.36',
  'accept' => 'text/html,application/xhtml+xml,application/xml;q=0.9,image/webp,image/apng,*/*;q=0.8',
  'referer' => 'http://api.sbt.com/admin/orders/index.html?order_type=0&pay_prot_id=0&order_status=0&order_time=&end_time=&keyworld=ren+',
  'accept-encoding' => 'gzip, deflate',
  'accept-language' => 'zh-CN,zh;q=0.8,en;q=0.6',
  'cookie' => 'PHPSESSID=37c0f03de7441d0c1ba91f861c0b677a',
)
[ info ] [ PARAM ] array (
  'order_type' => '0',
  'pay_prot_id' => '0',
  'order_status' => '0',
  'order_time' => '',
  'end_time' => '',
  'keyworld' => 'ren ',
)
[ info ] [ SESSION ] INIT array (
  'id' => '',
  'var_session_id' => '',
  'prefix' => 'think',
  'type' => '',
  'auto_start' => true,
)
[ info ] [ DB ] INIT mysql
[ info ] [ RUN ] app\admin\controller\Orders->index[ /Applications/MAMP/htdocs/start/sbt/application/admin/controller/Orders.php ]
[ info ] [ VIEW ] /Applications/MAMP/htdocs/start/sbt/application/admin/view/orders/index.html [ array (
  0 => 'title',
  1 => 'seach',
  2 => 'data',
  3 => 'count',
  4 => 'lists',
  5 => 'pages',
  6 => 'order_id',
  7 => 'status',
  8 => 'orders_status',
) ]
[ info ] [ LOG ] INIT File
---------------------------------------------------------------
[ 2017-11-10T15:48:47+08:00 ] ::1 ::1 GET /admin/orders/index.html
[ info ] api.sbt.com/admin/orders/index.html [运行时间：0.394122s][吞吐率：2.54req/s] [内存消耗：4,931.10kb] [文件加载：60]
[ info ] [ LANG ] /Applications/MAMP/htdocs/start/sbt/thinkphp/lang/zh-cn.php
[ info ] [ ROUTE ] array (
  'type' => 'module',
  'module' => 
  array (
    0 => 'admin',
    1 => 'orders',
    2 => 'index',
  ),
)
[ info ] [ HEADER ] array (
  'host' => 'api.sbt.com',
  'connection' => 'keep-alive',
  'upgrade-insecure-requests' => '1',
  'user-agent' => 'Mozilla/5.0 (Macintosh; Intel Mac OS X 10_12_6) AppleWebKit/537.36 (KHTML, like Gecko) Chrome/61.0.3163.100 Safari/537.36',
  'accept' => 'text/html,application/xhtml+xml,application/xml;q=0.9,image/webp,image/apng,*/*;q=0.8',
  'referer' => 'http://api.sbt.com/admin/orders/index.html?order_type=0&pay_prot_id=0&order_status=0&order_time=&end_time=&keyworld=ren+',
  'accept-encoding' => 'gzip, deflate',
  'accept-language' => 'zh-CN,zh;q=0.8,en;q=0.6',
  'cookie' => 'PHPSESSID=37c0f03de7441d0c1ba91f861c0b677a',
)
[ info ] [ PARAM ] array (
)
[ info ] [ SESSION ] INIT array (
  'id' => '',
  'var_session_id' => '',
  'prefix' => 'think',
  'type' => '',
  'auto_start' => true,
)
[ info ] [ DB ] INIT mysql
[ info ] [ RUN ] app\admin\controller\Orders->index[ /Applications/MAMP/htdocs/start/sbt/application/admin/controller/Orders.php ]
[ info ] [ VIEW ] /Applications/MAMP/htdocs/start/sbt/application/admin/view/orders/index.html [ array (
  0 => 'title',
  1 => 'seach',
  2 => 'data',
  3 => 'count',
  4 => 'lists',
  5 => 'pages',
  6 => 'order_id',
  7 => 'status',
  8 => 'orders_status',
) ]
[ info ] [ LOG ] INIT File
---------------------------------------------------------------
[ 2017-11-10T15:48:50+08:00 ] ::1 ::1 GET /admin/orders/index.html?order_type=0&pay_prot_id=0&order_status=0&order_time=&end_time=&keyworld=%E5%BC%A0
[ info ] api.sbt.com/admin/orders/index.html?order_type=0&pay_prot_id=0&order_status=0&order_time=&end_time=&keyworld=%E5%BC%A0 [运行时间：0.109037s][吞吐率：9.17req/s] [内存消耗：4,886.92kb] [文件加载：64]
[ info ] [ LANG ] /Applications/MAMP/htdocs/start/sbt/thinkphp/lang/zh-cn.php
[ info ] [ ROUTE ] array (
  'type' => 'module',
  'module' => 
  array (
    0 => 'admin',
    1 => 'orders',
    2 => 'index',
  ),
)
[ info ] [ HEADER ] array (
  'host' => 'api.sbt.com',
  'connection' => 'keep-alive',
  'upgrade-insecure-requests' => '1',
  'user-agent' => 'Mozilla/5.0 (Macintosh; Intel Mac OS X 10_12_6) AppleWebKit/537.36 (KHTML, like Gecko) Chrome/61.0.3163.100 Safari/537.36',
  'accept' => 'text/html,application/xhtml+xml,application/xml;q=0.9,image/webp,image/apng,*/*;q=0.8',
  'referer' => 'http://api.sbt.com/admin/orders/index.html',
  'accept-encoding' => 'gzip, deflate',
  'accept-language' => 'zh-CN,zh;q=0.8,en;q=0.6',
  'cookie' => 'PHPSESSID=37c0f03de7441d0c1ba91f861c0b677a',
)
[ info ] [ PARAM ] array (
  'order_type' => '0',
  'pay_prot_id' => '0',
  'order_status' => '0',
  'order_time' => '',
  'end_time' => '',
  'keyworld' => '张',
)
[ info ] [ SESSION ] INIT array (
  'id' => '',
  'var_session_id' => '',
  'prefix' => 'think',
  'type' => '',
  'auto_start' => true,
)
[ info ] [ DB ] INIT mysql
[ info ] [ RUN ] app\admin\controller\Orders->index[ /Applications/MAMP/htdocs/start/sbt/application/admin/controller/Orders.php ]
[ info ] [ LOG ] INIT File
[ error ] [10501]SQLSTATE[42S22]: Column not found: 1054 Unknown column 'b.name' in 'where clause'[/Applications/MAMP/htdocs/start/sbt/thinkphp/library/think/db/Connection.php:388]
---------------------------------------------------------------
[ 2017-11-10T15:49:17+08:00 ] ::1 ::1 GET /admin/orders/index.html?order_type=0&pay_prot_id=0&order_status=0&order_time=&end_time=&keyworld=%E5%BC%A0
[ info ] api.sbt.com/admin/orders/index.html?order_type=0&pay_prot_id=0&order_status=0&order_time=&end_time=&keyworld=%E5%BC%A0 [运行时间：0.113189s][吞吐率：8.83req/s] [内存消耗：4,887.05kb] [文件加载：64]
[ info ] [ LANG ] /Applications/MAMP/htdocs/start/sbt/thinkphp/lang/zh-cn.php
[ info ] [ ROUTE ] array (
  'type' => 'module',
  'module' => 
  array (
    0 => 'admin',
    1 => 'orders',
    2 => 'index',
  ),
)
[ info ] [ HEADER ] array (
  'host' => 'api.sbt.com',
  'connection' => 'keep-alive',
  'cache-control' => 'max-age=0',
  'user-agent' => 'Mozilla/5.0 (Macintosh; Intel Mac OS X 10_12_6) AppleWebKit/537.36 (KHTML, like Gecko) Chrome/61.0.3163.100 Safari/537.36',
  'upgrade-insecure-requests' => '1',
  'accept' => 'text/html,application/xhtml+xml,application/xml;q=0.9,image/webp,image/apng,*/*;q=0.8',
  'referer' => 'http://api.sbt.com/admin/orders/index.html',
  'accept-encoding' => 'gzip, deflate',
  'accept-language' => 'zh-CN,zh;q=0.8,en;q=0.6',
  'cookie' => 'PHPSESSID=37c0f03de7441d0c1ba91f861c0b677a',
)
[ info ] [ PARAM ] array (
  'order_type' => '0',
  'pay_prot_id' => '0',
  'order_status' => '0',
  'order_time' => '',
  'end_time' => '',
  'keyworld' => '张',
)
[ info ] [ SESSION ] INIT array (
  'id' => '',
  'var_session_id' => '',
  'prefix' => 'think',
  'type' => '',
  'auto_start' => true,
)
[ info ] [ DB ] INIT mysql
[ info ] [ RUN ] app\admin\controller\Orders->index[ /Applications/MAMP/htdocs/start/sbt/application/admin/controller/Orders.php ]
[ info ] [ LOG ] INIT File
[ error ] [10501]SQLSTATE[42S22]: Column not found: 1054 Unknown column 'b.name' in 'where clause'[/Applications/MAMP/htdocs/start/sbt/thinkphp/library/think/db/Connection.php:388]
---------------------------------------------------------------
[ 2017-11-10T15:49:32+08:00 ] ::1 ::1 GET /admin/orders/index.html?order_type=0&pay_prot_id=0&order_status=0&order_time=&end_time=&keyworld=%E5%BC%A0
[ info ] api.sbt.com/admin/orders/index.html?order_type=0&pay_prot_id=0&order_status=0&order_time=&end_time=&keyworld=%E5%BC%A0 [运行时间：0.103272s][吞吐率：9.68req/s] [内存消耗：4,887.05kb] [文件加载：64]
[ info ] [ LANG ] /Applications/MAMP/htdocs/start/sbt/thinkphp/lang/zh-cn.php
[ info ] [ ROUTE ] array (
  'type' => 'module',
  'module' => 
  array (
    0 => 'admin',
    1 => 'orders',
    2 => 'index',
  ),
)
[ info ] [ HEADER ] array (
  'host' => 'api.sbt.com',
  'connection' => 'keep-alive',
  'cache-control' => 'max-age=0',
  'user-agent' => 'Mozilla/5.0 (Macintosh; Intel Mac OS X 10_12_6) AppleWebKit/537.36 (KHTML, like Gecko) Chrome/61.0.3163.100 Safari/537.36',
  'upgrade-insecure-requests' => '1',
  'accept' => 'text/html,application/xhtml+xml,application/xml;q=0.9,image/webp,image/apng,*/*;q=0.8',
  'referer' => 'http://api.sbt.com/admin/orders/index.html',
  'accept-encoding' => 'gzip, deflate',
  'accept-language' => 'zh-CN,zh;q=0.8,en;q=0.6',
  'cookie' => 'PHPSESSID=37c0f03de7441d0c1ba91f861c0b677a',
)
[ info ] [ PARAM ] array (
  'order_type' => '0',
  'pay_prot_id' => '0',
  'order_status' => '0',
  'order_time' => '',
  'end_time' => '',
  'keyworld' => '张',
)
[ info ] [ SESSION ] INIT array (
  'id' => '',
  'var_session_id' => '',
  'prefix' => 'think',
  'type' => '',
  'auto_start' => true,
)
[ info ] [ DB ] INIT mysql
[ info ] [ RUN ] app\admin\controller\Orders->index[ /Applications/MAMP/htdocs/start/sbt/application/admin/controller/Orders.php ]
[ info ] [ LOG ] INIT File
[ error ] [10501]SQLSTATE[42S22]: Column not found: 1054 Unknown column 'b.name' in 'where clause'[/Applications/MAMP/htdocs/start/sbt/thinkphp/library/think/db/Connection.php:388]
---------------------------------------------------------------
[ 2017-11-10T15:49:57+08:00 ] ::1 ::1 GET /admin/orders/index.html
[ info ] api.sbt.com/admin/orders/index.html [运行时间：0.313617s][吞吐率：3.19req/s] [内存消耗：4,930.91kb] [文件加载：60]
[ info ] [ LANG ] /Applications/MAMP/htdocs/start/sbt/thinkphp/lang/zh-cn.php
[ info ] [ ROUTE ] array (
  'type' => 'module',
  'module' => 
  array (
    0 => 'admin',
    1 => 'orders',
    2 => 'index',
  ),
)
[ info ] [ HEADER ] array (
  'host' => 'api.sbt.com',
  'connection' => 'keep-alive',
  'user-agent' => 'Mozilla/5.0 (Macintosh; Intel Mac OS X 10_12_6) AppleWebKit/537.36 (KHTML, like Gecko) Chrome/61.0.3163.100 Safari/537.36',
  'upgrade-insecure-requests' => '1',
  'accept' => 'text/html,application/xhtml+xml,application/xml;q=0.9,image/webp,image/apng,*/*;q=0.8',
  'referer' => 'http://api.sbt.com/admin/orders/index.html?order_type=0&pay_prot_id=0&order_status=0&order_time=&end_time=&keyworld=ren+',
  'accept-encoding' => 'gzip, deflate',
  'accept-language' => 'zh-CN,zh;q=0.8,en;q=0.6',
  'cookie' => 'PHPSESSID=37c0f03de7441d0c1ba91f861c0b677a',
)
[ info ] [ PARAM ] array (
)
[ info ] [ SESSION ] INIT array (
  'id' => '',
  'var_session_id' => '',
  'prefix' => 'think',
  'type' => '',
  'auto_start' => true,
)
[ info ] [ DB ] INIT mysql
[ info ] [ RUN ] app\admin\controller\Orders->index[ /Applications/MAMP/htdocs/start/sbt/application/admin/controller/Orders.php ]
[ info ] [ VIEW ] /Applications/MAMP/htdocs/start/sbt/application/admin/view/orders/index.html [ array (
  0 => 'title',
  1 => 'seach',
  2 => 'data',
  3 => 'count',
  4 => 'lists',
  5 => 'pages',
  6 => 'order_id',
  7 => 'status',
  8 => 'orders_status',
) ]
[ info ] [ LOG ] INIT File
---------------------------------------------------------------
[ 2017-11-10T15:49:59+08:00 ] ::1 ::1 GET /admin/merchant/audit.html
[ info ] api.sbt.com/admin/merchant/audit.html [运行时间：0.169616s][吞吐率：5.90req/s] [内存消耗：4,937.14kb] [文件加载：59]
[ info ] [ LANG ] /Applications/MAMP/htdocs/start/sbt/thinkphp/lang/zh-cn.php
[ info ] [ ROUTE ] array (
  'type' => 'module',
  'module' => 
  array (
    0 => 'admin',
    1 => 'merchant',
    2 => 'audit',
  ),
)
[ info ] [ HEADER ] array (
  'host' => 'api.sbt.com',
  'connection' => 'keep-alive',
  'upgrade-insecure-requests' => '1',
  'user-agent' => 'Mozilla/5.0 (Macintosh; Intel Mac OS X 10_12_6) AppleWebKit/537.36 (KHTML, like Gecko) Chrome/61.0.3163.100 Safari/537.36',
  'accept' => 'text/html,application/xhtml+xml,application/xml;q=0.9,image/webp,image/apng,*/*;q=0.8',
  'referer' => 'http://api.sbt.com/admin/orders/index.html',
  'accept-encoding' => 'gzip, deflate',
  'accept-language' => 'zh-CN,zh;q=0.8,en;q=0.6',
  'cookie' => 'PHPSESSID=37c0f03de7441d0c1ba91f861c0b677a',
)
[ info ] [ PARAM ] array (
)
[ info ] [ SESSION ] INIT array (
  'id' => '',
  'var_session_id' => '',
  'prefix' => 'think',
  'type' => '',
  'auto_start' => true,
)
[ info ] [ DB ] INIT mysql
[ info ] [ RUN ] app\admin\controller\Merchant->audit[ /Applications/MAMP/htdocs/start/sbt/application/admin/controller/Merchant.php ]
[ info ] [ VIEW ] /Applications/MAMP/htdocs/start/sbt/application/admin/view/merchant/audit.html [ array (
  0 => 'title',
  1 => 'up_role',
  2 => 'role_data',
  3 => 'upgrade',
  4 => 'lists',
) ]
[ info ] [ LOG ] INIT File
---------------------------------------------------------------
[ 2017-11-10T15:49:59+08:00 ] ::1 ::1 GET /admin/user/index.html
[ info ] api.sbt.com/admin/user/index.html [运行时间：0.109454s][吞吐率：9.14req/s] [内存消耗：4,887.58kb] [文件加载：60]
[ info ] [ LANG ] /Applications/MAMP/htdocs/start/sbt/thinkphp/lang/zh-cn.php
[ info ] [ ROUTE ] array (
  'type' => 'module',
  'module' => 
  array (
    0 => 'admin',
    1 => 'user',
    2 => 'index',
  ),
)
[ info ] [ HEADER ] array (
  'host' => 'api.sbt.com',
  'connection' => 'keep-alive',
  'upgrade-insecure-requests' => '1',
  'user-agent' => 'Mozilla/5.0 (Macintosh; Intel Mac OS X 10_12_6) AppleWebKit/537.36 (KHTML, like Gecko) Chrome/61.0.3163.100 Safari/537.36',
  'accept' => 'text/html,application/xhtml+xml,application/xml;q=0.9,image/webp,image/apng,*/*;q=0.8',
  'referer' => 'http://api.sbt.com/admin/merchant/audit.html',
  'accept-encoding' => 'gzip, deflate',
  'accept-language' => 'zh-CN,zh;q=0.8,en;q=0.6',
  'cookie' => 'PHPSESSID=37c0f03de7441d0c1ba91f861c0b677a',
)
[ info ] [ PARAM ] array (
)
[ info ] [ SESSION ] INIT array (
  'id' => '',
  'var_session_id' => '',
  'prefix' => 'think',
  'type' => '',
  'auto_start' => true,
)
[ info ] [ DB ] INIT mysql
[ info ] [ RUN ] app\admin\controller\User->index[ /Applications/MAMP/htdocs/start/sbt/application/admin/controller/User.php ]
[ info ] [ VIEW ] /Applications/MAMP/htdocs/start/sbt/application/admin/view/user/index.html [ array (
  0 => 'title',
  1 => 'role_id',
  2 => 'role_data',
  3 => 'pages',
  4 => 'user_list',
) ]
[ info ] [ LOG ] INIT File
---------------------------------------------------------------
[ 2017-11-10T15:50:02+08:00 ] ::1 ::1 GET /admin/user/index.html?card_status=-1&role_id=-1&reg_time=&keyworld=%E4%BB%BB
[ info ] api.sbt.com/admin/user/index.html?card_status=-1&role_id=-1&reg_time=&keyworld=%E4%BB%BB [运行时间：0.075576s][吞吐率：13.23req/s] [内存消耗：4,851.19kb] [文件加载：60]
[ info ] [ LANG ] /Applications/MAMP/htdocs/start/sbt/thinkphp/lang/zh-cn.php
[ info ] [ ROUTE ] array (
  'type' => 'module',
  'module' => 
  array (
    0 => 'admin',
    1 => 'user',
    2 => 'index',
  ),
)
[ info ] [ HEADER ] array (
  'host' => 'api.sbt.com',
  'connection' => 'keep-alive',
  'upgrade-insecure-requests' => '1',
  'user-agent' => 'Mozilla/5.0 (Macintosh; Intel Mac OS X 10_12_6) AppleWebKit/537.36 (KHTML, like Gecko) Chrome/61.0.3163.100 Safari/537.36',
  'accept' => 'text/html,application/xhtml+xml,application/xml;q=0.9,image/webp,image/apng,*/*;q=0.8',
  'referer' => 'http://api.sbt.com/admin/user/index.html',
  'accept-encoding' => 'gzip, deflate',
  'accept-language' => 'zh-CN,zh;q=0.8,en;q=0.6',
  'cookie' => 'PHPSESSID=37c0f03de7441d0c1ba91f861c0b677a',
)
[ info ] [ PARAM ] array (
  'card_status' => '-1',
  'role_id' => '-1',
  'reg_time' => '',
  'keyworld' => '任',
)
[ info ] [ SESSION ] INIT array (
  'id' => '',
  'var_session_id' => '',
  'prefix' => 'think',
  'type' => '',
  'auto_start' => true,
)
[ info ] [ DB ] INIT mysql
[ info ] [ RUN ] app\admin\controller\User->index[ /Applications/MAMP/htdocs/start/sbt/application/admin/controller/User.php ]
[ info ] [ VIEW ] /Applications/MAMP/htdocs/start/sbt/application/admin/view/user/index.html [ array (
  0 => 'title',
  1 => 'role_id',
  2 => 'role_data',
  3 => 'pages',
  4 => 'user_list',
) ]
[ info ] [ LOG ] INIT File
---------------------------------------------------------------
[ 2017-11-10T15:50:02+08:00 ] ::1 ::1 GET /public/uploads/picture/20170927/2507d6af87466d3445ca14fca369943e.jpg
[ info ] api.sbt.com/public/uploads/picture/20170927/2507d6af87466d3445ca14fca369943e.jpg [运行时间：0.063628s][吞吐率：15.72req/s] [内存消耗：2,273.53kb] [文件加载：40]
[ info ] [ LANG ] /Applications/MAMP/htdocs/start/sbt/thinkphp/lang/zh-cn.php
[ info ] [ ROUTE ] array (
  'type' => 'module',
  'module' => 
  array (
    0 => 'uploads',
    1 => 'picture',
    2 => '20170927',
  ),
)
[ info ] [ HEADER ] array (
  'host' => 'api.sbt.com',
  'connection' => 'keep-alive',
  'user-agent' => 'Mozilla/5.0 (Macintosh; Intel Mac OS X 10_12_6) AppleWebKit/537.36 (KHTML, like Gecko) Chrome/61.0.3163.100 Safari/537.36',
  'accept' => 'image/webp,image/apng,image/*,*/*;q=0.8',
  'referer' => 'http://api.sbt.com/admin/user/index.html?card_status=-1&role_id=-1&reg_time=&keyworld=%E4%BB%BB',
  'accept-encoding' => 'gzip, deflate',
  'accept-language' => 'zh-CN,zh;q=0.8,en;q=0.6',
  'cookie' => 'PHPSESSID=37c0f03de7441d0c1ba91f861c0b677a',
)
[ info ] [ PARAM ] array (
)
[ info ] [ LOG ] INIT File
---------------------------------------------------------------
[ 2017-11-10T15:50:06+08:00 ] ::1 ::1 GET /admin/orders/index.html
[ info ] api.sbt.com/admin/orders/index.html [运行时间：0.328186s][吞吐率：3.05req/s] [内存消耗：4,930.96kb] [文件加载：60]
[ info ] [ LANG ] /Applications/MAMP/htdocs/start/sbt/thinkphp/lang/zh-cn.php
[ info ] [ ROUTE ] array (
  'type' => 'module',
  'module' => 
  array (
    0 => 'admin',
    1 => 'orders',
    2 => 'index',
  ),
)
[ info ] [ HEADER ] array (
  'host' => 'api.sbt.com',
  'connection' => 'keep-alive',
  'upgrade-insecure-requests' => '1',
  'user-agent' => 'Mozilla/5.0 (Macintosh; Intel Mac OS X 10_12_6) AppleWebKit/537.36 (KHTML, like Gecko) Chrome/61.0.3163.100 Safari/537.36',
  'accept' => 'text/html,application/xhtml+xml,application/xml;q=0.9,image/webp,image/apng,*/*;q=0.8',
  'referer' => 'http://api.sbt.com/admin/user/index.html?card_status=-1&role_id=-1&reg_time=&keyworld=%E4%BB%BB',
  'accept-encoding' => 'gzip, deflate',
  'accept-language' => 'zh-CN,zh;q=0.8,en;q=0.6',
  'cookie' => 'PHPSESSID=37c0f03de7441d0c1ba91f861c0b677a',
)
[ info ] [ PARAM ] array (
)
[ info ] [ SESSION ] INIT array (
  'id' => '',
  'var_session_id' => '',
  'prefix' => 'think',
  'type' => '',
  'auto_start' => true,
)
[ info ] [ DB ] INIT mysql
[ info ] [ RUN ] app\admin\controller\Orders->index[ /Applications/MAMP/htdocs/start/sbt/application/admin/controller/Orders.php ]
[ info ] [ VIEW ] /Applications/MAMP/htdocs/start/sbt/application/admin/view/orders/index.html [ array (
  0 => 'title',
  1 => 'seach',
  2 => 'data',
  3 => 'count',
  4 => 'lists',
  5 => 'pages',
  6 => 'order_id',
  7 => 'status',
  8 => 'orders_status',
) ]
[ info ] [ LOG ] INIT File
---------------------------------------------------------------
[ 2017-11-10T15:50:09+08:00 ] ::1 ::1 GET /admin/orders/index.html?order_type=0&pay_prot_id=0&order_status=0&order_time=&end_time=&keyworld=%E4%BB%BB
[ info ] api.sbt.com/admin/orders/index.html?order_type=0&pay_prot_id=0&order_status=0&order_time=&end_time=&keyworld=%E4%BB%BB [运行时间：0.097826s][吞吐率：10.22req/s] [内存消耗：4,604.73kb] [文件加载：60]
[ info ] [ LANG ] /Applications/MAMP/htdocs/start/sbt/thinkphp/lang/zh-cn.php
[ info ] [ ROUTE ] array (
  'type' => 'module',
  'module' => 
  array (
    0 => 'admin',
    1 => 'orders',
    2 => 'index',
  ),
)
[ info ] [ HEADER ] array (
  'host' => 'api.sbt.com',
  'connection' => 'keep-alive',
  'upgrade-insecure-requests' => '1',
  'user-agent' => 'Mozilla/5.0 (Macintosh; Intel Mac OS X 10_12_6) AppleWebKit/537.36 (KHTML, like Gecko) Chrome/61.0.3163.100 Safari/537.36',
  'accept' => 'text/html,application/xhtml+xml,application/xml;q=0.9,image/webp,image/apng,*/*;q=0.8',
  'referer' => 'http://api.sbt.com/admin/orders/index.html',
  'accept-encoding' => 'gzip, deflate',
  'accept-language' => 'zh-CN,zh;q=0.8,en;q=0.6',
  'cookie' => 'PHPSESSID=37c0f03de7441d0c1ba91f861c0b677a',
)
[ info ] [ PARAM ] array (
  'order_type' => '0',
  'pay_prot_id' => '0',
  'order_status' => '0',
  'order_time' => '',
  'end_time' => '',
  'keyworld' => '任',
)
[ info ] [ SESSION ] INIT array (
  'id' => '',
  'var_session_id' => '',
  'prefix' => 'think',
  'type' => '',
  'auto_start' => true,
)
[ info ] [ DB ] INIT mysql
[ info ] [ RUN ] app\admin\controller\Orders->index[ /Applications/MAMP/htdocs/start/sbt/application/admin/controller/Orders.php ]
[ info ] [ LOG ] INIT File
[ error ] [10501]SQLSTATE[42S22]: Column not found: 1054 Unknown column 'b.name' in 'where clause'[/Applications/MAMP/htdocs/start/sbt/thinkphp/library/think/db/Connection.php:388]
---------------------------------------------------------------
[ 2017-11-10T15:50:10+08:00 ] ::1 ::1 GET /admin/orders/index.html
[ info ] api.sbt.com/admin/orders/index.html [运行时间：0.321217s][吞吐率：3.11req/s] [内存消耗：4,930.81kb] [文件加载：60]
[ info ] [ LANG ] /Applications/MAMP/htdocs/start/sbt/thinkphp/lang/zh-cn.php
[ info ] [ ROUTE ] array (
  'type' => 'module',
  'module' => 
  array (
    0 => 'admin',
    1 => 'orders',
    2 => 'index',
  ),
)
[ info ] [ HEADER ] array (
  'host' => 'api.sbt.com',
  'connection' => 'keep-alive',
  'user-agent' => 'Mozilla/5.0 (Macintosh; Intel Mac OS X 10_12_6) AppleWebKit/537.36 (KHTML, like Gecko) Chrome/61.0.3163.100 Safari/537.36',
  'upgrade-insecure-requests' => '1',
  'accept' => 'text/html,application/xhtml+xml,application/xml;q=0.9,image/webp,image/apng,*/*;q=0.8',
  'referer' => 'http://api.sbt.com/admin/user/index.html?card_status=-1&role_id=-1&reg_time=&keyworld=%E4%BB%BB',
  'accept-encoding' => 'gzip, deflate',
  'accept-language' => 'zh-CN,zh;q=0.8,en;q=0.6',
  'cookie' => 'PHPSESSID=37c0f03de7441d0c1ba91f861c0b677a',
)
[ info ] [ PARAM ] array (
)
[ info ] [ SESSION ] INIT array (
  'id' => '',
  'var_session_id' => '',
  'prefix' => 'think',
  'type' => '',
  'auto_start' => true,
)
[ info ] [ DB ] INIT mysql
[ info ] [ RUN ] app\admin\controller\Orders->index[ /Applications/MAMP/htdocs/start/sbt/application/admin/controller/Orders.php ]
[ info ] [ VIEW ] /Applications/MAMP/htdocs/start/sbt/application/admin/view/orders/index.html [ array (
  0 => 'title',
  1 => 'seach',
  2 => 'data',
  3 => 'count',
  4 => 'lists',
  5 => 'pages',
  6 => 'order_id',
  7 => 'status',
  8 => 'orders_status',
) ]
[ info ] [ LOG ] INIT File
---------------------------------------------------------------
[ 2017-11-10T15:50:30+08:00 ] ::1 ::1 GET /admin/orders/index.html?order_type=0&pay_prot_id=0&order_status=0&order_time=&end_time=&keyworld=%E5%BC%A0
[ info ] api.sbt.com/admin/orders/index.html?order_type=0&pay_prot_id=0&order_status=0&order_time=&end_time=&keyworld=%E5%BC%A0 [运行时间：0.188727s][吞吐率：5.30req/s] [内存消耗：4,886.66kb] [文件加载：64]
[ info ] [ LANG ] /Applications/MAMP/htdocs/start/sbt/thinkphp/lang/zh-cn.php
[ info ] [ ROUTE ] array (
  'type' => 'module',
  'module' => 
  array (
    0 => 'admin',
    1 => 'orders',
    2 => 'index',
  ),
)
[ info ] [ HEADER ] array (
  'host' => 'api.sbt.com',
  'connection' => 'keep-alive',
  'upgrade-insecure-requests' => '1',
  'user-agent' => 'Mozilla/5.0 (Macintosh; Intel Mac OS X 10_12_6) AppleWebKit/537.36 (KHTML, like Gecko) Chrome/61.0.3163.100 Safari/537.36',
  'accept' => 'text/html,application/xhtml+xml,application/xml;q=0.9,image/webp,image/apng,*/*;q=0.8',
  'referer' => 'http://api.sbt.com/admin/orders/index.html',
  'accept-encoding' => 'gzip, deflate',
  'accept-language' => 'zh-CN,zh;q=0.8,en;q=0.6',
  'cookie' => 'PHPSESSID=37c0f03de7441d0c1ba91f861c0b677a',
)
[ info ] [ PARAM ] array (
  'order_type' => '0',
  'pay_prot_id' => '0',
  'order_status' => '0',
  'order_time' => '',
  'end_time' => '',
  'keyworld' => '张',
)
[ info ] [ SESSION ] INIT array (
  'id' => '',
  'var_session_id' => '',
  'prefix' => 'think',
  'type' => '',
  'auto_start' => true,
)
[ info ] [ DB ] INIT mysql
[ info ] [ RUN ] app\admin\controller\Orders->index[ /Applications/MAMP/htdocs/start/sbt/application/admin/controller/Orders.php ]
[ info ] [ LOG ] INIT File
[ error ] [10501]SQLSTATE[42S22]: Column not found: 1054 Unknown column 'b.name' in 'where clause'[/Applications/MAMP/htdocs/start/sbt/thinkphp/library/think/db/Connection.php:388]
---------------------------------------------------------------
[ 2017-11-10T15:51:24+08:00 ] ::1 ::1 GET /admin/orders/index.html?order_type=0&pay_prot_id=0&order_status=0&order_time=&end_time=&keyworld=%E5%BC%A0
[ info ] api.sbt.com/admin/orders/index.html?order_type=0&pay_prot_id=0&order_status=0&order_time=&end_time=&keyworld=%E5%BC%A0 [运行时间：0.224779s][吞吐率：4.45req/s] [内存消耗：4,936.48kb] [文件加载：60]
[ info ] [ LANG ] /Applications/MAMP/htdocs/start/sbt/thinkphp/lang/zh-cn.php
[ info ] [ ROUTE ] array (
  'type' => 'module',
  'module' => 
  array (
    0 => 'admin',
    1 => 'orders',
    2 => 'index',
  ),
)
[ info ] [ HEADER ] array (
  'host' => 'api.sbt.com',
  'connection' => 'keep-alive',
  'cache-control' => 'max-age=0',
  'user-agent' => 'Mozilla/5.0 (Macintosh; Intel Mac OS X 10_12_6) AppleWebKit/537.36 (KHTML, like Gecko) Chrome/61.0.3163.100 Safari/537.36',
  'upgrade-insecure-requests' => '1',
  'accept' => 'text/html,application/xhtml+xml,application/xml;q=0.9,image/webp,image/apng,*/*;q=0.8',
  'referer' => 'http://api.sbt.com/admin/orders/index.html',
  'accept-encoding' => 'gzip, deflate',
  'accept-language' => 'zh-CN,zh;q=0.8,en;q=0.6',
  'cookie' => 'PHPSESSID=37c0f03de7441d0c1ba91f861c0b677a',
)
[ info ] [ PARAM ] array (
  'order_type' => '0',
  'pay_prot_id' => '0',
  'order_status' => '0',
  'order_time' => '',
  'end_time' => '',
  'keyworld' => '张',
)
[ info ] [ SESSION ] INIT array (
  'id' => '',
  'var_session_id' => '',
  'prefix' => 'think',
  'type' => '',
  'auto_start' => true,
)
[ info ] [ DB ] INIT mysql
[ info ] [ RUN ] app\admin\controller\Orders->index[ /Applications/MAMP/htdocs/start/sbt/application/admin/controller/Orders.php ]
[ info ] [ VIEW ] /Applications/MAMP/htdocs/start/sbt/application/admin/view/orders/index.html [ array (
  0 => 'title',
  1 => 'seach',
  2 => 'data',
  3 => 'count',
  4 => 'lists',
  5 => 'pages',
  6 => 'order_id',
  7 => 'status',
  8 => 'orders_status',
) ]
[ info ] [ LOG ] INIT File
---------------------------------------------------------------
[ 2017-11-10T15:55:21+08:00 ] ::1 ::1 GET /admin/user/index.html
[ info ] api.sbt.com/admin/user/index.html [运行时间：0.183520s][吞吐率：5.45req/s] [内存消耗：4,888.04kb] [文件加载：60]
[ info ] [ LANG ] /Applications/MAMP/htdocs/start/sbt/thinkphp/lang/zh-cn.php
[ info ] [ ROUTE ] array (
  'type' => 'module',
  'module' => 
  array (
    0 => 'admin',
    1 => 'user',
    2 => 'index',
  ),
)
[ info ] [ HEADER ] array (
  'host' => 'api.sbt.com',
  'connection' => 'keep-alive',
  'upgrade-insecure-requests' => '1',
  'user-agent' => 'Mozilla/5.0 (Macintosh; Intel Mac OS X 10_12_6) AppleWebKit/537.36 (KHTML, like Gecko) Chrome/61.0.3163.100 Safari/537.36',
  'accept' => 'text/html,application/xhtml+xml,application/xml;q=0.9,image/webp,image/apng,*/*;q=0.8',
  'referer' => 'http://api.sbt.com/admin/orders/index.html?order_type=0&pay_prot_id=0&order_status=0&order_time=&end_time=&keyworld=%E5%BC%A0',
  'accept-encoding' => 'gzip, deflate',
  'accept-language' => 'zh-CN,zh;q=0.8,en;q=0.6',
  'cookie' => 'PHPSESSID=37c0f03de7441d0c1ba91f861c0b677a',
)
[ info ] [ PARAM ] array (
)
[ info ] [ SESSION ] INIT array (
  'id' => '',
  'var_session_id' => '',
  'prefix' => 'think',
  'type' => '',
  'auto_start' => true,
)
[ info ] [ DB ] INIT mysql
[ info ] [ RUN ] app\admin\controller\User->index[ /Applications/MAMP/htdocs/start/sbt/application/admin/controller/User.php ]
[ info ] [ VIEW ] /Applications/MAMP/htdocs/start/sbt/application/admin/view/user/index.html [ array (
  0 => 'title',
  1 => 'role_id',
  2 => 'role_data',
  3 => 'pages',
  4 => 'user_list',
) ]
[ info ] [ LOG ] INIT File
---------------------------------------------------------------
[ 2017-11-10T15:55:23+08:00 ] ::1 ::1 GET /admin/user/edit/user_id/15105017002.html
[ info ] api.sbt.com/admin/user/edit/user_id/15105017002.html [运行时间：0.159598s][吞吐率：6.27req/s] [内存消耗：4,985.20kb] [文件加载：60]
[ info ] [ LANG ] /Applications/MAMP/htdocs/start/sbt/thinkphp/lang/zh-cn.php
[ info ] [ ROUTE ] array (
  'type' => 'module',
  'module' => 
  array (
    0 => 'admin',
    1 => 'user',
    2 => 'edit',
  ),
)
[ info ] [ HEADER ] array (
  'host' => 'api.sbt.com',
  'connection' => 'keep-alive',
  'upgrade-insecure-requests' => '1',
  'user-agent' => 'Mozilla/5.0 (Macintosh; Intel Mac OS X 10_12_6) AppleWebKit/537.36 (KHTML, like Gecko) Chrome/61.0.3163.100 Safari/537.36',
  'accept' => 'text/html,application/xhtml+xml,application/xml;q=0.9,image/webp,image/apng,*/*;q=0.8',
  'referer' => 'http://api.sbt.com/admin/user/index.html',
  'accept-encoding' => 'gzip, deflate',
  'accept-language' => 'zh-CN,zh;q=0.8,en;q=0.6',
  'cookie' => 'PHPSESSID=37c0f03de7441d0c1ba91f861c0b677a',
)
[ info ] [ PARAM ] array (
  'user_id' => '15105017002',
)
[ info ] [ SESSION ] INIT array (
  'id' => '',
  'var_session_id' => '',
  'prefix' => 'think',
  'type' => '',
  'auto_start' => true,
)
[ info ] [ DB ] INIT mysql
[ info ] [ RUN ] app\admin\controller\User->edit[ /Applications/MAMP/htdocs/start/sbt/application/admin/controller/User.php ]
[ info ] [ VIEW ] /Applications/MAMP/htdocs/start/sbt/application/admin/view/user/edit.html [ array (
  0 => 'title',
  1 => 'user',
  2 => 'rate',
) ]
[ info ] [ LOG ] INIT File
---------------------------------------------------------------
[ 2017-11-10T15:55:31+08:00 ] ::1 ::1 GET /admin/user/edit/user_id/15105017002.html
[ info ] api.sbt.com/admin/user/edit/user_id/15105017002.html [运行时间：0.143706s][吞吐率：6.96req/s] [内存消耗：4,742.33kb] [文件加载：58]
[ info ] [ LANG ] /Applications/MAMP/htdocs/start/sbt/thinkphp/lang/zh-cn.php
[ info ] [ ROUTE ] array (
  'type' => 'module',
  'module' => 
  array (
    0 => 'admin',
    1 => 'user',
    2 => 'edit',
  ),
)
[ info ] [ HEADER ] array (
  'host' => 'api.sbt.com',
  'connection' => 'keep-alive',
  'cache-control' => 'max-age=0',
  'user-agent' => 'Mozilla/5.0 (Macintosh; Intel Mac OS X 10_12_6) AppleWebKit/537.36 (KHTML, like Gecko) Chrome/61.0.3163.100 Safari/537.36',
  'upgrade-insecure-requests' => '1',
  'accept' => 'text/html,application/xhtml+xml,application/xml;q=0.9,image/webp,image/apng,*/*;q=0.8',
  'referer' => 'http://api.sbt.com/admin/user/index.html',
  'accept-encoding' => 'gzip, deflate',
  'accept-language' => 'zh-CN,zh;q=0.8,en;q=0.6',
  'cookie' => 'PHPSESSID=37c0f03de7441d0c1ba91f861c0b677a',
)
[ info ] [ PARAM ] array (
  'user_id' => '15105017002',
)
[ info ] [ SESSION ] INIT array (
  'id' => '',
  'var_session_id' => '',
  'prefix' => 'think',
  'type' => '',
  'auto_start' => true,
)
[ info ] [ DB ] INIT mysql
[ info ] [ RUN ] app\admin\controller\User->edit[ /Applications/MAMP/htdocs/start/sbt/application/admin/controller/User.php ]
[ info ] [ VIEW ] /Applications/MAMP/htdocs/start/sbt/application/admin/view/user/edit.html [ array (
  0 => 'title',
  1 => 'user',
  2 => 'rate',
) ]
[ info ] [ LOG ] INIT File
---------------------------------------------------------------
[ 2017-11-10T15:55:37+08:00 ] ::1 ::1 GET /admin/user/index.html
[ info ] api.sbt.com/admin/user/index.html [运行时间：0.111236s][吞吐率：8.99req/s] [内存消耗：4,887.77kb] [文件加载：60]
[ info ] [ LANG ] /Applications/MAMP/htdocs/start/sbt/thinkphp/lang/zh-cn.php
[ info ] [ ROUTE ] array (
  'type' => 'module',
  'module' => 
  array (
    0 => 'admin',
    1 => 'user',
    2 => 'index',
  ),
)
[ info ] [ HEADER ] array (
  'host' => 'api.sbt.com',
  'connection' => 'keep-alive',
  'upgrade-insecure-requests' => '1',
  'user-agent' => 'Mozilla/5.0 (Macintosh; Intel Mac OS X 10_12_6) AppleWebKit/537.36 (KHTML, like Gecko) Chrome/61.0.3163.100 Safari/537.36',
  'accept' => 'text/html,application/xhtml+xml,application/xml;q=0.9,image/webp,image/apng,*/*;q=0.8',
  'referer' => 'http://api.sbt.com/admin/user/edit/user_id/15105017002.html',
  'accept-encoding' => 'gzip, deflate',
  'accept-language' => 'zh-CN,zh;q=0.8,en;q=0.6',
  'cookie' => 'PHPSESSID=37c0f03de7441d0c1ba91f861c0b677a',
)
[ info ] [ PARAM ] array (
)
[ info ] [ SESSION ] INIT array (
  'id' => '',
  'var_session_id' => '',
  'prefix' => 'think',
  'type' => '',
  'auto_start' => true,
)
[ info ] [ DB ] INIT mysql
[ info ] [ RUN ] app\admin\controller\User->index[ /Applications/MAMP/htdocs/start/sbt/application/admin/controller/User.php ]
[ info ] [ VIEW ] /Applications/MAMP/htdocs/start/sbt/application/admin/view/user/index.html [ array (
  0 => 'title',
  1 => 'role_id',
  2 => 'role_data',
  3 => 'pages',
  4 => 'user_list',
) ]
[ info ] [ LOG ] INIT File
---------------------------------------------------------------
[ 2017-11-10T15:55:42+08:00 ] ::1 ::1 GET /admin/user/index.html?card_status=-1&role_id=-1&reg_time=&keyworld=%E5%BC%A0
[ info ] api.sbt.com/admin/user/index.html?card_status=-1&role_id=-1&reg_time=&keyworld=%E5%BC%A0 [运行时间：0.075852s][吞吐率：13.18req/s] [内存消耗：4,889.84kb] [文件加载：60]
[ info ] [ LANG ] /Applications/MAMP/htdocs/start/sbt/thinkphp/lang/zh-cn.php
[ info ] [ ROUTE ] array (
  'type' => 'module',
  'module' => 
  array (
    0 => 'admin',
    1 => 'user',
    2 => 'index',
  ),
)
[ info ] [ HEADER ] array (
  'host' => 'api.sbt.com',
  'connection' => 'keep-alive',
  'upgrade-insecure-requests' => '1',
  'user-agent' => 'Mozilla/5.0 (Macintosh; Intel Mac OS X 10_12_6) AppleWebKit/537.36 (KHTML, like Gecko) Chrome/61.0.3163.100 Safari/537.36',
  'accept' => 'text/html,application/xhtml+xml,application/xml;q=0.9,image/webp,image/apng,*/*;q=0.8',
  'referer' => 'http://api.sbt.com/admin/user/index.html',
  'accept-encoding' => 'gzip, deflate',
  'accept-language' => 'zh-CN,zh;q=0.8,en;q=0.6',
  'cookie' => 'PHPSESSID=37c0f03de7441d0c1ba91f861c0b677a',
)
[ info ] [ PARAM ] array (
  'card_status' => '-1',
  'role_id' => '-1',
  'reg_time' => '',
  'keyworld' => '张',
)
[ info ] [ SESSION ] INIT array (
  'id' => '',
  'var_session_id' => '',
  'prefix' => 'think',
  'type' => '',
  'auto_start' => true,
)
[ info ] [ DB ] INIT mysql
[ info ] [ RUN ] app\admin\controller\User->index[ /Applications/MAMP/htdocs/start/sbt/application/admin/controller/User.php ]
[ info ] [ VIEW ] /Applications/MAMP/htdocs/start/sbt/application/admin/view/user/index.html [ array (
  0 => 'title',
  1 => 'role_id',
  2 => 'role_data',
  3 => 'pages',
  4 => 'user_list',
) ]
[ info ] [ LOG ] INIT File
---------------------------------------------------------------
[ 2017-11-10T15:55:44+08:00 ] ::1 ::1 GET /admin/user/index.html?page=2&card_status=-1&keyworld=%E5%BC%A0&role_id=-1&reg_time=
[ info ] api.sbt.com/admin/user/index.html?page=2&card_status=-1&keyworld=%E5%BC%A0&role_id=-1&reg_time= [运行时间：0.080134s][吞吐率：12.48req/s] [内存消耗：4,891.25kb] [文件加载：60]
[ info ] [ LANG ] /Applications/MAMP/htdocs/start/sbt/thinkphp/lang/zh-cn.php
[ info ] [ ROUTE ] array (
  'type' => 'module',
  'module' => 
  array (
    0 => 'admin',
    1 => 'user',
    2 => 'index',
  ),
)
[ info ] [ HEADER ] array (
  'host' => 'api.sbt.com',
  'connection' => 'keep-alive',
  'upgrade-insecure-requests' => '1',
  'user-agent' => 'Mozilla/5.0 (Macintosh; Intel Mac OS X 10_12_6) AppleWebKit/537.36 (KHTML, like Gecko) Chrome/61.0.3163.100 Safari/537.36',
  'accept' => 'text/html,application/xhtml+xml,application/xml;q=0.9,image/webp,image/apng,*/*;q=0.8',
  'referer' => 'http://api.sbt.com/admin/user/index.html?card_status=-1&role_id=-1&reg_time=&keyworld=%E5%BC%A0',
  'accept-encoding' => 'gzip, deflate',
  'accept-language' => 'zh-CN,zh;q=0.8,en;q=0.6',
  'cookie' => 'PHPSESSID=37c0f03de7441d0c1ba91f861c0b677a',
)
[ info ] [ PARAM ] array (
  'page' => '2',
  'card_status' => '-1',
  'keyworld' => '张',
  'role_id' => '-1',
  'reg_time' => '',
)
[ info ] [ SESSION ] INIT array (
  'id' => '',
  'var_session_id' => '',
  'prefix' => 'think',
  'type' => '',
  'auto_start' => true,
)
[ info ] [ DB ] INIT mysql
[ info ] [ RUN ] app\admin\controller\User->index[ /Applications/MAMP/htdocs/start/sbt/application/admin/controller/User.php ]
[ info ] [ VIEW ] /Applications/MAMP/htdocs/start/sbt/application/admin/view/user/index.html [ array (
  0 => 'title',
  1 => 'role_id',
  2 => 'role_data',
  3 => 'pages',
  4 => 'user_list',
) ]
[ info ] [ LOG ] INIT File
---------------------------------------------------------------
[ 2017-11-10T15:55:45+08:00 ] ::1 ::1 GET /admin/user/index.html?page=3&card_status=-1&keyworld=%E5%BC%A0&role_id=-1&reg_time=
[ info ] api.sbt.com/admin/user/index.html?page=3&card_status=-1&keyworld=%E5%BC%A0&role_id=-1&reg_time= [运行时间：0.079803s][吞吐率：12.53req/s] [内存消耗：4,881.07kb] [文件加载：60]
[ info ] [ LANG ] /Applications/MAMP/htdocs/start/sbt/thinkphp/lang/zh-cn.php
[ info ] [ ROUTE ] array (
  'type' => 'module',
  'module' => 
  array (
    0 => 'admin',
    1 => 'user',
    2 => 'index',
  ),
)
[ info ] [ HEADER ] array (
  'host' => 'api.sbt.com',
  'connection' => 'keep-alive',
  'upgrade-insecure-requests' => '1',
  'user-agent' => 'Mozilla/5.0 (Macintosh; Intel Mac OS X 10_12_6) AppleWebKit/537.36 (KHTML, like Gecko) Chrome/61.0.3163.100 Safari/537.36',
  'accept' => 'text/html,application/xhtml+xml,application/xml;q=0.9,image/webp,image/apng,*/*;q=0.8',
  'referer' => 'http://api.sbt.com/admin/user/index.html?page=2&card_status=-1&keyworld=%E5%BC%A0&role_id=-1&reg_time=',
  'accept-encoding' => 'gzip, deflate',
  'accept-language' => 'zh-CN,zh;q=0.8,en;q=0.6',
  'cookie' => 'PHPSESSID=37c0f03de7441d0c1ba91f861c0b677a',
)
[ info ] [ PARAM ] array (
  'page' => '3',
  'card_status' => '-1',
  'keyworld' => '张',
  'role_id' => '-1',
  'reg_time' => '',
)
[ info ] [ SESSION ] INIT array (
  'id' => '',
  'var_session_id' => '',
  'prefix' => 'think',
  'type' => '',
  'auto_start' => true,
)
[ info ] [ DB ] INIT mysql
[ info ] [ RUN ] app\admin\controller\User->index[ /Applications/MAMP/htdocs/start/sbt/application/admin/controller/User.php ]
[ info ] [ VIEW ] /Applications/MAMP/htdocs/start/sbt/application/admin/view/user/index.html [ array (
  0 => 'title',
  1 => 'role_id',
  2 => 'role_data',
  3 => 'pages',
  4 => 'user_list',
) ]
[ info ] [ LOG ] INIT File
---------------------------------------------------------------
[ 2017-11-10T15:55:47+08:00 ] ::1 ::1 GET /admin/user/edit/user_id/18649738701.html
[ info ] api.sbt.com/admin/user/edit/user_id/18649738701.html [运行时间：0.108743s][吞吐率：9.20req/s] [内存消耗：4,742.57kb] [文件加载：58]
[ info ] [ LANG ] /Applications/MAMP/htdocs/start/sbt/thinkphp/lang/zh-cn.php
[ info ] [ ROUTE ] array (
  'type' => 'module',
  'module' => 
  array (
    0 => 'admin',
    1 => 'user',
    2 => 'edit',
  ),
)
[ info ] [ HEADER ] array (
  'host' => 'api.sbt.com',
  'connection' => 'keep-alive',
  'upgrade-insecure-requests' => '1',
  'user-agent' => 'Mozilla/5.0 (Macintosh; Intel Mac OS X 10_12_6) AppleWebKit/537.36 (KHTML, like Gecko) Chrome/61.0.3163.100 Safari/537.36',
  'accept' => 'text/html,application/xhtml+xml,application/xml;q=0.9,image/webp,image/apng,*/*;q=0.8',
  'referer' => 'http://api.sbt.com/admin/user/index.html?page=3&card_status=-1&keyworld=%E5%BC%A0&role_id=-1&reg_time=',
  'accept-encoding' => 'gzip, deflate',
  'accept-language' => 'zh-CN,zh;q=0.8,en;q=0.6',
  'cookie' => 'PHPSESSID=37c0f03de7441d0c1ba91f861c0b677a',
)
[ info ] [ PARAM ] array (
  'user_id' => '18649738701',
)
[ info ] [ SESSION ] INIT array (
  'id' => '',
  'var_session_id' => '',
  'prefix' => 'think',
  'type' => '',
  'auto_start' => true,
)
[ info ] [ DB ] INIT mysql
[ info ] [ RUN ] app\admin\controller\User->edit[ /Applications/MAMP/htdocs/start/sbt/application/admin/controller/User.php ]
[ info ] [ VIEW ] /Applications/MAMP/htdocs/start/sbt/application/admin/view/user/edit.html [ array (
  0 => 'title',
  1 => 'user',
  2 => 'rate',
) ]
[ info ] [ LOG ] INIT File
---------------------------------------------------------------
[ 2017-11-10T15:56:09+08:00 ] ::1 ::1 GET /admin/user/index.html
[ info ] api.sbt.com/admin/user/index.html [运行时间：0.184631s][吞吐率：5.42req/s] [内存消耗：4,887.77kb] [文件加载：60]
[ info ] [ LANG ] /Applications/MAMP/htdocs/start/sbt/thinkphp/lang/zh-cn.php
[ info ] [ ROUTE ] array (
  'type' => 'module',
  'module' => 
  array (
    0 => 'admin',
    1 => 'user',
    2 => 'index',
  ),
)
[ info ] [ HEADER ] array (
  'host' => 'api.sbt.com',
  'connection' => 'keep-alive',
  'upgrade-insecure-requests' => '1',
  'user-agent' => 'Mozilla/5.0 (Macintosh; Intel Mac OS X 10_12_6) AppleWebKit/537.36 (KHTML, like Gecko) Chrome/61.0.3163.100 Safari/537.36',
  'accept' => 'text/html,application/xhtml+xml,application/xml;q=0.9,image/webp,image/apng,*/*;q=0.8',
  'referer' => 'http://api.sbt.com/admin/user/edit/user_id/18649738701.html',
  'accept-encoding' => 'gzip, deflate',
  'accept-language' => 'zh-CN,zh;q=0.8,en;q=0.6',
  'cookie' => 'PHPSESSID=37c0f03de7441d0c1ba91f861c0b677a',
)
[ info ] [ PARAM ] array (
)
[ info ] [ SESSION ] INIT array (
  'id' => '',
  'var_session_id' => '',
  'prefix' => 'think',
  'type' => '',
  'auto_start' => true,
)
[ info ] [ DB ] INIT mysql
[ info ] [ RUN ] app\admin\controller\User->index[ /Applications/MAMP/htdocs/start/sbt/application/admin/controller/User.php ]
[ info ] [ VIEW ] /Applications/MAMP/htdocs/start/sbt/application/admin/view/user/index.html [ array (
  0 => 'title',
  1 => 'role_id',
  2 => 'role_data',
  3 => 'pages',
  4 => 'user_list',
) ]
[ info ] [ LOG ] INIT File
---------------------------------------------------------------
[ 2017-11-10T15:57:16+08:00 ] ::1 ::1 GET /admin/user/index.html
[ info ] api.sbt.com/admin/user/index.html [运行时间：0.081089s][吞吐率：12.33req/s] [内存消耗：4,887.54kb] [文件加载：60]
[ info ] [ LANG ] /Applications/MAMP/htdocs/start/sbt/thinkphp/lang/zh-cn.php
[ info ] [ ROUTE ] array (
  'type' => 'module',
  'module' => 
  array (
    0 => 'admin',
    1 => 'user',
    2 => 'index',
  ),
)
[ info ] [ HEADER ] array (
  'host' => 'api.sbt.com',
  'connection' => 'keep-alive',
  'upgrade-insecure-requests' => '1',
  'user-agent' => 'Mozilla/5.0 (Macintosh; Intel Mac OS X 10_12_6) AppleWebKit/537.36 (KHTML, like Gecko) Chrome/61.0.3163.100 Safari/537.36',
  'accept' => 'text/html,application/xhtml+xml,application/xml;q=0.9,image/webp,image/apng,*/*;q=0.8',
  'referer' => 'http://api.sbt.com/admin/user/index.html',
  'accept-encoding' => 'gzip, deflate',
  'accept-language' => 'zh-CN,zh;q=0.8,en;q=0.6',
  'cookie' => 'PHPSESSID=37c0f03de7441d0c1ba91f861c0b677a',
)
[ info ] [ PARAM ] array (
)
[ info ] [ SESSION ] INIT array (
  'id' => '',
  'var_session_id' => '',
  'prefix' => 'think',
  'type' => '',
  'auto_start' => true,
)
[ info ] [ DB ] INIT mysql
[ info ] [ RUN ] app\admin\controller\User->index[ /Applications/MAMP/htdocs/start/sbt/application/admin/controller/User.php ]
[ info ] [ VIEW ] /Applications/MAMP/htdocs/start/sbt/application/admin/view/user/index.html [ array (
  0 => 'title',
  1 => 'role_id',
  2 => 'role_data',
  3 => 'pages',
  4 => 'user_list',
) ]
[ info ] [ LOG ] INIT File
---------------------------------------------------------------
[ 2017-11-10T19:20:33+08:00 ] ::1 ::1 POST /index.php/api/orders
[ info ] api.sbt.com/index.php/api/orders [运行时间：0.596413s][吞吐率：1.68req/s] [内存消耗：4,986.34kb] [文件加载：58]
[ info ] [ LANG ] /Applications/MAMP/htdocs/start/sbt/thinkphp/lang/zh-cn.php
[ info ] [ ROUTE ] array (
  'type' => 'module',
  'module' => 
  array (
    0 => 'api',
    1 => 'orders',
    2 => NULL,
  ),
)
[ info ] [ HEADER ] array (
  'host' => 'api.sbt.com',
  'connection' => 'keep-alive',
  'content-length' => '577',
  'user-agent' => 'Mozilla/5.0 (Macintosh; Intel Mac OS X 10_12_6) AppleWebKit/537.36 (KHTML, like Gecko) Chrome/61.0.3163.100 Safari/537.36',
  'cache-control' => 'no-cache',
  'origin' => 'chrome-extension://glllcdkbcifcidcmfgaabegmhcaicmle',
  'postman-token' => '8a208215-8db3-92f5-4add-f5b0fcc668cd',
  'content-type' => 'multipart/form-data; boundary=----WebKitFormBoundaryUfR1X4ZXHEHJZkY3',
  'accept' => '*/*',
  'accept-encoding' => 'gzip, deflate',
  'accept-language' => 'zh-CN,zh;q=0.8,en;q=0.6',
)
[ info ] [ PARAM ] array (
  'phone' => '18649738701',
  'token' => '16e47d8abcd46786af16c14a616d7dc8',
  'card_id' => '6225**********4974',
  'money' => '100',
  'pay_prot_id' => '2',
)
[ info ] [ DB ] INIT mysql
[ info ] [ RUN ] app\api\controller\Orders->index[ /Applications/MAMP/htdocs/start/sbt/application/api/controller/Orders.php ]
[ info ] [ LOG ] INIT File
---------------------------------------------------------------
[ 2017-11-10T19:21:24+08:00 ] ::1 ::1 POST /index.php/api/orders
[ info ] api.sbt.com/index.php/api/orders [运行时间：2.015474s][吞吐率：0.50req/s] [内存消耗：4,993.68kb] [文件加载：59]
[ info ] [ LANG ] /Applications/MAMP/htdocs/start/sbt/thinkphp/lang/zh-cn.php
[ info ] [ ROUTE ] array (
  'type' => 'module',
  'module' => 
  array (
    0 => 'api',
    1 => 'orders',
    2 => NULL,
  ),
)
[ info ] [ HEADER ] array (
  'host' => 'api.sbt.com',
  'connection' => 'keep-alive',
  'content-length' => '577',
  'user-agent' => 'Mozilla/5.0 (Macintosh; Intel Mac OS X 10_12_6) AppleWebKit/537.36 (KHTML, like Gecko) Chrome/61.0.3163.100 Safari/537.36',
  'cache-control' => 'no-cache',
  'origin' => 'chrome-extension://glllcdkbcifcidcmfgaabegmhcaicmle',
  'postman-token' => 'eb3b07ba-869c-5d7d-0718-229efef592c7',
  'content-type' => 'multipart/form-data; boundary=----WebKitFormBoundaryX6jptCcl5Ts9WeAt',
  'accept' => '*/*',
  'accept-encoding' => 'gzip, deflate',
  'accept-language' => 'zh-CN,zh;q=0.8,en;q=0.6',
)
[ info ] [ PARAM ] array (
  'phone' => '18649738701',
  'token' => '16e47d8abcd46786af16c14a616d7dc8',
  'card_id' => '6225**********4974',
  'money' => '100',
  'pay_prot_id' => '1',
)
[ info ] [ DB ] INIT mysql
[ info ] [ RUN ] app\api\controller\Orders->index[ /Applications/MAMP/htdocs/start/sbt/application/api/controller/Orders.php ]
[ info ] [ LOG ] INIT File
---------------------------------------------------------------
[ 2017-11-10T19:21:26+08:00 ] ::1 ::1 POST /index.php/api/orders
[ info ] api.sbt.com/index.php/api/orders [运行时间：0.346302s][吞吐率：2.89req/s] [内存消耗：4,986.25kb] [文件加载：58]
[ info ] [ LANG ] /Applications/MAMP/htdocs/start/sbt/thinkphp/lang/zh-cn.php
[ info ] [ ROUTE ] array (
  'type' => 'module',
  'module' => 
  array (
    0 => 'api',
    1 => 'orders',
    2 => NULL,
  ),
)
[ info ] [ HEADER ] array (
  'host' => 'api.sbt.com',
  'connection' => 'keep-alive',
  'content-length' => '577',
  'user-agent' => 'Mozilla/5.0 (Macintosh; Intel Mac OS X 10_12_6) AppleWebKit/537.36 (KHTML, like Gecko) Chrome/61.0.3163.100 Safari/537.36',
  'cache-control' => 'no-cache',
  'origin' => 'chrome-extension://glllcdkbcifcidcmfgaabegmhcaicmle',
  'postman-token' => '0dd74942-7662-52b0-0c48-adee87462668',
  'content-type' => 'multipart/form-data; boundary=----WebKitFormBoundarywlMfXwZSUlV5tqPx',
  'accept' => '*/*',
  'accept-encoding' => 'gzip, deflate',
  'accept-language' => 'zh-CN,zh;q=0.8,en;q=0.6',
)
[ info ] [ PARAM ] array (
  'phone' => '18649738701',
  'token' => '16e47d8abcd46786af16c14a616d7dc8',
  'card_id' => '6225**********4974',
  'money' => '100',
  'pay_prot_id' => '2',
)
[ info ] [ DB ] INIT mysql
[ info ] [ RUN ] app\api\controller\Orders->index[ /Applications/MAMP/htdocs/start/sbt/application/api/controller/Orders.php ]
[ info ] [ LOG ] INIT File
---------------------------------------------------------------
[ 2017-11-10T19:22:18+08:00 ] ::1 ::1 POST /index.php/api/orders
[ info ] api.sbt.com/index.php/api/orders [运行时间：5.525519s][吞吐率：0.18req/s] [内存消耗：4,986.15kb] [文件加载：58]
[ info ] [ LANG ] /Applications/MAMP/htdocs/start/sbt/thinkphp/lang/zh-cn.php
[ info ] [ ROUTE ] array (
  'type' => 'module',
  'module' => 
  array (
    0 => 'api',
    1 => 'orders',
    2 => NULL,
  ),
)
[ info ] [ HEADER ] array (
  'host' => 'api.sbt.com',
  'connection' => 'keep-alive',
  'content-length' => '577',
  'user-agent' => 'Mozilla/5.0 (Macintosh; Intel Mac OS X 10_12_6) AppleWebKit/537.36 (KHTML, like Gecko) Chrome/61.0.3163.100 Safari/537.36',
  'cache-control' => 'no-cache',
  'origin' => 'chrome-extension://glllcdkbcifcidcmfgaabegmhcaicmle',
  'postman-token' => '013f31d6-afa6-5827-e57d-60962561e0e4',
  'content-type' => 'multipart/form-data; boundary=----WebKitFormBoundaryEcD2XI5wktWivCLI',
  'accept' => '*/*',
  'accept-encoding' => 'gzip, deflate',
  'accept-language' => 'zh-CN,zh;q=0.8,en;q=0.6',
)
[ info ] [ PARAM ] array (
  'phone' => '18649738701',
  'token' => '16e47d8abcd46786af16c14a616d7dc8',
  'card_id' => '6225**********4974',
  'money' => '100',
  'pay_prot_id' => '2',
)
[ info ] [ DB ] INIT mysql
[ info ] [ RUN ] app\api\controller\Orders->index[ /Applications/MAMP/htdocs/start/sbt/application/api/controller/Orders.php ]
[ info ] [ LOG ] INIT File
---------------------------------------------------------------
[ 2017-11-10T19:25:29+08:00 ] ::1 ::1 POST /index.php/api/orders
[ info ] api.sbt.com/index.php/api/orders [运行时间：1.116385s][吞吐率：0.90req/s] [内存消耗：4,986.15kb] [文件加载：58]
[ info ] [ LANG ] /Applications/MAMP/htdocs/start/sbt/thinkphp/lang/zh-cn.php
[ info ] [ ROUTE ] array (
  'type' => 'module',
  'module' => 
  array (
    0 => 'api',
    1 => 'orders',
    2 => NULL,
  ),
)
[ info ] [ HEADER ] array (
  'host' => 'api.sbt.com',
  'connection' => 'keep-alive',
  'content-length' => '577',
  'user-agent' => 'Mozilla/5.0 (Macintosh; Intel Mac OS X 10_12_6) AppleWebKit/537.36 (KHTML, like Gecko) Chrome/61.0.3163.100 Safari/537.36',
  'cache-control' => 'no-cache',
  'origin' => 'chrome-extension://glllcdkbcifcidcmfgaabegmhcaicmle',
  'postman-token' => '34ad2ff7-b669-3345-76ba-0161c6805fa2',
  'content-type' => 'multipart/form-data; boundary=----WebKitFormBoundaryA31Tyq3FvZW8DGTG',
  'accept' => '*/*',
  'accept-encoding' => 'gzip, deflate',
  'accept-language' => 'zh-CN,zh;q=0.8,en;q=0.6',
)
[ info ] [ PARAM ] array (
  'phone' => '18649738701',
  'token' => '16e47d8abcd46786af16c14a616d7dc8',
  'card_id' => '6225**********4974',
  'money' => '100',
  'pay_prot_id' => '2',
)
[ info ] [ DB ] INIT mysql
[ info ] [ RUN ] app\api\controller\Orders->index[ /Applications/MAMP/htdocs/start/sbt/application/api/controller/Orders.php ]
[ info ] [ LOG ] INIT File
---------------------------------------------------------------
[ 2017-11-10T19:50:26+08:00 ] ::1 ::1 POST /index.php/api/orders
[ info ] api.sbt.com/index.php/api/orders [运行时间：0.462670s][吞吐率：2.16req/s] [内存消耗：4,986.15kb] [文件加载：58]
[ info ] [ LANG ] /Applications/MAMP/htdocs/start/sbt/thinkphp/lang/zh-cn.php
[ info ] [ ROUTE ] array (
  'type' => 'module',
  'module' => 
  array (
    0 => 'api',
    1 => 'orders',
    2 => NULL,
  ),
)
[ info ] [ HEADER ] array (
  'host' => 'api.sbt.com',
  'connection' => 'keep-alive',
  'content-length' => '577',
  'user-agent' => 'Mozilla/5.0 (Macintosh; Intel Mac OS X 10_12_6) AppleWebKit/537.36 (KHTML, like Gecko) Chrome/61.0.3163.100 Safari/537.36',
  'cache-control' => 'no-cache',
  'origin' => 'chrome-extension://glllcdkbcifcidcmfgaabegmhcaicmle',
  'postman-token' => 'bf28695b-5aea-52fa-cc44-584b18df1c21',
  'content-type' => 'multipart/form-data; boundary=----WebKitFormBoundary4R3TshmGqO9A9rs1',
  'accept' => '*/*',
  'accept-encoding' => 'gzip, deflate',
  'accept-language' => 'zh-CN,zh;q=0.8,en;q=0.6',
)
[ info ] [ PARAM ] array (
  'phone' => '18649738701',
  'token' => '16e47d8abcd46786af16c14a616d7dc8',
  'card_id' => '6225**********4974',
  'money' => '100',
  'pay_prot_id' => '2',
)
[ info ] [ DB ] INIT mysql
[ info ] [ RUN ] app\api\controller\Orders->index[ /Applications/MAMP/htdocs/start/sbt/application/api/controller/Orders.php ]
[ info ] [ LOG ] INIT File
---------------------------------------------------------------
[ 2017-11-10T19:56:00+08:00 ] ::1 ::1 POST /index.php/api/orders
[ info ] api.sbt.com/index.php/api/orders [运行时间：0.612327s][吞吐率：1.63req/s] [内存消耗：4,986.44kb] [文件加载：58]
[ info ] [ LANG ] /Applications/MAMP/htdocs/start/sbt/thinkphp/lang/zh-cn.php
[ info ] [ ROUTE ] array (
  'type' => 'module',
  'module' => 
  array (
    0 => 'api',
    1 => 'orders',
    2 => NULL,
  ),
)
[ info ] [ HEADER ] array (
  'host' => 'api.sbt.com',
  'connection' => 'keep-alive',
  'content-length' => '577',
  'user-agent' => 'Mozilla/5.0 (Macintosh; Intel Mac OS X 10_12_6) AppleWebKit/537.36 (KHTML, like Gecko) Chrome/61.0.3163.100 Safari/537.36',
  'cache-control' => 'no-cache',
  'origin' => 'chrome-extension://glllcdkbcifcidcmfgaabegmhcaicmle',
  'postman-token' => 'ca7194c0-489d-bcb7-bb7d-751d79cbb061',
  'content-type' => 'multipart/form-data; boundary=----WebKitFormBoundarycUyjZ375yau9OiFO',
  'accept' => '*/*',
  'accept-encoding' => 'gzip, deflate',
  'accept-language' => 'zh-CN,zh;q=0.8,en;q=0.6',
)
[ info ] [ PARAM ] array (
  'phone' => '18649738701',
  'token' => '16e47d8abcd46786af16c14a616d7dc8',
  'card_id' => '6225**********4974',
  'money' => '100',
  'pay_prot_id' => '2',
)
[ info ] [ DB ] INIT mysql
[ info ] [ RUN ] app\api\controller\Orders->index[ /Applications/MAMP/htdocs/start/sbt/application/api/controller/Orders.php ]
[ info ] [ LOG ] INIT File
---------------------------------------------------------------
[ 2017-11-10T20:17:50+08:00 ] ::1 ::1 POST /index.php/api/orders
[ info ] api.sbt.com/index.php/api/orders [运行时间：0.499715s][吞吐率：2.00req/s] [内存消耗：4,986.44kb] [文件加载：58]
[ info ] [ LANG ] /Applications/MAMP/htdocs/start/sbt/thinkphp/lang/zh-cn.php
[ info ] [ ROUTE ] array (
  'type' => 'module',
  'module' => 
  array (
    0 => 'api',
    1 => 'orders',
    2 => NULL,
  ),
)
[ info ] [ HEADER ] array (
  'host' => 'api.sbt.com',
  'connection' => 'keep-alive',
  'content-length' => '577',
  'user-agent' => 'Mozilla/5.0 (Macintosh; Intel Mac OS X 10_12_6) AppleWebKit/537.36 (KHTML, like Gecko) Chrome/61.0.3163.100 Safari/537.36',
  'cache-control' => 'no-cache',
  'origin' => 'chrome-extension://glllcdkbcifcidcmfgaabegmhcaicmle',
  'postman-token' => 'fb35359e-cf62-902b-fc33-bb41f6c7738d',
  'content-type' => 'multipart/form-data; boundary=----WebKitFormBoundaryWlyls039xuDfl2BE',
  'accept' => '*/*',
  'accept-encoding' => 'gzip, deflate',
  'accept-language' => 'zh-CN,zh;q=0.8,en;q=0.6',
)
[ info ] [ PARAM ] array (
  'phone' => '18649738701',
  'token' => '16e47d8abcd46786af16c14a616d7dc8',
  'card_id' => '6225**********4974',
  'money' => '100',
  'pay_prot_id' => '2',
)
[ info ] [ DB ] INIT mysql
[ info ] [ RUN ] app\api\controller\Orders->index[ /Applications/MAMP/htdocs/start/sbt/application/api/controller/Orders.php ]
[ info ] [ LOG ] INIT File
---------------------------------------------------------------
[ 2017-11-10T21:10:54+08:00 ] ::1 ::1 POST /index.php/api/orders
[ info ] api.sbt.com/index.php/api/orders [运行时间：3.603495s][吞吐率：0.28req/s] [内存消耗：5,049.45kb] [文件加载：59]
[ info ] [ LANG ] /Applications/MAMP/htdocs/start/sbt/thinkphp/lang/zh-cn.php
[ info ] [ ROUTE ] array (
  'type' => 'module',
  'module' => 
  array (
    0 => 'api',
    1 => 'orders',
    2 => NULL,
  ),
)
[ info ] [ HEADER ] array (
  'host' => 'api.sbt.com',
  'connection' => 'keep-alive',
  'content-length' => '577',
  'user-agent' => 'Mozilla/5.0 (Macintosh; Intel Mac OS X 10_12_6) AppleWebKit/537.36 (KHTML, like Gecko) Chrome/61.0.3163.100 Safari/537.36',
  'cache-control' => 'no-cache',
  'origin' => 'chrome-extension://glllcdkbcifcidcmfgaabegmhcaicmle',
  'postman-token' => '0757bee2-dba1-4c34-d6f4-83373039d6fc',
  'content-type' => 'multipart/form-data; boundary=----WebKitFormBoundaryrqKxpqu5ZV1jisNp',
  'accept' => '*/*',
  'accept-encoding' => 'gzip, deflate',
  'accept-language' => 'zh-CN,zh;q=0.8,en;q=0.6',
)
[ info ] [ PARAM ] array (
  'phone' => '18649738701',
  'token' => '16e47d8abcd46786af16c14a616d7dc8',
  'card_id' => '6225**********4974',
  'money' => '100',
  'pay_prot_id' => '2',
)
[ info ] [ DB ] INIT mysql
[ info ] [ RUN ] app\api\controller\Orders->index[ /Applications/MAMP/htdocs/start/sbt/application/api/controller/Orders.php ]
[ info ] [ LOG ] INIT File
