---------------------------------------------------------------
[ 2017-11-12T17:05:14+08:00 ] ::1 ::1 GET /admin/user/index.html
[ info ] api.sbt.com/admin/user/index.html [运行时间：1.054286s][吞吐率：0.95req/s] [内存消耗：4,887.60kb] [文件加载：60]
[ info ] [ LANG ] /Applications/MAMP/htdocs/start/sbt/thinkphp/lang/zh-cn.php
[ info ] [ ROUTE ] array (
  'type' => 'module',
  'module' => 
  array (
    0 => 'admin',
    1 => 'user',
    2 => 'index',
  ),
)
[ info ] [ HEADER ] array (
  'host' => 'api.sbt.com',
  'connection' => 'keep-alive',
  'cache-control' => 'max-age=0',
  'user-agent' => 'Mozilla/5.0 (Macintosh; Intel Mac OS X 10_13_1) AppleWebKit/537.36 (KHTML, like Gecko) Chrome/62.0.3202.89 Safari/537.36',
  'upgrade-insecure-requests' => '1',
  'accept' => 'text/html,application/xhtml+xml,application/xml;q=0.9,image/webp,image/apng,*/*;q=0.8',
  'accept-encoding' => 'gzip, deflate',
  'accept-language' => 'zh-CN,zh;q=0.9,en;q=0.8',
  'cookie' => 'PHPSESSID=37c0f03de7441d0c1ba91f861c0b677a',
)
[ info ] [ PARAM ] array (
)
[ info ] [ SESSION ] INIT array (
  'id' => '',
  'var_session_id' => '',
  'prefix' => 'think',
  'type' => '',
  'auto_start' => true,
)
[ info ] [ DB ] INIT mysql
[ info ] [ RUN ] app\admin\controller\User->index[ /Applications/MAMP/htdocs/start/sbt/application/admin/controller/User.php ]
[ info ] [ VIEW ] /Applications/MAMP/htdocs/start/sbt/application/admin/view/user/index.html [ array (
  0 => 'title',
  1 => 'role_id',
  2 => 'role_data',
  3 => 'pages',
  4 => 'user_list',
) ]
[ info ] [ LOG ] INIT File
---------------------------------------------------------------
[ 2017-11-12T17:05:24+08:00 ] ::1 ::1 GET /favicon.ico
[ info ] api.sbt.com/favicon.ico [运行时间：0.546572s][吞吐率：1.83req/s] [内存消耗：2,278.13kb] [文件加载：40]
[ info ] [ LANG ] /Applications/MAMP/htdocs/start/sbt/thinkphp/lang/zh-cn.php
[ info ] [ ROUTE ] array (
  'type' => 'module',
  'module' => 
  array (
    0 => 'favicon.ico',
    1 => NULL,
    2 => NULL,
  ),
)
[ info ] [ HEADER ] array (
  'host' => 'api.sbt.com',
  'connection' => 'keep-alive',
  'pragma' => 'no-cache',
  'cache-control' => 'no-cache',
  'user-agent' => 'Mozilla/5.0 (Macintosh; Intel Mac OS X 10_13_1) AppleWebKit/537.36 (KHTML, like Gecko) Chrome/62.0.3202.89 Safari/537.36',
  'accept' => 'image/webp,image/apng,image/*,*/*;q=0.8',
  'referer' => 'http://api.sbt.com/admin/user/index.html',
  'accept-encoding' => 'gzip, deflate',
  'accept-language' => 'zh-CN,zh;q=0.9,en;q=0.8',
  'cookie' => 'PHPSESSID=37c0f03de7441d0c1ba91f861c0b677a',
)
[ info ] [ PARAM ] array (
)
[ info ] [ LOG ] INIT File
---------------------------------------------------------------
[ 2017-11-12T17:06:13+08:00 ] ::1 ::1 GET /index2/brokerage/index.html?order_time=&end_time=&keyworld=11231
[ info ] api.sbt.com/index2/brokerage/index.html?order_time=&end_time=&keyworld=11231 [运行时间：0.519785s][吞吐率：1.92req/s] [内存消耗：4,545.16kb] [文件加载：57]
[ info ] [ LANG ] /Applications/MAMP/htdocs/start/sbt/thinkphp/lang/zh-cn.php
[ info ] [ ROUTE ] array (
  'type' => 'module',
  'module' => 
  array (
    0 => 'index2',
    1 => 'brokerage',
    2 => 'index',
  ),
)
[ info ] [ HEADER ] array (
  'host' => 'api.sbt.com',
  'user-agent' => 'Mozilla/5.0 (Macintosh; Intel Mac OS X 10_13_1) AppleWebKit/537.36 (KHTML, like Gecko) Chrome/62.0.3202.89 Safari/537.36',
  'accept' => 'text/html,application/xhtml+xml,application/xml;q=0.9,image/webp,image/apng,*/*;q=0.8',
  'accept-encoding' => 'gzip, deflate',
  'accept-language' => 'zh-CN,zh;q=0.9,en;q=0.8',
  'cookie' => 'PHPSESSID=37c0f03de7441d0c1ba91f861c0b677a',
  'referer' => 'http://api.sbt.com/index2/brokerage/index.html',
  'upgrade-insecure-requests' => '1',
)
[ info ] [ PARAM ] array (
  'order_time' => '',
  'end_time' => '',
  'keyworld' => '11231',
)
[ info ] [ SESSION ] INIT array (
  'id' => '',
  'var_session_id' => '',
  'prefix' => 'think',
  'type' => '',
  'auto_start' => true,
)
[ info ] [ DB ] INIT mysql
[ info ] [ RUN ] app\index2\controller\Brokerage->index[ /Applications/MAMP/htdocs/start/sbt/application/index2/controller/Brokerage.php ]
[ info ] [ VIEW ] /Applications/MAMP/htdocs/start/sbt/application/index2/view/brokerage/index.html [ array (
  0 => 'lists',
  1 => 'pages',
  2 => 'order_id',
) ]
[ info ] [ LOG ] INIT File
---------------------------------------------------------------
[ 2017-11-12T17:07:15+08:00 ] ::1 ::1 GET /admin/level/index.html
[ info ] api.sbt.com/admin/level/index.html [运行时间：0.544826s][吞吐率：1.84req/s] [内存消耗：5,058.25kb] [文件加载：62]
[ info ] [ LANG ] /Applications/MAMP/htdocs/start/sbt/thinkphp/lang/zh-cn.php
[ info ] [ ROUTE ] array (
  'type' => 'module',
  'module' => 
  array (
    0 => 'admin',
    1 => 'level',
    2 => 'index',
  ),
)
[ info ] [ HEADER ] array (
  'host' => 'api.sbt.com',
  'connection' => 'keep-alive',
  'upgrade-insecure-requests' => '1',
  'user-agent' => 'Mozilla/5.0 (Macintosh; Intel Mac OS X 10_13_1) AppleWebKit/537.36 (KHTML, like Gecko) Chrome/62.0.3202.89 Safari/537.36',
  'accept' => 'text/html,application/xhtml+xml,application/xml;q=0.9,image/webp,image/apng,*/*;q=0.8',
  'referer' => 'http://api.sbt.com/admin/user/index.html',
  'accept-encoding' => 'gzip, deflate',
  'accept-language' => 'zh-CN,zh;q=0.9,en;q=0.8',
  'cookie' => 'PHPSESSID=37c0f03de7441d0c1ba91f861c0b677a',
)
[ info ] [ PARAM ] array (
)
[ info ] [ SESSION ] INIT array (
  'id' => '',
  'var_session_id' => '',
  'prefix' => 'think',
  'type' => '',
  'auto_start' => true,
)
[ info ] [ DB ] INIT mysql
[ info ] [ RUN ] app\admin\controller\Level->index[ /Applications/MAMP/htdocs/start/sbt/application/admin/controller/Level.php ]
[ info ] [ VIEW ] /Applications/MAMP/htdocs/start/sbt/application/admin/view/level/lists.html [ array (
  0 => 'title',
  1 => 'lists',
  2 => 'pages',
  3 => 'sye_rate',
) ]
[ info ] [ LOG ] INIT File
---------------------------------------------------------------
[ 2017-11-12T17:07:18+08:00 ] ::1 ::1 GET /admin/level/edit.html?role_id=2
[ info ] api.sbt.com/admin/level/edit.html?role_id=2 [运行时间：0.480261s][吞吐率：2.08req/s] [内存消耗：4,979.33kb] [文件加载：61]
[ info ] [ LANG ] /Applications/MAMP/htdocs/start/sbt/thinkphp/lang/zh-cn.php
[ info ] [ ROUTE ] array (
  'type' => 'module',
  'module' => 
  array (
    0 => 'admin',
    1 => 'level',
    2 => 'edit',
  ),
)
[ info ] [ HEADER ] array (
  'host' => 'api.sbt.com',
  'connection' => 'keep-alive',
  'upgrade-insecure-requests' => '1',
  'user-agent' => 'Mozilla/5.0 (Macintosh; Intel Mac OS X 10_13_1) AppleWebKit/537.36 (KHTML, like Gecko) Chrome/62.0.3202.89 Safari/537.36',
  'accept' => 'text/html,application/xhtml+xml,application/xml;q=0.9,image/webp,image/apng,*/*;q=0.8',
  'referer' => 'http://api.sbt.com/admin/level/index.html',
  'accept-encoding' => 'gzip, deflate',
  'accept-language' => 'zh-CN,zh;q=0.9,en;q=0.8',
  'cookie' => 'PHPSESSID=37c0f03de7441d0c1ba91f861c0b677a',
)
[ info ] [ PARAM ] array (
  'role_id' => '2',
)
[ info ] [ SESSION ] INIT array (
  'id' => '',
  'var_session_id' => '',
  'prefix' => 'think',
  'type' => '',
  'auto_start' => true,
)
[ info ] [ DB ] INIT mysql
[ info ] [ RUN ] app\admin\controller\Level->edit[ /Applications/MAMP/htdocs/start/sbt/application/admin/controller/Level.php ]
[ info ] [ VIEW ] /Applications/MAMP/htdocs/start/sbt/application/admin/view/level/edit.html [ array (
  0 => 'title',
  1 => 'rate',
  2 => 'data',
) ]
[ info ] [ LOG ] INIT File
---------------------------------------------------------------
[ 2017-11-12T17:10:53+08:00 ] ::1 ::1 POST /admin/level/edit.html
[ info ] api.sbt.com/admin/level/edit.html [运行时间：0.938587s][吞吐率：1.07req/s] [内存消耗：4,636.36kb] [文件加载：58]
[ info ] [ LANG ] /Applications/MAMP/htdocs/start/sbt/thinkphp/lang/zh-cn.php
[ info ] [ ROUTE ] array (
  'type' => 'module',
  'module' => 
  array (
    0 => 'admin',
    1 => 'level',
    2 => 'edit',
  ),
)
[ info ] [ HEADER ] array (
  'host' => 'api.sbt.com',
  'connection' => 'keep-alive',
  'content-length' => '259',
  'accept' => '*/*',
  'origin' => 'http://api.sbt.com',
  'x-requested-with' => 'XMLHttpRequest',
  'user-agent' => 'Mozilla/5.0 (Macintosh; Intel Mac OS X 10_13_1) AppleWebKit/537.36 (KHTML, like Gecko) Chrome/62.0.3202.89 Safari/537.36',
  'content-type' => 'application/x-www-form-urlencoded; charset=UTF-8',
  'referer' => 'http://api.sbt.com/admin/level/edit.html?role_id=2',
  'accept-encoding' => 'gzip, deflate',
  'accept-language' => 'zh-CN,zh;q=0.9,en;q=0.8',
  'cookie' => 'PHPSESSID=37c0f03de7441d0c1ba91f861c0b677a',
)
[ info ] [ PARAM ] array (
  'role_name' => '主管',
  'pay_id' => 
  array (
    0 => '1',
    1 => '2',
    2 => '3',
  ),
  'settle_rate' => 
  array (
    0 => '0.5',
    1 => '0.5',
    2 => '0.5',
  ),
  'extra_rate' => 
  array (
    0 => '2',
    1 => '2',
    2 => '2',
  ),
  'upgrade_type' => '3',
  'integral' => '1',
  'referrer_count' => '10',
  'period' => '0',
  'role_id' => '2',
)
[ info ] [ SESSION ] INIT array (
  'id' => '',
  'var_session_id' => '',
  'prefix' => 'think',
  'type' => '',
  'auto_start' => true,
)
[ info ] [ DB ] INIT mysql
[ info ] [ RUN ] app\admin\controller\Level->edit[ /Applications/MAMP/htdocs/start/sbt/application/admin/controller/Level.php ]
[ info ] [ LOG ] INIT File
[ error ] [0]variable type error：array[/Applications/MAMP/htdocs/start/sbt/thinkphp/library/think/Request.php:1128]
---------------------------------------------------------------
[ 2017-11-12T17:20:05+08:00 ] ::1 ::1 POST /admin/level/edit.html
[ info ] api.sbt.com/admin/level/edit.html [运行时间：0.858563s][吞吐率：1.16req/s] [内存消耗：4,648.94kb] [文件加载：59]
[ info ] [ LANG ] /Applications/MAMP/htdocs/start/sbt/thinkphp/lang/zh-cn.php
[ info ] [ ROUTE ] array (
  'type' => 'module',
  'module' => 
  array (
    0 => 'admin',
    1 => 'level',
    2 => 'edit',
  ),
)
[ info ] [ HEADER ] array (
  'host' => 'api.sbt.com',
  'connection' => 'keep-alive',
  'content-length' => '259',
  'accept' => '*/*',
  'origin' => 'http://api.sbt.com',
  'x-requested-with' => 'XMLHttpRequest',
  'user-agent' => 'Mozilla/5.0 (Macintosh; Intel Mac OS X 10_13_1) AppleWebKit/537.36 (KHTML, like Gecko) Chrome/62.0.3202.89 Safari/537.36',
  'content-type' => 'application/x-www-form-urlencoded; charset=UTF-8',
  'referer' => 'http://api.sbt.com/admin/level/edit.html?role_id=2',
  'accept-encoding' => 'gzip, deflate',
  'accept-language' => 'zh-CN,zh;q=0.9,en;q=0.8',
  'cookie' => 'PHPSESSID=37c0f03de7441d0c1ba91f861c0b677a',
)
[ info ] [ PARAM ] array (
  'role_name' => '主管',
  'pay_id' => 
  array (
    0 => '1',
    1 => '2',
    2 => '3',
  ),
  'settle_rate' => 
  array (
    0 => '0.5',
    1 => '0.5',
    2 => '0.5',
  ),
  'extra_rate' => 
  array (
    0 => '2',
    1 => '2',
    2 => '2',
  ),
  'upgrade_type' => '3',
  'integral' => '1',
  'referrer_count' => '10',
  'period' => '0',
  'role_id' => '2',
)
[ info ] [ SESSION ] INIT array (
  'id' => '',
  'var_session_id' => '',
  'prefix' => 'think',
  'type' => '',
  'auto_start' => true,
)
[ info ] [ DB ] INIT mysql
[ info ] [ RUN ] app\admin\controller\Level->edit[ /Applications/MAMP/htdocs/start/sbt/application/admin/controller/Level.php ]
[ info ] [ LOG ] INIT File
[ error ] [0]method not exist:think\db\Query->allowField[/Applications/MAMP/htdocs/start/sbt/thinkphp/library/think/db/Query.php:93]
---------------------------------------------------------------
[ 2017-11-12T17:21:08+08:00 ] ::1 ::1 POST /admin/level/edit.html
[ info ] api.sbt.com/admin/level/edit.html [运行时间：0.867418s][吞吐率：1.15req/s] [内存消耗：4,648.94kb] [文件加载：59]
[ info ] [ LANG ] /Applications/MAMP/htdocs/start/sbt/thinkphp/lang/zh-cn.php
[ info ] [ ROUTE ] array (
  'type' => 'module',
  'module' => 
  array (
    0 => 'admin',
    1 => 'level',
    2 => 'edit',
  ),
)
[ info ] [ HEADER ] array (
  'host' => 'api.sbt.com',
  'connection' => 'keep-alive',
  'content-length' => '259',
  'accept' => '*/*',
  'origin' => 'http://api.sbt.com',
  'x-requested-with' => 'XMLHttpRequest',
  'user-agent' => 'Mozilla/5.0 (Macintosh; Intel Mac OS X 10_13_1) AppleWebKit/537.36 (KHTML, like Gecko) Chrome/62.0.3202.89 Safari/537.36',
  'content-type' => 'application/x-www-form-urlencoded; charset=UTF-8',
  'referer' => 'http://api.sbt.com/admin/level/edit.html?role_id=2',
  'accept-encoding' => 'gzip, deflate',
  'accept-language' => 'zh-CN,zh;q=0.9,en;q=0.8',
  'cookie' => 'PHPSESSID=37c0f03de7441d0c1ba91f861c0b677a',
)
[ info ] [ PARAM ] array (
  'role_name' => '主管',
  'pay_id' => 
  array (
    0 => '1',
    1 => '2',
    2 => '3',
  ),
  'settle_rate' => 
  array (
    0 => '0.5',
    1 => '0.5',
    2 => '0.5',
  ),
  'extra_rate' => 
  array (
    0 => '2',
    1 => '2',
    2 => '2',
  ),
  'upgrade_type' => '3',
  'integral' => '1',
  'referrer_count' => '10',
  'period' => '0',
  'role_id' => '2',
)
[ info ] [ SESSION ] INIT array (
  'id' => '',
  'var_session_id' => '',
  'prefix' => 'think',
  'type' => '',
  'auto_start' => true,
)
[ info ] [ DB ] INIT mysql
[ info ] [ RUN ] app\admin\controller\Level->edit[ /Applications/MAMP/htdocs/start/sbt/application/admin/controller/Level.php ]
[ info ] [ LOG ] INIT File
[ error ] [0]method not exist:think\db\Query->allowField[/Applications/MAMP/htdocs/start/sbt/thinkphp/library/think/db/Query.php:93]
---------------------------------------------------------------
[ 2017-11-12T17:21:30+08:00 ] ::1 ::1 POST /admin/level/edit.html
[ info ] api.sbt.com/admin/level/edit.html [运行时间：0.917512s][吞吐率：1.09req/s] [内存消耗：4,692.70kb] [文件加载：60]
[ info ] [ LANG ] /Applications/MAMP/htdocs/start/sbt/thinkphp/lang/zh-cn.php
[ info ] [ ROUTE ] array (
  'type' => 'module',
  'module' => 
  array (
    0 => 'admin',
    1 => 'level',
    2 => 'edit',
  ),
)
[ info ] [ HEADER ] array (
  'host' => 'api.sbt.com',
  'connection' => 'keep-alive',
  'content-length' => '259',
  'accept' => '*/*',
  'origin' => 'http://api.sbt.com',
  'x-requested-with' => 'XMLHttpRequest',
  'user-agent' => 'Mozilla/5.0 (Macintosh; Intel Mac OS X 10_13_1) AppleWebKit/537.36 (KHTML, like Gecko) Chrome/62.0.3202.89 Safari/537.36',
  'content-type' => 'application/x-www-form-urlencoded; charset=UTF-8',
  'referer' => 'http://api.sbt.com/admin/level/edit.html?role_id=2',
  'accept-encoding' => 'gzip, deflate',
  'accept-language' => 'zh-CN,zh;q=0.9,en;q=0.8',
  'cookie' => 'PHPSESSID=37c0f03de7441d0c1ba91f861c0b677a',
)
[ info ] [ PARAM ] array (
  'role_name' => '主管',
  'pay_id' => 
  array (
    0 => '1',
    1 => '2',
    2 => '3',
  ),
  'settle_rate' => 
  array (
    0 => '0.5',
    1 => '0.5',
    2 => '0.5',
  ),
  'extra_rate' => 
  array (
    0 => '2',
    1 => '2',
    2 => '2',
  ),
  'upgrade_type' => '3',
  'integral' => '1',
  'referrer_count' => '10',
  'period' => '0',
  'role_id' => '2',
)
[ info ] [ SESSION ] INIT array (
  'id' => '',
  'var_session_id' => '',
  'prefix' => 'think',
  'type' => '',
  'auto_start' => true,
)
[ info ] [ DB ] INIT mysql
[ info ] [ RUN ] app\admin\controller\Level->edit[ /Applications/MAMP/htdocs/start/sbt/application/admin/controller/Level.php ]
[ info ] [ LOG ] INIT File
[ error ] [0]method not exist:think\db\Query->allowField[/Applications/MAMP/htdocs/start/sbt/thinkphp/library/think/db/Query.php:93]
---------------------------------------------------------------
[ 2017-11-12T17:21:58+08:00 ] ::1 ::1 POST /admin/level/edit.html
[ info ] api.sbt.com/admin/level/edit.html [运行时间：0.868907s][吞吐率：1.15req/s] [内存消耗：4,709.98kb] [文件加载：62]
[ info ] [ LANG ] /Applications/MAMP/htdocs/start/sbt/thinkphp/lang/zh-cn.php
[ info ] [ ROUTE ] array (
  'type' => 'module',
  'module' => 
  array (
    0 => 'admin',
    1 => 'level',
    2 => 'edit',
  ),
)
[ info ] [ HEADER ] array (
  'host' => 'api.sbt.com',
  'connection' => 'keep-alive',
  'content-length' => '259',
  'accept' => '*/*',
  'origin' => 'http://api.sbt.com',
  'x-requested-with' => 'XMLHttpRequest',
  'user-agent' => 'Mozilla/5.0 (Macintosh; Intel Mac OS X 10_13_1) AppleWebKit/537.36 (KHTML, like Gecko) Chrome/62.0.3202.89 Safari/537.36',
  'content-type' => 'application/x-www-form-urlencoded; charset=UTF-8',
  'referer' => 'http://api.sbt.com/admin/level/edit.html?role_id=2',
  'accept-encoding' => 'gzip, deflate',
  'accept-language' => 'zh-CN,zh;q=0.9,en;q=0.8',
  'cookie' => 'PHPSESSID=37c0f03de7441d0c1ba91f861c0b677a',
)
[ info ] [ PARAM ] array (
  'role_name' => '主管',
  'pay_id' => 
  array (
    0 => '1',
    1 => '2',
    2 => '3',
  ),
  'settle_rate' => 
  array (
    0 => '0.5',
    1 => '0.5',
    2 => '0.5',
  ),
  'extra_rate' => 
  array (
    0 => '2',
    1 => '2',
    2 => '2',
  ),
  'upgrade_type' => '3',
  'integral' => '1',
  'referrer_count' => '10',
  'period' => '0',
  'role_id' => '2',
)
[ info ] [ SESSION ] INIT array (
  'id' => '',
  'var_session_id' => '',
  'prefix' => 'think',
  'type' => '',
  'auto_start' => true,
)
[ info ] [ DB ] INIT mysql
[ info ] [ RUN ] app\admin\controller\Level->edit[ /Applications/MAMP/htdocs/start/sbt/application/admin/controller/Level.php ]
[ info ] [ LOG ] INIT File
[ error ] [10501]SQLSTATE[23000]: Integrity constraint violation: 1062 Duplicate entry '2' for key 'PRIMARY'[/Applications/MAMP/htdocs/start/sbt/thinkphp/library/think/db/Connection.php:451]
---------------------------------------------------------------
[ 2017-11-12T17:22:25+08:00 ] ::1 ::1 POST /admin/level/edit.html
[ info ] api.sbt.com/admin/level/edit.html [运行时间：0.787616s][吞吐率：1.27req/s] [内存消耗：4,691.80kb] [文件加载：60]
[ info ] [ LANG ] /Applications/MAMP/htdocs/start/sbt/thinkphp/lang/zh-cn.php
[ info ] [ ROUTE ] array (
  'type' => 'module',
  'module' => 
  array (
    0 => 'admin',
    1 => 'level',
    2 => 'edit',
  ),
)
[ info ] [ HEADER ] array (
  'host' => 'api.sbt.com',
  'connection' => 'keep-alive',
  'content-length' => '259',
  'accept' => '*/*',
  'origin' => 'http://api.sbt.com',
  'x-requested-with' => 'XMLHttpRequest',
  'user-agent' => 'Mozilla/5.0 (Macintosh; Intel Mac OS X 10_13_1) AppleWebKit/537.36 (KHTML, like Gecko) Chrome/62.0.3202.89 Safari/537.36',
  'content-type' => 'application/x-www-form-urlencoded; charset=UTF-8',
  'referer' => 'http://api.sbt.com/admin/level/edit.html?role_id=2',
  'accept-encoding' => 'gzip, deflate',
  'accept-language' => 'zh-CN,zh;q=0.9,en;q=0.8',
  'cookie' => 'PHPSESSID=37c0f03de7441d0c1ba91f861c0b677a',
)
[ info ] [ PARAM ] array (
  'role_name' => '主管',
  'pay_id' => 
  array (
    0 => '1',
    1 => '2',
    2 => '3',
  ),
  'settle_rate' => 
  array (
    0 => '0.5',
    1 => '0.5',
    2 => '0.5',
  ),
  'extra_rate' => 
  array (
    0 => '2',
    1 => '2',
    2 => '2',
  ),
  'upgrade_type' => '3',
  'integral' => '1',
  'referrer_count' => '10',
  'period' => '0',
  'role_id' => '2',
)
[ info ] [ SESSION ] INIT array (
  'id' => '',
  'var_session_id' => '',
  'prefix' => 'think',
  'type' => '',
  'auto_start' => true,
)
[ info ] [ DB ] INIT mysql
[ info ] [ RUN ] app\admin\controller\Level->edit[ /Applications/MAMP/htdocs/start/sbt/application/admin/controller/Level.php ]
[ info ] [ LOG ] INIT File
[ error ] [0]method not exist:think\db\Query->save[/Applications/MAMP/htdocs/start/sbt/thinkphp/library/think/db/Query.php:93]
---------------------------------------------------------------
[ 2017-11-12T17:25:14+08:00 ] ::1 ::1 GET /admin/level/edit.html?role_id=2
[ info ] api.sbt.com/admin/level/edit.html?role_id=2 [运行时间：0.582751s][吞吐率：1.72req/s] [内存消耗：4,740.35kb] [文件加载：59]
[ info ] [ LANG ] /Applications/MAMP/htdocs/start/sbt/thinkphp/lang/zh-cn.php
[ info ] [ ROUTE ] array (
  'type' => 'module',
  'module' => 
  array (
    0 => 'admin',
    1 => 'level',
    2 => 'edit',
  ),
)
[ info ] [ HEADER ] array (
  'host' => 'api.sbt.com',
  'connection' => 'keep-alive',
  'cache-control' => 'max-age=0',
  'upgrade-insecure-requests' => '1',
  'user-agent' => 'Mozilla/5.0 (Macintosh; Intel Mac OS X 10_13_1) AppleWebKit/537.36 (KHTML, like Gecko) Chrome/62.0.3202.89 Safari/537.36',
  'accept' => 'text/html,application/xhtml+xml,application/xml;q=0.9,image/webp,image/apng,*/*;q=0.8',
  'referer' => 'http://api.sbt.com/admin/level/index.html',
  'accept-encoding' => 'gzip, deflate',
  'accept-language' => 'zh-CN,zh;q=0.9,en;q=0.8',
  'cookie' => 'PHPSESSID=37c0f03de7441d0c1ba91f861c0b677a',
)
[ info ] [ PARAM ] array (
  'role_id' => '2',
)
[ info ] [ SESSION ] INIT array (
  'id' => '',
  'var_session_id' => '',
  'prefix' => 'think',
  'type' => '',
  'auto_start' => true,
)
[ info ] [ DB ] INIT mysql
[ info ] [ RUN ] app\admin\controller\Level->edit[ /Applications/MAMP/htdocs/start/sbt/application/admin/controller/Level.php ]
[ info ] [ VIEW ] /Applications/MAMP/htdocs/start/sbt/application/admin/view/level/edit.html [ array (
  0 => 'title',
  1 => 'rate',
  2 => 'data',
) ]
[ info ] [ LOG ] INIT File
---------------------------------------------------------------
[ 2017-11-12T17:25:20+08:00 ] ::1 ::1 POST /admin/level/edit.html
[ info ] api.sbt.com/admin/level/edit.html [运行时间：0.899121s][吞吐率：1.11req/s] [内存消耗：4,836.64kb] [文件加载：65]
[ info ] [ LANG ] /Applications/MAMP/htdocs/start/sbt/thinkphp/lang/zh-cn.php
[ info ] [ ROUTE ] array (
  'type' => 'module',
  'module' => 
  array (
    0 => 'admin',
    1 => 'level',
    2 => 'edit',
  ),
)
[ info ] [ HEADER ] array (
  'host' => 'api.sbt.com',
  'connection' => 'keep-alive',
  'content-length' => '259',
  'accept' => '*/*',
  'origin' => 'http://api.sbt.com',
  'x-requested-with' => 'XMLHttpRequest',
  'user-agent' => 'Mozilla/5.0 (Macintosh; Intel Mac OS X 10_13_1) AppleWebKit/537.36 (KHTML, like Gecko) Chrome/62.0.3202.89 Safari/537.36',
  'content-type' => 'application/x-www-form-urlencoded; charset=UTF-8',
  'referer' => 'http://api.sbt.com/admin/level/edit.html?role_id=2',
  'accept-encoding' => 'gzip, deflate',
  'accept-language' => 'zh-CN,zh;q=0.9,en;q=0.8',
  'cookie' => 'PHPSESSID=37c0f03de7441d0c1ba91f861c0b677a',
)
[ info ] [ PARAM ] array (
  'role_name' => '主管',
  'pay_id' => 
  array (
    0 => '1',
    1 => '2',
    2 => '3',
  ),
  'settle_rate' => 
  array (
    0 => '0.5',
    1 => '0.5',
    2 => '0.5',
  ),
  'extra_rate' => 
  array (
    0 => '2',
    1 => '2',
    2 => '2',
  ),
  'upgrade_type' => '3',
  'integral' => '1',
  'referrer_count' => '10',
  'period' => '1',
  'role_id' => '2',
)
[ info ] [ SESSION ] INIT array (
  'id' => '',
  'var_session_id' => '',
  'prefix' => 'think',
  'type' => '',
  'auto_start' => true,
)
[ info ] [ DB ] INIT mysql
[ info ] [ RUN ] app\admin\controller\Level->edit[ /Applications/MAMP/htdocs/start/sbt/application/admin/controller/Level.php ]
[ info ] [ CACHE ] INIT File
[ info ] [ LOG ] INIT File
[ error ] [10501]SQLSTATE[23000]: Integrity constraint violation: 1052 Column 'settle_rate' in field list is ambiguous[/Applications/MAMP/htdocs/start/sbt/thinkphp/library/think/db/Connection.php:451]
---------------------------------------------------------------
[ 2017-11-12T17:26:16+08:00 ] ::1 ::1 POST /admin/level/edit.html
[ info ] api.sbt.com/admin/level/edit.html [运行时间：0.468247s][吞吐率：2.14req/s] [内存消耗：4,767.55kb] [文件加载：61]
[ info ] [ LANG ] /Applications/MAMP/htdocs/start/sbt/thinkphp/lang/zh-cn.php
[ info ] [ ROUTE ] array (
  'type' => 'module',
  'module' => 
  array (
    0 => 'admin',
    1 => 'level',
    2 => 'edit',
  ),
)
[ info ] [ HEADER ] array (
  'host' => 'api.sbt.com',
  'connection' => 'keep-alive',
  'content-length' => '259',
  'accept' => '*/*',
  'origin' => 'http://api.sbt.com',
  'x-requested-with' => 'XMLHttpRequest',
  'user-agent' => 'Mozilla/5.0 (Macintosh; Intel Mac OS X 10_13_1) AppleWebKit/537.36 (KHTML, like Gecko) Chrome/62.0.3202.89 Safari/537.36',
  'content-type' => 'application/x-www-form-urlencoded; charset=UTF-8',
  'referer' => 'http://api.sbt.com/admin/level/edit.html?role_id=2',
  'accept-encoding' => 'gzip, deflate',
  'accept-language' => 'zh-CN,zh;q=0.9,en;q=0.8',
  'cookie' => 'PHPSESSID=37c0f03de7441d0c1ba91f861c0b677a',
)
[ info ] [ PARAM ] array (
  'role_name' => '主管',
  'pay_id' => 
  array (
    0 => '1',
    1 => '2',
    2 => '3',
  ),
  'settle_rate' => 
  array (
    0 => '0.5',
    1 => '0.5',
    2 => '0.5',
  ),
  'extra_rate' => 
  array (
    0 => '2',
    1 => '2',
    2 => '2',
  ),
  'upgrade_type' => '3',
  'integral' => '1',
  'referrer_count' => '10',
  'period' => '1',
  'role_id' => '2',
)
[ info ] [ SESSION ] INIT array (
  'id' => '',
  'var_session_id' => '',
  'prefix' => 'think',
  'type' => '',
  'auto_start' => true,
)
[ info ] [ DB ] INIT mysql
[ info ] [ RUN ] app\admin\controller\Level->edit[ /Applications/MAMP/htdocs/start/sbt/application/admin/controller/Level.php ]
[ info ] [ CACHE ] INIT File
[ info ] [ LOG ] INIT File
---------------------------------------------------------------
[ 2017-11-12T17:28:15+08:00 ] ::1 ::1 POST /admin/level/edit.html
[ info ] api.sbt.com/admin/level/edit.html [运行时间：0.478107s][吞吐率：2.09req/s] [内存消耗：4,767.86kb] [文件加载：61]
[ info ] [ LANG ] /Applications/MAMP/htdocs/start/sbt/thinkphp/lang/zh-cn.php
[ info ] [ ROUTE ] array (
  'type' => 'module',
  'module' => 
  array (
    0 => 'admin',
    1 => 'level',
    2 => 'edit',
  ),
)
[ info ] [ HEADER ] array (
  'host' => 'api.sbt.com',
  'connection' => 'keep-alive',
  'content-length' => '259',
  'accept' => '*/*',
  'origin' => 'http://api.sbt.com',
  'x-requested-with' => 'XMLHttpRequest',
  'user-agent' => 'Mozilla/5.0 (Macintosh; Intel Mac OS X 10_13_1) AppleWebKit/537.36 (KHTML, like Gecko) Chrome/62.0.3202.89 Safari/537.36',
  'content-type' => 'application/x-www-form-urlencoded; charset=UTF-8',
  'referer' => 'http://api.sbt.com/admin/level/edit.html?role_id=2',
  'accept-encoding' => 'gzip, deflate',
  'accept-language' => 'zh-CN,zh;q=0.9,en;q=0.8',
  'cookie' => 'PHPSESSID=37c0f03de7441d0c1ba91f861c0b677a',
)
[ info ] [ PARAM ] array (
  'role_name' => '主管',
  'pay_id' => 
  array (
    0 => '1',
    1 => '2',
    2 => '3',
  ),
  'settle_rate' => 
  array (
    0 => '0.5',
    1 => '0.5',
    2 => '0.5',
  ),
  'extra_rate' => 
  array (
    0 => '2',
    1 => '2',
    2 => '2',
  ),
  'upgrade_type' => '3',
  'integral' => '1',
  'referrer_count' => '10',
  'period' => '1',
  'role_id' => '2',
)
[ info ] [ SESSION ] INIT array (
  'id' => '',
  'var_session_id' => '',
  'prefix' => 'think',
  'type' => '',
  'auto_start' => true,
)
[ info ] [ DB ] INIT mysql
[ info ] [ RUN ] app\admin\controller\Level->edit[ /Applications/MAMP/htdocs/start/sbt/application/admin/controller/Level.php ]
[ info ] [ CACHE ] INIT File
[ info ] [ LOG ] INIT File
---------------------------------------------------------------
[ 2017-11-12T17:30:31+08:00 ] ::1 ::1 POST /admin/level/edit.html
[ info ] api.sbt.com/admin/level/edit.html [运行时间：0.097747s][吞吐率：10.23req/s] [内存消耗：4,724.36kb] [文件加载：59]
[ info ] [ LANG ] /Applications/MAMP/htdocs/start/sbt/thinkphp/lang/zh-cn.php
[ info ] [ ROUTE ] array (
  'type' => 'module',
  'module' => 
  array (
    0 => 'admin',
    1 => 'level',
    2 => 'edit',
  ),
)
[ info ] [ HEADER ] array (
  'host' => 'api.sbt.com',
  'connection' => 'keep-alive',
  'content-length' => '259',
  'accept' => '*/*',
  'origin' => 'http://api.sbt.com',
  'x-requested-with' => 'XMLHttpRequest',
  'user-agent' => 'Mozilla/5.0 (Macintosh; Intel Mac OS X 10_13_1) AppleWebKit/537.36 (KHTML, like Gecko) Chrome/62.0.3202.89 Safari/537.36',
  'content-type' => 'application/x-www-form-urlencoded; charset=UTF-8',
  'referer' => 'http://api.sbt.com/admin/level/edit.html?role_id=2',
  'accept-encoding' => 'gzip, deflate',
  'accept-language' => 'zh-CN,zh;q=0.9,en;q=0.8',
  'cookie' => 'PHPSESSID=37c0f03de7441d0c1ba91f861c0b677a',
)
[ info ] [ PARAM ] array (
  'role_name' => '主管',
  'pay_id' => 
  array (
    0 => '1',
    1 => '2',
    2 => '3',
  ),
  'settle_rate' => 
  array (
    0 => '0.5',
    1 => '0.5',
    2 => '0.5',
  ),
  'extra_rate' => 
  array (
    0 => '2',
    1 => '2',
    2 => '2',
  ),
  'upgrade_type' => '3',
  'integral' => '1',
  'referrer_count' => '10',
  'period' => '1',
  'role_id' => '2',
)
[ info ] [ SESSION ] INIT array (
  'id' => '',
  'var_session_id' => '',
  'prefix' => 'think',
  'type' => '',
  'auto_start' => true,
)
[ info ] [ DB ] INIT mysql
[ info ] [ RUN ] app\admin\controller\Level->edit[ /Applications/MAMP/htdocs/start/sbt/application/admin/controller/Level.php ]
[ info ] [ CACHE ] INIT File
[ info ] [ LOG ] INIT File
---------------------------------------------------------------
[ 2017-11-12T17:31:31+08:00 ] ::1 ::1 POST /admin/level/edit.html
[ info ] api.sbt.com/admin/level/edit.html [运行时间：0.124160s][吞吐率：8.05req/s] [内存消耗：4,758.30kb] [文件加载：60]
[ info ] [ LANG ] /Applications/MAMP/htdocs/start/sbt/thinkphp/lang/zh-cn.php
[ info ] [ ROUTE ] array (
  'type' => 'module',
  'module' => 
  array (
    0 => 'admin',
    1 => 'level',
    2 => 'edit',
  ),
)
[ info ] [ HEADER ] array (
  'host' => 'api.sbt.com',
  'connection' => 'keep-alive',
  'content-length' => '259',
  'accept' => '*/*',
  'origin' => 'http://api.sbt.com',
  'x-requested-with' => 'XMLHttpRequest',
  'user-agent' => 'Mozilla/5.0 (Macintosh; Intel Mac OS X 10_13_1) AppleWebKit/537.36 (KHTML, like Gecko) Chrome/62.0.3202.89 Safari/537.36',
  'content-type' => 'application/x-www-form-urlencoded; charset=UTF-8',
  'referer' => 'http://api.sbt.com/admin/level/edit.html?role_id=2',
  'accept-encoding' => 'gzip, deflate',
  'accept-language' => 'zh-CN,zh;q=0.9,en;q=0.8',
  'cookie' => 'PHPSESSID=37c0f03de7441d0c1ba91f861c0b677a',
)
[ info ] [ PARAM ] array (
  'role_name' => '主管',
  'pay_id' => 
  array (
    0 => '1',
    1 => '2',
    2 => '3',
  ),
  'settle_rate' => 
  array (
    0 => '0.5',
    1 => '0.5',
    2 => '0.5',
  ),
  'extra_rate' => 
  array (
    0 => '2',
    1 => '2',
    2 => '2',
  ),
  'upgrade_type' => '3',
  'integral' => '1',
  'referrer_count' => '10',
  'period' => '1',
  'role_id' => '2',
)
[ info ] [ SESSION ] INIT array (
  'id' => '',
  'var_session_id' => '',
  'prefix' => 'think',
  'type' => '',
  'auto_start' => true,
)
[ info ] [ DB ] INIT mysql
[ info ] [ RUN ] app\admin\controller\Level->edit[ /Applications/MAMP/htdocs/start/sbt/application/admin/controller/Level.php ]
[ info ] [ CACHE ] INIT File
[ info ] [ LOG ] INIT File
---------------------------------------------------------------
[ 2017-11-12T17:31:43+08:00 ] ::1 ::1 GET /admin/level/edit.html?role_id=2
[ info ] api.sbt.com/admin/level/edit.html?role_id=2 [运行时间：0.483737s][吞吐率：2.07req/s] [内存消耗：4,981.24kb] [文件加载：61]
[ info ] [ LANG ] /Applications/MAMP/htdocs/start/sbt/thinkphp/lang/zh-cn.php
[ info ] [ ROUTE ] array (
  'type' => 'module',
  'module' => 
  array (
    0 => 'admin',
    1 => 'level',
    2 => 'edit',
  ),
)
[ info ] [ HEADER ] array (
  'host' => 'api.sbt.com',
  'connection' => 'keep-alive',
  'cache-control' => 'max-age=0',
  'upgrade-insecure-requests' => '1',
  'user-agent' => 'Mozilla/5.0 (Macintosh; Intel Mac OS X 10_13_1) AppleWebKit/537.36 (KHTML, like Gecko) Chrome/62.0.3202.89 Safari/537.36',
  'accept' => 'text/html,application/xhtml+xml,application/xml;q=0.9,image/webp,image/apng,*/*;q=0.8',
  'referer' => 'http://api.sbt.com/admin/level/index.html',
  'accept-encoding' => 'gzip, deflate',
  'accept-language' => 'zh-CN,zh;q=0.9,en;q=0.8',
  'cookie' => 'PHPSESSID=37c0f03de7441d0c1ba91f861c0b677a',
)
[ info ] [ PARAM ] array (
  'role_id' => '2',
)
[ info ] [ SESSION ] INIT array (
  'id' => '',
  'var_session_id' => '',
  'prefix' => 'think',
  'type' => '',
  'auto_start' => true,
)
[ info ] [ DB ] INIT mysql
[ info ] [ RUN ] app\admin\controller\Level->edit[ /Applications/MAMP/htdocs/start/sbt/application/admin/controller/Level.php ]
[ info ] [ VIEW ] /Applications/MAMP/htdocs/start/sbt/application/admin/view/level/edit.html [ array (
  0 => 'title',
  1 => 'rate',
  2 => 'data',
) ]
[ info ] [ LOG ] INIT File
---------------------------------------------------------------
[ 2017-11-12T17:31:48+08:00 ] ::1 ::1 POST /admin/level/edit.html
[ info ] api.sbt.com/admin/level/edit.html [运行时间：0.122233s][吞吐率：8.18req/s] [内存消耗：4,758.77kb] [文件加载：60]
[ info ] [ LANG ] /Applications/MAMP/htdocs/start/sbt/thinkphp/lang/zh-cn.php
[ info ] [ ROUTE ] array (
  'type' => 'module',
  'module' => 
  array (
    0 => 'admin',
    1 => 'level',
    2 => 'edit',
  ),
)
[ info ] [ HEADER ] array (
  'host' => 'api.sbt.com',
  'connection' => 'keep-alive',
  'content-length' => '229',
  'accept' => '*/*',
  'origin' => 'http://api.sbt.com',
  'x-requested-with' => 'XMLHttpRequest',
  'user-agent' => 'Mozilla/5.0 (Macintosh; Intel Mac OS X 10_13_1) AppleWebKit/537.36 (KHTML, like Gecko) Chrome/62.0.3202.89 Safari/537.36',
  'content-type' => 'application/x-www-form-urlencoded; charset=UTF-8',
  'referer' => 'http://api.sbt.com/admin/level/edit.html?role_id=2',
  'accept-encoding' => 'gzip, deflate',
  'accept-language' => 'zh-CN,zh;q=0.9,en;q=0.8',
  'cookie' => 'PHPSESSID=37c0f03de7441d0c1ba91f861c0b677a',
)
[ info ] [ PARAM ] array (
  'role_name' => '主管',
  'pay_id' => 
  array (
    0 => '1',
    1 => '2',
    2 => '3',
  ),
  'settle' => 
  array (
    0 => '0.5',
    1 => '0.5',
    2 => '0.5',
  ),
  'extra' => 
  array (
    0 => '2',
    1 => '2',
    2 => '2',
  ),
  'upgrade_type' => '3',
  'integral' => '1',
  'referrer_count' => '10',
  'period' => '1',
  'role_id' => '2',
)
[ info ] [ SESSION ] INIT array (
  'id' => '',
  'var_session_id' => '',
  'prefix' => 'think',
  'type' => '',
  'auto_start' => true,
)
[ info ] [ DB ] INIT mysql
[ info ] [ RUN ] app\admin\controller\Level->edit[ /Applications/MAMP/htdocs/start/sbt/application/admin/controller/Level.php ]
[ info ] [ CACHE ] INIT File
[ info ] [ LOG ] INIT File
---------------------------------------------------------------
[ 2017-11-12T19:16:49+08:00 ] ::1 ::1 POST /admin/level/edit.html
[ info ] api.sbt.com/admin/level/edit.html [运行时间：0.581703s][吞吐率：1.72req/s] [内存消耗：4,767.49kb] [文件加载：61]
[ info ] [ LANG ] /Applications/MAMP/htdocs/start/sbt/thinkphp/lang/zh-cn.php
[ info ] [ ROUTE ] array (
  'type' => 'module',
  'module' => 
  array (
    0 => 'admin',
    1 => 'level',
    2 => 'edit',
  ),
)
[ info ] [ HEADER ] array (
  'host' => 'api.sbt.com',
  'user-agent' => 'Mozilla/5.0 (Macintosh; Intel Mac OS X 10_13_1) AppleWebKit/537.36 (KHTML, like Gecko) Chrome/62.0.3202.89 Safari/537.36',
  'content-length' => '229',
  'accept' => '*/*',
  'accept-encoding' => 'gzip, deflate',
  'accept-language' => 'zh-CN,zh;q=0.9,en;q=0.8',
  'content-type' => 'application/x-www-form-urlencoded; charset=UTF-8',
  'cookie' => 'PHPSESSID=37c0f03de7441d0c1ba91f861c0b677a',
  'origin' => 'http://api.sbt.com',
  'referer' => 'http://api.sbt.com/admin/level/edit.html?role_id=2',
  'x-requested-with' => 'XMLHttpRequest',
)
[ info ] [ PARAM ] array (
  'role_name' => '主管',
  'pay_id' => 
  array (
    0 => '1',
    1 => '2',
    2 => '3',
  ),
  'settle' => 
  array (
    0 => '0.2',
    1 => '0.5',
    2 => '0.5',
  ),
  'extra' => 
  array (
    0 => '2',
    1 => '2',
    2 => '2',
  ),
  'upgrade_type' => '3',
  'integral' => '1',
  'referrer_count' => '10',
  'period' => '1',
  'role_id' => '2',
)
[ info ] [ SESSION ] INIT array (
  'id' => '',
  'var_session_id' => '',
  'prefix' => 'think',
  'type' => '',
  'auto_start' => true,
)
[ info ] [ DB ] INIT mysql
[ info ] [ RUN ] app\admin\controller\Level->edit[ /Applications/MAMP/htdocs/start/sbt/application/admin/controller/Level.php ]
[ info ] [ CACHE ] INIT File
[ info ] [ LOG ] INIT File
---------------------------------------------------------------
[ 2017-11-12T19:16:55+08:00 ] ::1 ::1 POST /admin/level/edit.html
[ info ] api.sbt.com/admin/level/edit.html [运行时间：0.458334s][吞吐率：2.18req/s] [内存消耗：4,768.38kb] [文件加载：61]
[ info ] [ LANG ] /Applications/MAMP/htdocs/start/sbt/thinkphp/lang/zh-cn.php
[ info ] [ ROUTE ] array (
  'type' => 'module',
  'module' => 
  array (
    0 => 'admin',
    1 => 'level',
    2 => 'edit',
  ),
)
[ info ] [ HEADER ] array (
  'host' => 'api.sbt.com',
  'connection' => 'keep-alive',
  'content-length' => '229',
  'accept' => '*/*',
  'origin' => 'http://api.sbt.com',
  'x-requested-with' => 'XMLHttpRequest',
  'user-agent' => 'Mozilla/5.0 (Macintosh; Intel Mac OS X 10_13_1) AppleWebKit/537.36 (KHTML, like Gecko) Chrome/62.0.3202.89 Safari/537.36',
  'content-type' => 'application/x-www-form-urlencoded; charset=UTF-8',
  'referer' => 'http://api.sbt.com/admin/level/edit.html?role_id=2',
  'accept-encoding' => 'gzip, deflate',
  'accept-language' => 'zh-CN,zh;q=0.9,en;q=0.8',
  'cookie' => 'PHPSESSID=37c0f03de7441d0c1ba91f861c0b677a',
)
[ info ] [ PARAM ] array (
  'role_name' => '主管',
  'pay_id' => 
  array (
    0 => '1',
    1 => '2',
    2 => '3',
  ),
  'settle' => 
  array (
    0 => '0.2',
    1 => '0.5',
    2 => '0.5',
  ),
  'extra' => 
  array (
    0 => '2',
    1 => '2',
    2 => '2',
  ),
  'upgrade_type' => '3',
  'integral' => '1',
  'referrer_count' => '10',
  'period' => '1',
  'role_id' => '2',
)
[ info ] [ SESSION ] INIT array (
  'id' => '',
  'var_session_id' => '',
  'prefix' => 'think',
  'type' => '',
  'auto_start' => true,
)
[ info ] [ DB ] INIT mysql
[ info ] [ RUN ] app\admin\controller\Level->edit[ /Applications/MAMP/htdocs/start/sbt/application/admin/controller/Level.php ]
[ info ] [ CACHE ] INIT File
[ info ] [ LOG ] INIT File
---------------------------------------------------------------
[ 2017-11-12T19:17:10+08:00 ] ::1 ::1 POST /admin/level/edit.html
[ info ] api.sbt.com/admin/level/edit.html [运行时间：0.484388s][吞吐率：2.06req/s] [内存消耗：4,767.98kb] [文件加载：61]
[ info ] [ LANG ] /Applications/MAMP/htdocs/start/sbt/thinkphp/lang/zh-cn.php
[ info ] [ ROUTE ] array (
  'type' => 'module',
  'module' => 
  array (
    0 => 'admin',
    1 => 'level',
    2 => 'edit',
  ),
)
[ info ] [ HEADER ] array (
  'host' => 'api.sbt.com',
  'connection' => 'keep-alive',
  'content-length' => '229',
  'accept' => '*/*',
  'origin' => 'http://api.sbt.com',
  'x-requested-with' => 'XMLHttpRequest',
  'user-agent' => 'Mozilla/5.0 (Macintosh; Intel Mac OS X 10_13_1) AppleWebKit/537.36 (KHTML, like Gecko) Chrome/62.0.3202.89 Safari/537.36',
  'content-type' => 'application/x-www-form-urlencoded; charset=UTF-8',
  'referer' => 'http://api.sbt.com/admin/level/edit.html?role_id=2',
  'accept-encoding' => 'gzip, deflate',
  'accept-language' => 'zh-CN,zh;q=0.9,en;q=0.8',
  'cookie' => 'PHPSESSID=37c0f03de7441d0c1ba91f861c0b677a',
)
[ info ] [ PARAM ] array (
  'role_name' => '主管',
  'pay_id' => 
  array (
    0 => '1',
    1 => '2',
    2 => '3',
  ),
  'settle' => 
  array (
    0 => '0.2',
    1 => '0.5',
    2 => '0.5',
  ),
  'extra' => 
  array (
    0 => '2',
    1 => '2',
    2 => '2',
  ),
  'upgrade_type' => '3',
  'integral' => '1',
  'referrer_count' => '10',
  'period' => '1',
  'role_id' => '2',
)
[ info ] [ SESSION ] INIT array (
  'id' => '',
  'var_session_id' => '',
  'prefix' => 'think',
  'type' => '',
  'auto_start' => true,
)
[ info ] [ DB ] INIT mysql
[ info ] [ RUN ] app\admin\controller\Level->edit[ /Applications/MAMP/htdocs/start/sbt/application/admin/controller/Level.php ]
[ info ] [ CACHE ] INIT File
[ info ] [ LOG ] INIT File
---------------------------------------------------------------
[ 2017-11-12T19:17:20+08:00 ] ::1 ::1 GET /admin/level/edit.html?role_id=2
[ info ] api.sbt.com/admin/level/edit.html?role_id=2 [运行时间：0.434399s][吞吐率：2.30req/s] [内存消耗：4,740.87kb] [文件加载：59]
[ info ] [ LANG ] /Applications/MAMP/htdocs/start/sbt/thinkphp/lang/zh-cn.php
[ info ] [ ROUTE ] array (
  'type' => 'module',
  'module' => 
  array (
    0 => 'admin',
    1 => 'level',
    2 => 'edit',
  ),
)
[ info ] [ HEADER ] array (
  'host' => 'api.sbt.com',
  'connection' => 'keep-alive',
  'cache-control' => 'max-age=0',
  'upgrade-insecure-requests' => '1',
  'user-agent' => 'Mozilla/5.0 (Macintosh; Intel Mac OS X 10_13_1) AppleWebKit/537.36 (KHTML, like Gecko) Chrome/62.0.3202.89 Safari/537.36',
  'accept' => 'text/html,application/xhtml+xml,application/xml;q=0.9,image/webp,image/apng,*/*;q=0.8',
  'referer' => 'http://api.sbt.com/admin/level/index.html',
  'accept-encoding' => 'gzip, deflate',
  'accept-language' => 'zh-CN,zh;q=0.9,en;q=0.8',
  'cookie' => 'PHPSESSID=37c0f03de7441d0c1ba91f861c0b677a',
)
[ info ] [ PARAM ] array (
  'role_id' => '2',
)
[ info ] [ SESSION ] INIT array (
  'id' => '',
  'var_session_id' => '',
  'prefix' => 'think',
  'type' => '',
  'auto_start' => true,
)
[ info ] [ DB ] INIT mysql
[ info ] [ RUN ] app\admin\controller\Level->edit[ /Applications/MAMP/htdocs/start/sbt/application/admin/controller/Level.php ]
[ info ] [ VIEW ] /Applications/MAMP/htdocs/start/sbt/application/admin/view/level/edit.html [ array (
  0 => 'title',
  1 => 'rate',
  2 => 'data',
) ]
[ info ] [ LOG ] INIT File
---------------------------------------------------------------
[ 2017-11-12T19:17:26+08:00 ] ::1 ::1 POST /admin/level/edit.html
[ info ] api.sbt.com/admin/level/edit.html [运行时间：0.889210s][吞吐率：1.12req/s] [内存消耗：4,836.68kb] [文件加载：65]
[ info ] [ LANG ] /Applications/MAMP/htdocs/start/sbt/thinkphp/lang/zh-cn.php
[ info ] [ ROUTE ] array (
  'type' => 'module',
  'module' => 
  array (
    0 => 'admin',
    1 => 'level',
    2 => 'edit',
  ),
)
[ info ] [ HEADER ] array (
  'host' => 'api.sbt.com',
  'connection' => 'keep-alive',
  'content-length' => '229',
  'accept' => '*/*',
  'origin' => 'http://api.sbt.com',
  'x-requested-with' => 'XMLHttpRequest',
  'user-agent' => 'Mozilla/5.0 (Macintosh; Intel Mac OS X 10_13_1) AppleWebKit/537.36 (KHTML, like Gecko) Chrome/62.0.3202.89 Safari/537.36',
  'content-type' => 'application/x-www-form-urlencoded; charset=UTF-8',
  'referer' => 'http://api.sbt.com/admin/level/edit.html?role_id=2',
  'accept-encoding' => 'gzip, deflate',
  'accept-language' => 'zh-CN,zh;q=0.9,en;q=0.8',
  'cookie' => 'PHPSESSID=37c0f03de7441d0c1ba91f861c0b677a',
)
[ info ] [ PARAM ] array (
  'role_name' => '主管',
  'pay_id' => 
  array (
    0 => '1',
    1 => '2',
    2 => '3',
  ),
  'settle' => 
  array (
    0 => '0.3',
    1 => '0.5',
    2 => '0.5',
  ),
  'extra' => 
  array (
    0 => '2',
    1 => '2',
    2 => '2',
  ),
  'upgrade_type' => '3',
  'integral' => '1',
  'referrer_count' => '10',
  'period' => '1',
  'role_id' => '2',
)
[ info ] [ SESSION ] INIT array (
  'id' => '',
  'var_session_id' => '',
  'prefix' => 'think',
  'type' => '',
  'auto_start' => true,
)
[ info ] [ DB ] INIT mysql
[ info ] [ RUN ] app\admin\controller\Level->edit[ /Applications/MAMP/htdocs/start/sbt/application/admin/controller/Level.php ]
[ info ] [ CACHE ] INIT File
[ info ] [ LOG ] INIT File
[ error ] [10501]SQLSTATE[23000]: Integrity constraint violation: 1052 Column 'settle_rate' in field list is ambiguous[/Applications/MAMP/htdocs/start/sbt/thinkphp/library/think/db/Connection.php:451]
---------------------------------------------------------------
[ 2017-11-12T19:17:51+08:00 ] ::1 ::1 POST /admin/level/edit.html
[ info ] api.sbt.com/admin/level/edit.html [运行时间：0.769461s][吞吐率：1.30req/s] [内存消耗：4,837.35kb] [文件加载：65]
[ info ] [ LANG ] /Applications/MAMP/htdocs/start/sbt/thinkphp/lang/zh-cn.php
[ info ] [ ROUTE ] array (
  'type' => 'module',
  'module' => 
  array (
    0 => 'admin',
    1 => 'level',
    2 => 'edit',
  ),
)
[ info ] [ HEADER ] array (
  'host' => 'api.sbt.com',
  'connection' => 'keep-alive',
  'content-length' => '229',
  'accept' => '*/*',
  'origin' => 'http://api.sbt.com',
  'x-requested-with' => 'XMLHttpRequest',
  'user-agent' => 'Mozilla/5.0 (Macintosh; Intel Mac OS X 10_13_1) AppleWebKit/537.36 (KHTML, like Gecko) Chrome/62.0.3202.89 Safari/537.36',
  'content-type' => 'application/x-www-form-urlencoded; charset=UTF-8',
  'referer' => 'http://api.sbt.com/admin/level/edit.html?role_id=2',
  'accept-encoding' => 'gzip, deflate',
  'accept-language' => 'zh-CN,zh;q=0.9,en;q=0.8',
  'cookie' => 'PHPSESSID=37c0f03de7441d0c1ba91f861c0b677a',
)
[ info ] [ PARAM ] array (
  'role_name' => '主管',
  'pay_id' => 
  array (
    0 => '1',
    1 => '2',
    2 => '3',
  ),
  'settle' => 
  array (
    0 => '0.3',
    1 => '0.3',
    2 => '0.5',
  ),
  'extra' => 
  array (
    0 => '2',
    1 => '2',
    2 => '2',
  ),
  'upgrade_type' => '3',
  'integral' => '1',
  'referrer_count' => '10',
  'period' => '1',
  'role_id' => '2',
)
[ info ] [ SESSION ] INIT array (
  'id' => '',
  'var_session_id' => '',
  'prefix' => 'think',
  'type' => '',
  'auto_start' => true,
)
[ info ] [ DB ] INIT mysql
[ info ] [ RUN ] app\admin\controller\Level->edit[ /Applications/MAMP/htdocs/start/sbt/application/admin/controller/Level.php ]
[ info ] [ CACHE ] INIT File
[ info ] [ LOG ] INIT File
[ error ] [10501]SQLSTATE[23000]: Integrity constraint violation: 1052 Column 'settle_rate' in field list is ambiguous[/Applications/MAMP/htdocs/start/sbt/thinkphp/library/think/db/Connection.php:451]
---------------------------------------------------------------
[ 2017-11-12T19:18:31+08:00 ] ::1 ::1 POST /admin/level/edit.html
[ info ] api.sbt.com/admin/level/edit.html [运行时间：0.872417s][吞吐率：1.15req/s] [内存消耗：4,837.09kb] [文件加载：65]
[ info ] [ LANG ] /Applications/MAMP/htdocs/start/sbt/thinkphp/lang/zh-cn.php
[ info ] [ ROUTE ] array (
  'type' => 'module',
  'module' => 
  array (
    0 => 'admin',
    1 => 'level',
    2 => 'edit',
  ),
)
[ info ] [ HEADER ] array (
  'host' => 'api.sbt.com',
  'connection' => 'keep-alive',
  'content-length' => '229',
  'accept' => '*/*',
  'origin' => 'http://api.sbt.com',
  'x-requested-with' => 'XMLHttpRequest',
  'user-agent' => 'Mozilla/5.0 (Macintosh; Intel Mac OS X 10_13_1) AppleWebKit/537.36 (KHTML, like Gecko) Chrome/62.0.3202.89 Safari/537.36',
  'content-type' => 'application/x-www-form-urlencoded; charset=UTF-8',
  'referer' => 'http://api.sbt.com/admin/level/edit.html?role_id=2',
  'accept-encoding' => 'gzip, deflate',
  'accept-language' => 'zh-CN,zh;q=0.9,en;q=0.8',
  'cookie' => 'PHPSESSID=37c0f03de7441d0c1ba91f861c0b677a',
)
[ info ] [ PARAM ] array (
  'role_name' => '主管',
  'pay_id' => 
  array (
    0 => '1',
    1 => '2',
    2 => '3',
  ),
  'settle' => 
  array (
    0 => '0.3',
    1 => '0.3',
    2 => '0.5',
  ),
  'extra' => 
  array (
    0 => '2',
    1 => '2',
    2 => '2',
  ),
  'upgrade_type' => '3',
  'integral' => '1',
  'referrer_count' => '10',
  'period' => '1',
  'role_id' => '2',
)
[ info ] [ SESSION ] INIT array (
  'id' => '',
  'var_session_id' => '',
  'prefix' => 'think',
  'type' => '',
  'auto_start' => true,
)
[ info ] [ DB ] INIT mysql
[ info ] [ RUN ] app\admin\controller\Level->edit[ /Applications/MAMP/htdocs/start/sbt/application/admin/controller/Level.php ]
[ info ] [ CACHE ] INIT File
[ info ] [ LOG ] INIT File
[ error ] [10501]SQLSTATE[23000]: Integrity constraint violation: 1052 Column 'settle_rate' in field list is ambiguous[/Applications/MAMP/htdocs/start/sbt/thinkphp/library/think/db/Connection.php:451]
