---------------------------------------------------------------
[ 2017-11-13T09:47:34+08:00 ] ::1 ::1 GET /admin/level/edit.html?role_id=2
[ info ] api.sbt.com/admin/level/edit.html?role_id=2 [运行时间：0.622640s][吞吐率：1.61req/s] [内存消耗：4,740.82kb] [文件加载：59]
[ info ] [ LANG ] /Applications/MAMP/htdocs/start/sbt/thinkphp/lang/zh-cn.php
[ info ] [ ROUTE ] array (
  'type' => 'module',
  'module' => 
  array (
    0 => 'admin',
    1 => 'level',
    2 => 'edit',
  ),
)
[ info ] [ HEADER ] array (
  'host' => 'api.sbt.com',
  'connection' => 'keep-alive',
  'cache-control' => 'max-age=0',
  'upgrade-insecure-requests' => '1',
  'user-agent' => 'Mozilla/5.0 (Macintosh; Intel Mac OS X 10_13_1) AppleWebKit/537.36 (KHTML, like Gecko) Chrome/62.0.3202.89 Safari/537.36',
  'accept' => 'text/html,application/xhtml+xml,application/xml;q=0.9,image/webp,image/apng,*/*;q=0.8',
  'referer' => 'http://api.sbt.com/admin/level/index.html',
  'accept-encoding' => 'gzip, deflate',
  'accept-language' => 'zh-CN,zh;q=0.9,en;q=0.8',
  'cookie' => 'PHPSESSID=37c0f03de7441d0c1ba91f861c0b677a',
)
[ info ] [ PARAM ] array (
  'role_id' => '2',
)
[ info ] [ SESSION ] INIT array (
  'id' => '',
  'var_session_id' => '',
  'prefix' => 'think',
  'type' => '',
  'auto_start' => true,
)
[ info ] [ DB ] INIT mysql
[ info ] [ RUN ] app\admin\controller\Level->edit[ /Applications/MAMP/htdocs/start/sbt/application/admin/controller/Level.php ]
[ info ] [ VIEW ] /Applications/MAMP/htdocs/start/sbt/application/admin/view/level/edit.html [ array (
  0 => 'title',
  1 => 'rate',
  2 => 'data',
) ]
[ info ] [ LOG ] INIT File
---------------------------------------------------------------
[ 2017-11-13T09:47:46+08:00 ] ::1 ::1 POST /admin/level/edit.html
[ info ] api.sbt.com/admin/level/edit.html [运行时间：0.934488s][吞吐率：1.07req/s] [内存消耗：4,837.13kb] [文件加载：65]
[ info ] [ LANG ] /Applications/MAMP/htdocs/start/sbt/thinkphp/lang/zh-cn.php
[ info ] [ ROUTE ] array (
  'type' => 'module',
  'module' => 
  array (
    0 => 'admin',
    1 => 'level',
    2 => 'edit',
  ),
)
[ info ] [ HEADER ] array (
  'host' => 'api.sbt.com',
  'connection' => 'keep-alive',
  'content-length' => '230',
  'accept' => '*/*',
  'origin' => 'http://api.sbt.com',
  'x-requested-with' => 'XMLHttpRequest',
  'user-agent' => 'Mozilla/5.0 (Macintosh; Intel Mac OS X 10_13_1) AppleWebKit/537.36 (KHTML, like Gecko) Chrome/62.0.3202.89 Safari/537.36',
  'content-type' => 'application/x-www-form-urlencoded; charset=UTF-8',
  'referer' => 'http://api.sbt.com/admin/level/edit.html?role_id=2',
  'accept-encoding' => 'gzip, deflate',
  'accept-language' => 'zh-CN,zh;q=0.9,en;q=0.8',
  'cookie' => 'PHPSESSID=37c0f03de7441d0c1ba91f861c0b677a',
)
[ info ] [ PARAM ] array (
  'role_name' => '主管',
  'pay_id' => 
  array (
    0 => '1',
    1 => '2',
    2 => '3',
  ),
  'settle' => 
  array (
    0 => '0.5',
    1 => '0.5',
    2 => '0.5',
  ),
  'extra' => 
  array (
    0 => '2',
    1 => '2',
    2 => '2',
  ),
  'upgrade_type' => '3',
  'integral' => '1',
  'referrer_count' => '10',
  'period' => '12',
  'role_id' => '2',
)
[ info ] [ SESSION ] INIT array (
  'id' => '',
  'var_session_id' => '',
  'prefix' => 'think',
  'type' => '',
  'auto_start' => true,
)
[ info ] [ DB ] INIT mysql
[ info ] [ RUN ] app\admin\controller\Level->edit[ /Applications/MAMP/htdocs/start/sbt/application/admin/controller/Level.php ]
[ info ] [ CACHE ] INIT File
[ info ] [ LOG ] INIT File
[ error ] [10501]SQLSTATE[23000]: Integrity constraint violation: 1052 Column 'settle_rate' in field list is ambiguous[/Applications/MAMP/htdocs/start/sbt/thinkphp/library/think/db/Connection.php:451]
---------------------------------------------------------------
[ 2017-11-13T10:24:58+08:00 ] ::1 ::1 POST /admin/level/edit.html
[ info ] api.sbt.com/admin/level/edit.html [运行时间：0.256689s][吞吐率：3.90req/s] [内存消耗：4,721.92kb] [文件加载：59]
[ info ] [ LANG ] /Applications/MAMP/htdocs/start/sbt/thinkphp/lang/zh-cn.php
[ info ] [ ROUTE ] array (
  'type' => 'module',
  'module' => 
  array (
    0 => 'admin',
    1 => 'level',
    2 => 'edit',
  ),
)
[ info ] [ HEADER ] array (
  'host' => 'api.sbt.com',
  'connection' => 'keep-alive',
  'content-length' => '230',
  'accept' => '*/*',
  'origin' => 'http://api.sbt.com',
  'x-requested-with' => 'XMLHttpRequest',
  'user-agent' => 'Mozilla/5.0 (Macintosh; Intel Mac OS X 10_13_1) AppleWebKit/537.36 (KHTML, like Gecko) Chrome/62.0.3202.89 Safari/537.36',
  'content-type' => 'application/x-www-form-urlencoded; charset=UTF-8',
  'referer' => 'http://api.sbt.com/admin/level/edit.html?role_id=2',
  'accept-encoding' => 'gzip, deflate',
  'accept-language' => 'zh-CN,zh;q=0.9,en;q=0.8',
  'cookie' => 'PHPSESSID=37c0f03de7441d0c1ba91f861c0b677a',
)
[ info ] [ PARAM ] array (
  'role_name' => '主管',
  'pay_id' => 
  array (
    0 => '1',
    1 => '2',
    2 => '3',
  ),
  'settle' => 
  array (
    0 => '0.5',
    1 => '0.5',
    2 => '0.5',
  ),
  'extra' => 
  array (
    0 => '2',
    1 => '2',
    2 => '2',
  ),
  'upgrade_type' => '3',
  'integral' => '1',
  'referrer_count' => '10',
  'period' => '12',
  'role_id' => '2',
)
[ info ] [ SESSION ] INIT array (
  'id' => '',
  'var_session_id' => '',
  'prefix' => 'think',
  'type' => '',
  'auto_start' => true,
)
[ info ] [ DB ] INIT mysql
[ info ] [ RUN ] app\admin\controller\Level->edit[ /Applications/MAMP/htdocs/start/sbt/application/admin/controller/Level.php ]
[ info ] [ CACHE ] INIT File
[ info ] [ LOG ] INIT File
---------------------------------------------------------------
[ 2017-11-13T10:26:12+08:00 ] ::1 ::1 POST /admin/level/edit.html
[ info ] api.sbt.com/admin/level/edit.html [运行时间：0.895096s][吞吐率：1.12req/s] [内存消耗：4,844.70kb] [文件加载：65]
[ info ] [ LANG ] /Applications/MAMP/htdocs/start/sbt/thinkphp/lang/zh-cn.php
[ info ] [ ROUTE ] array (
  'type' => 'module',
  'module' => 
  array (
    0 => 'admin',
    1 => 'level',
    2 => 'edit',
  ),
)
[ info ] [ HEADER ] array (
  'host' => 'api.sbt.com',
  'connection' => 'keep-alive',
  'content-length' => '230',
  'accept' => '*/*',
  'origin' => 'http://api.sbt.com',
  'x-requested-with' => 'XMLHttpRequest',
  'user-agent' => 'Mozilla/5.0 (Macintosh; Intel Mac OS X 10_13_1) AppleWebKit/537.36 (KHTML, like Gecko) Chrome/62.0.3202.89 Safari/537.36',
  'content-type' => 'application/x-www-form-urlencoded; charset=UTF-8',
  'referer' => 'http://api.sbt.com/admin/level/edit.html?role_id=2',
  'accept-encoding' => 'gzip, deflate',
  'accept-language' => 'zh-CN,zh;q=0.9,en;q=0.8',
  'cookie' => 'PHPSESSID=37c0f03de7441d0c1ba91f861c0b677a',
)
[ info ] [ PARAM ] array (
  'role_name' => '主管',
  'pay_id' => 
  array (
    0 => '1',
    1 => '2',
    2 => '3',
  ),
  'settle' => 
  array (
    0 => '0.5',
    1 => '0.5',
    2 => '0.5',
  ),
  'extra' => 
  array (
    0 => '2',
    1 => '2',
    2 => '2',
  ),
  'upgrade_type' => '3',
  'integral' => '1',
  'referrer_count' => '10',
  'period' => '12',
  'role_id' => '2',
)
[ info ] [ SESSION ] INIT array (
  'id' => '',
  'var_session_id' => '',
  'prefix' => 'think',
  'type' => '',
  'auto_start' => true,
)
[ info ] [ DB ] INIT mysql
[ info ] [ RUN ] app\admin\controller\Level->edit[ /Applications/MAMP/htdocs/start/sbt/application/admin/controller/Level.php ]
[ info ] [ CACHE ] INIT File
[ info ] [ LOG ] INIT File
[ error ] [10501]SQLSTATE[23000]: Integrity constraint violation: 1052 Column 'settle_rate' in field list is ambiguous[/Applications/MAMP/htdocs/start/sbt/thinkphp/library/think/db/Connection.php:451]
---------------------------------------------------------------
[ 2017-11-13T10:26:54+08:00 ] ::1 ::1 POST /admin/level/edit.html
[ info ] api.sbt.com/admin/level/edit.html [运行时间：0.849697s][吞吐率：1.18req/s] [内存消耗：4,846.16kb] [文件加载：65]
[ info ] [ LANG ] /Applications/MAMP/htdocs/start/sbt/thinkphp/lang/zh-cn.php
[ info ] [ ROUTE ] array (
  'type' => 'module',
  'module' => 
  array (
    0 => 'admin',
    1 => 'level',
    2 => 'edit',
  ),
)
[ info ] [ HEADER ] array (
  'host' => 'api.sbt.com',
  'connection' => 'keep-alive',
  'content-length' => '230',
  'accept' => '*/*',
  'origin' => 'http://api.sbt.com',
  'x-requested-with' => 'XMLHttpRequest',
  'user-agent' => 'Mozilla/5.0 (Macintosh; Intel Mac OS X 10_13_1) AppleWebKit/537.36 (KHTML, like Gecko) Chrome/62.0.3202.89 Safari/537.36',
  'content-type' => 'application/x-www-form-urlencoded; charset=UTF-8',
  'referer' => 'http://api.sbt.com/admin/level/edit.html?role_id=2',
  'accept-encoding' => 'gzip, deflate',
  'accept-language' => 'zh-CN,zh;q=0.9,en;q=0.8',
  'cookie' => 'PHPSESSID=37c0f03de7441d0c1ba91f861c0b677a',
)
[ info ] [ PARAM ] array (
  'role_name' => '主管',
  'pay_id' => 
  array (
    0 => '1',
    1 => '2',
    2 => '3',
  ),
  'settle' => 
  array (
    0 => '0.5',
    1 => '0.5',
    2 => '0.5',
  ),
  'extra' => 
  array (
    0 => '2',
    1 => '2',
    2 => '2',
  ),
  'upgrade_type' => '3',
  'integral' => '1',
  'referrer_count' => '10',
  'period' => '12',
  'role_id' => '2',
)
[ info ] [ SESSION ] INIT array (
  'id' => '',
  'var_session_id' => '',
  'prefix' => 'think',
  'type' => '',
  'auto_start' => true,
)
[ info ] [ DB ] INIT mysql
[ info ] [ RUN ] app\admin\controller\Level->edit[ /Applications/MAMP/htdocs/start/sbt/application/admin/controller/Level.php ]
[ info ] [ CACHE ] INIT File
[ info ] [ LOG ] INIT File
[ error ] [10501]SQLSTATE[23000]: Integrity constraint violation: 1052 Column 'settle_rate' in field list is ambiguous[/Applications/MAMP/htdocs/start/sbt/thinkphp/library/think/db/Connection.php:451]
---------------------------------------------------------------
[ 2017-11-13T10:35:43+08:00 ] ::1 ::1 POST /admin/level/edit.html
[ info ] api.sbt.com/admin/level/edit.html [运行时间：1.012621s][吞吐率：0.99req/s] [内存消耗：4,840.32kb] [文件加载：63]
[ info ] [ LANG ] /Applications/MAMP/htdocs/start/sbt/thinkphp/lang/zh-cn.php
[ info ] [ ROUTE ] array (
  'type' => 'module',
  'module' => 
  array (
    0 => 'admin',
    1 => 'level',
    2 => 'edit',
  ),
)
[ info ] [ HEADER ] array (
  'host' => 'api.sbt.com',
  'connection' => 'keep-alive',
  'content-length' => '230',
  'accept' => '*/*',
  'origin' => 'http://api.sbt.com',
  'x-requested-with' => 'XMLHttpRequest',
  'user-agent' => 'Mozilla/5.0 (Macintosh; Intel Mac OS X 10_13_1) AppleWebKit/537.36 (KHTML, like Gecko) Chrome/62.0.3202.89 Safari/537.36',
  'content-type' => 'application/x-www-form-urlencoded; charset=UTF-8',
  'referer' => 'http://api.sbt.com/admin/level/edit.html?role_id=2',
  'accept-encoding' => 'gzip, deflate',
  'accept-language' => 'zh-CN,zh;q=0.9,en;q=0.8',
  'cookie' => 'PHPSESSID=37c0f03de7441d0c1ba91f861c0b677a',
)
[ info ] [ PARAM ] array (
  'role_name' => '主管',
  'pay_id' => 
  array (
    0 => '1',
    1 => '2',
    2 => '3',
  ),
  'settle' => 
  array (
    0 => '0.5',
    1 => '0.5',
    2 => '0.5',
  ),
  'extra' => 
  array (
    0 => '2',
    1 => '2',
    2 => '2',
  ),
  'upgrade_type' => '3',
  'integral' => '1',
  'referrer_count' => '10',
  'period' => '12',
  'role_id' => '2',
)
[ info ] [ SESSION ] INIT array (
  'id' => '',
  'var_session_id' => '',
  'prefix' => 'think',
  'type' => '',
  'auto_start' => true,
)
[ info ] [ DB ] INIT mysql
[ info ] [ RUN ] app\admin\controller\Level->edit[ /Applications/MAMP/htdocs/start/sbt/application/admin/controller/Level.php ]
[ info ] [ CACHE ] INIT File
[ info ] [ LOG ] INIT File
[ error ] [0]数据表字段不存在:[role_id][/Applications/MAMP/htdocs/start/sbt/thinkphp/library/think/db/Builder.php:107]
---------------------------------------------------------------
[ 2017-11-13T10:39:09+08:00 ] ::1 ::1 POST /admin/level/edit.html
[ info ] api.sbt.com/admin/level/edit.html [运行时间：0.825259s][吞吐率：1.21req/s] [内存消耗：4,836.70kb] [文件加载：63]
[ info ] [ LANG ] /Applications/MAMP/htdocs/start/sbt/thinkphp/lang/zh-cn.php
[ info ] [ ROUTE ] array (
  'type' => 'module',
  'module' => 
  array (
    0 => 'admin',
    1 => 'level',
    2 => 'edit',
  ),
)
[ info ] [ HEADER ] array (
  'host' => 'api.sbt.com',
  'connection' => 'keep-alive',
  'content-length' => '230',
  'accept' => '*/*',
  'origin' => 'http://api.sbt.com',
  'x-requested-with' => 'XMLHttpRequest',
  'user-agent' => 'Mozilla/5.0 (Macintosh; Intel Mac OS X 10_13_1) AppleWebKit/537.36 (KHTML, like Gecko) Chrome/62.0.3202.89 Safari/537.36',
  'content-type' => 'application/x-www-form-urlencoded; charset=UTF-8',
  'referer' => 'http://api.sbt.com/admin/level/edit.html?role_id=2',
  'accept-encoding' => 'gzip, deflate',
  'accept-language' => 'zh-CN,zh;q=0.9,en;q=0.8',
  'cookie' => 'PHPSESSID=37c0f03de7441d0c1ba91f861c0b677a',
)
[ info ] [ PARAM ] array (
  'role_name' => '主管',
  'pay_id' => 
  array (
    0 => '1',
    1 => '2',
    2 => '3',
  ),
  'settle' => 
  array (
    0 => '0.5',
    1 => '0.5',
    2 => '0.5',
  ),
  'extra' => 
  array (
    0 => '2',
    1 => '2',
    2 => '2',
  ),
  'upgrade_type' => '3',
  'integral' => '1',
  'referrer_count' => '10',
  'period' => '12',
  'role_id' => '2',
)
[ info ] [ SESSION ] INIT array (
  'id' => '',
  'var_session_id' => '',
  'prefix' => 'think',
  'type' => '',
  'auto_start' => true,
)
[ info ] [ DB ] INIT mysql
[ info ] [ RUN ] app\admin\controller\Level->edit[ /Applications/MAMP/htdocs/start/sbt/application/admin/controller/Level.php ]
[ info ] [ CACHE ] INIT File
[ info ] [ LOG ] INIT File
[ error ] [0]数据表字段不存在:[role_id][/Applications/MAMP/htdocs/start/sbt/thinkphp/library/think/db/Builder.php:107]
---------------------------------------------------------------
[ 2017-11-13T10:39:49+08:00 ] ::1 ::1 POST /admin/level/edit.html
[ info ] api.sbt.com/admin/level/edit.html [运行时间：0.873510s][吞吐率：1.14req/s] [内存消耗：4,836.12kb] [文件加载：63]
[ info ] [ LANG ] /Applications/MAMP/htdocs/start/sbt/thinkphp/lang/zh-cn.php
[ info ] [ ROUTE ] array (
  'type' => 'module',
  'module' => 
  array (
    0 => 'admin',
    1 => 'level',
    2 => 'edit',
  ),
)
[ info ] [ HEADER ] array (
  'host' => 'api.sbt.com',
  'connection' => 'keep-alive',
  'content-length' => '230',
  'accept' => '*/*',
  'origin' => 'http://api.sbt.com',
  'x-requested-with' => 'XMLHttpRequest',
  'user-agent' => 'Mozilla/5.0 (Macintosh; Intel Mac OS X 10_13_1) AppleWebKit/537.36 (KHTML, like Gecko) Chrome/62.0.3202.89 Safari/537.36',
  'content-type' => 'application/x-www-form-urlencoded; charset=UTF-8',
  'referer' => 'http://api.sbt.com/admin/level/edit.html?role_id=2',
  'accept-encoding' => 'gzip, deflate',
  'accept-language' => 'zh-CN,zh;q=0.9,en;q=0.8',
  'cookie' => 'PHPSESSID=37c0f03de7441d0c1ba91f861c0b677a',
)
[ info ] [ PARAM ] array (
  'role_name' => '主管',
  'pay_id' => 
  array (
    0 => '1',
    1 => '2',
    2 => '3',
  ),
  'settle' => 
  array (
    0 => '0.5',
    1 => '0.5',
    2 => '0.5',
  ),
  'extra' => 
  array (
    0 => '2',
    1 => '2',
    2 => '2',
  ),
  'upgrade_type' => '3',
  'integral' => '1',
  'referrer_count' => '10',
  'period' => '12',
  'role_id' => '2',
)
[ info ] [ SESSION ] INIT array (
  'id' => '',
  'var_session_id' => '',
  'prefix' => 'think',
  'type' => '',
  'auto_start' => true,
)
[ info ] [ DB ] INIT mysql
[ info ] [ RUN ] app\admin\controller\Level->edit[ /Applications/MAMP/htdocs/start/sbt/application/admin/controller/Level.php ]
[ info ] [ CACHE ] INIT File
[ info ] [ LOG ] INIT File
[ error ] [0]数据表字段不存在:[role_id][/Applications/MAMP/htdocs/start/sbt/thinkphp/library/think/db/Builder.php:107]
---------------------------------------------------------------
[ 2017-11-13T10:59:08+08:00 ] ::1 ::1 POST /admin/level/edit.html
[ info ] api.sbt.com/admin/level/edit.html [运行时间：0.614606s][吞吐率：1.63req/s] [内存消耗：4,870.23kb] [文件加载：62]
[ info ] [ LANG ] /Applications/MAMP/htdocs/start/sbt/thinkphp/lang/zh-cn.php
[ info ] [ ROUTE ] array (
  'type' => 'module',
  'module' => 
  array (
    0 => 'admin',
    1 => 'level',
    2 => 'edit',
  ),
)
[ info ] [ HEADER ] array (
  'host' => 'api.sbt.com',
  'connection' => 'keep-alive',
  'content-length' => '230',
  'accept' => '*/*',
  'origin' => 'http://api.sbt.com',
  'x-requested-with' => 'XMLHttpRequest',
  'user-agent' => 'Mozilla/5.0 (Macintosh; Intel Mac OS X 10_13_1) AppleWebKit/537.36 (KHTML, like Gecko) Chrome/62.0.3202.89 Safari/537.36',
  'content-type' => 'application/x-www-form-urlencoded; charset=UTF-8',
  'referer' => 'http://api.sbt.com/admin/level/edit.html?role_id=2',
  'accept-encoding' => 'gzip, deflate',
  'accept-language' => 'zh-CN,zh;q=0.9,en;q=0.8',
  'cookie' => 'PHPSESSID=37c0f03de7441d0c1ba91f861c0b677a',
)
[ info ] [ PARAM ] array (
  'role_name' => '主管',
  'pay_id' => 
  array (
    0 => '1',
    1 => '2',
    2 => '3',
  ),
  'settle' => 
  array (
    0 => '0.5',
    1 => '0.5',
    2 => '0.5',
  ),
  'extra' => 
  array (
    0 => '2',
    1 => '2',
    2 => '2',
  ),
  'upgrade_type' => '3',
  'integral' => '1',
  'referrer_count' => '10',
  'period' => '12',
  'role_id' => '2',
)
[ info ] [ SESSION ] INIT array (
  'id' => '',
  'var_session_id' => '',
  'prefix' => 'think',
  'type' => '',
  'auto_start' => true,
)
[ info ] [ DB ] INIT mysql
[ info ] [ RUN ] app\admin\controller\Level->edit[ /Applications/MAMP/htdocs/start/sbt/application/admin/controller/Level.php ]
[ info ] [ CACHE ] INIT File
[ info ] [ LOG ] INIT File
---------------------------------------------------------------
[ 2017-11-13T10:59:12+08:00 ] ::1 ::1 GET /admin/level/index.html
[ info ] api.sbt.com/admin/level/index.html [运行时间：0.474518s][吞吐率：2.11req/s] [内存消耗：4,823.71kb] [文件加载：60]
[ info ] [ LANG ] /Applications/MAMP/htdocs/start/sbt/thinkphp/lang/zh-cn.php
[ info ] [ ROUTE ] array (
  'type' => 'module',
  'module' => 
  array (
    0 => 'admin',
    1 => 'level',
    2 => 'index',
  ),
)
[ info ] [ HEADER ] array (
  'host' => 'api.sbt.com',
  'connection' => 'keep-alive',
  'upgrade-insecure-requests' => '1',
  'user-agent' => 'Mozilla/5.0 (Macintosh; Intel Mac OS X 10_13_1) AppleWebKit/537.36 (KHTML, like Gecko) Chrome/62.0.3202.89 Safari/537.36',
  'accept' => 'text/html,application/xhtml+xml,application/xml;q=0.9,image/webp,image/apng,*/*;q=0.8',
  'referer' => 'http://api.sbt.com/admin/level/edit.html?role_id=2',
  'accept-encoding' => 'gzip, deflate',
  'accept-language' => 'zh-CN,zh;q=0.9,en;q=0.8',
  'cookie' => 'PHPSESSID=37c0f03de7441d0c1ba91f861c0b677a',
)
[ info ] [ PARAM ] array (
)
[ info ] [ SESSION ] INIT array (
  'id' => '',
  'var_session_id' => '',
  'prefix' => 'think',
  'type' => '',
  'auto_start' => true,
)
[ info ] [ DB ] INIT mysql
[ info ] [ RUN ] app\admin\controller\Level->index[ /Applications/MAMP/htdocs/start/sbt/application/admin/controller/Level.php ]
[ info ] [ VIEW ] /Applications/MAMP/htdocs/start/sbt/application/admin/view/level/lists.html [ array (
  0 => 'title',
  1 => 'lists',
  2 => 'pages',
  3 => 'sye_rate',
) ]
[ info ] [ LOG ] INIT File
---------------------------------------------------------------
[ 2017-11-13T10:59:17+08:00 ] ::1 ::1 POST /admin/level/edit.html
[ info ] api.sbt.com/admin/level/edit.html [运行时间：0.472745s][吞吐率：2.12req/s] [内存消耗：4,871.97kb] [文件加载：62]
[ info ] [ LANG ] /Applications/MAMP/htdocs/start/sbt/thinkphp/lang/zh-cn.php
[ info ] [ ROUTE ] array (
  'type' => 'module',
  'module' => 
  array (
    0 => 'admin',
    1 => 'level',
    2 => 'edit',
  ),
)
[ info ] [ HEADER ] array (
  'host' => 'api.sbt.com',
  'connection' => 'keep-alive',
  'content-length' => '230',
  'accept' => '*/*',
  'origin' => 'http://api.sbt.com',
  'x-requested-with' => 'XMLHttpRequest',
  'user-agent' => 'Mozilla/5.0 (Macintosh; Intel Mac OS X 10_13_1) AppleWebKit/537.36 (KHTML, like Gecko) Chrome/62.0.3202.89 Safari/537.36',
  'content-type' => 'application/x-www-form-urlencoded; charset=UTF-8',
  'referer' => 'http://api.sbt.com/admin/level/edit.html?role_id=2',
  'accept-encoding' => 'gzip, deflate',
  'accept-language' => 'zh-CN,zh;q=0.9,en;q=0.8',
  'cookie' => 'PHPSESSID=37c0f03de7441d0c1ba91f861c0b677a',
)
[ info ] [ PARAM ] array (
  'role_name' => '主管',
  'pay_id' => 
  array (
    0 => '1',
    1 => '2',
    2 => '3',
  ),
  'settle' => 
  array (
    0 => '0.6',
    1 => '0.5',
    2 => '0.5',
  ),
  'extra' => 
  array (
    0 => '2',
    1 => '2',
    2 => '2',
  ),
  'upgrade_type' => '3',
  'integral' => '1',
  'referrer_count' => '10',
  'period' => '12',
  'role_id' => '2',
)
[ info ] [ SESSION ] INIT array (
  'id' => '',
  'var_session_id' => '',
  'prefix' => 'think',
  'type' => '',
  'auto_start' => true,
)
[ info ] [ DB ] INIT mysql
[ info ] [ RUN ] app\admin\controller\Level->edit[ /Applications/MAMP/htdocs/start/sbt/application/admin/controller/Level.php ]
[ info ] [ CACHE ] INIT File
[ info ] [ LOG ] INIT File
---------------------------------------------------------------
[ 2017-11-13T10:59:21+08:00 ] ::1 ::1 GET /admin/level/index.html
[ info ] api.sbt.com/admin/level/index.html [运行时间：0.463013s][吞吐率：2.16req/s] [内存消耗：4,823.71kb] [文件加载：60]
[ info ] [ LANG ] /Applications/MAMP/htdocs/start/sbt/thinkphp/lang/zh-cn.php
[ info ] [ ROUTE ] array (
  'type' => 'module',
  'module' => 
  array (
    0 => 'admin',
    1 => 'level',
    2 => 'index',
  ),
)
[ info ] [ HEADER ] array (
  'host' => 'api.sbt.com',
  'connection' => 'keep-alive',
  'upgrade-insecure-requests' => '1',
  'user-agent' => 'Mozilla/5.0 (Macintosh; Intel Mac OS X 10_13_1) AppleWebKit/537.36 (KHTML, like Gecko) Chrome/62.0.3202.89 Safari/537.36',
  'accept' => 'text/html,application/xhtml+xml,application/xml;q=0.9,image/webp,image/apng,*/*;q=0.8',
  'referer' => 'http://api.sbt.com/admin/level/edit.html?role_id=2',
  'accept-encoding' => 'gzip, deflate',
  'accept-language' => 'zh-CN,zh;q=0.9,en;q=0.8',
  'cookie' => 'PHPSESSID=37c0f03de7441d0c1ba91f861c0b677a',
)
[ info ] [ PARAM ] array (
)
[ info ] [ SESSION ] INIT array (
  'id' => '',
  'var_session_id' => '',
  'prefix' => 'think',
  'type' => '',
  'auto_start' => true,
)
[ info ] [ DB ] INIT mysql
[ info ] [ RUN ] app\admin\controller\Level->index[ /Applications/MAMP/htdocs/start/sbt/application/admin/controller/Level.php ]
[ info ] [ VIEW ] /Applications/MAMP/htdocs/start/sbt/application/admin/view/level/lists.html [ array (
  0 => 'title',
  1 => 'lists',
  2 => 'pages',
  3 => 'sye_rate',
) ]
[ info ] [ LOG ] INIT File
---------------------------------------------------------------
[ 2017-11-13T10:59:54+08:00 ] ::1 ::1 GET /admin/level/edit.html?role_id=2
[ info ] api.sbt.com/admin/level/edit.html?role_id=2 [运行时间：0.482493s][吞吐率：2.07req/s] [内存消耗：4,745.08kb] [文件加载：59]
[ info ] [ LANG ] /Applications/MAMP/htdocs/start/sbt/thinkphp/lang/zh-cn.php
[ info ] [ ROUTE ] array (
  'type' => 'module',
  'module' => 
  array (
    0 => 'admin',
    1 => 'level',
    2 => 'edit',
  ),
)
[ info ] [ HEADER ] array (
  'host' => 'api.sbt.com',
  'connection' => 'keep-alive',
  'upgrade-insecure-requests' => '1',
  'user-agent' => 'Mozilla/5.0 (Macintosh; Intel Mac OS X 10_13_1) AppleWebKit/537.36 (KHTML, like Gecko) Chrome/62.0.3202.89 Safari/537.36',
  'accept' => 'text/html,application/xhtml+xml,application/xml;q=0.9,image/webp,image/apng,*/*;q=0.8',
  'referer' => 'http://api.sbt.com/admin/level/index.html',
  'accept-encoding' => 'gzip, deflate',
  'accept-language' => 'zh-CN,zh;q=0.9,en;q=0.8',
  'cookie' => 'PHPSESSID=37c0f03de7441d0c1ba91f861c0b677a',
)
[ info ] [ PARAM ] array (
  'role_id' => '2',
)
[ info ] [ SESSION ] INIT array (
  'id' => '',
  'var_session_id' => '',
  'prefix' => 'think',
  'type' => '',
  'auto_start' => true,
)
[ info ] [ DB ] INIT mysql
[ info ] [ RUN ] app\admin\controller\Level->edit[ /Applications/MAMP/htdocs/start/sbt/application/admin/controller/Level.php ]
[ info ] [ VIEW ] /Applications/MAMP/htdocs/start/sbt/application/admin/view/level/edit.html [ array (
  0 => 'title',
  1 => 'rate',
  2 => 'data',
) ]
[ info ] [ LOG ] INIT File
---------------------------------------------------------------
[ 2017-11-13T11:00:06+08:00 ] ::1 ::1 POST /admin/level/edit.html
[ info ] api.sbt.com/admin/level/edit.html [运行时间：0.480011s][吞吐率：2.08req/s] [内存消耗：4,869.48kb] [文件加载：62]
[ info ] [ LANG ] /Applications/MAMP/htdocs/start/sbt/thinkphp/lang/zh-cn.php
[ info ] [ ROUTE ] array (
  'type' => 'module',
  'module' => 
  array (
    0 => 'admin',
    1 => 'level',
    2 => 'edit',
  ),
)
[ info ] [ HEADER ] array (
  'host' => 'api.sbt.com',
  'connection' => 'keep-alive',
  'content-length' => '232',
  'accept' => '*/*',
  'origin' => 'http://api.sbt.com',
  'x-requested-with' => 'XMLHttpRequest',
  'user-agent' => 'Mozilla/5.0 (Macintosh; Intel Mac OS X 10_13_1) AppleWebKit/537.36 (KHTML, like Gecko) Chrome/62.0.3202.89 Safari/537.36',
  'content-type' => 'application/x-www-form-urlencoded; charset=UTF-8',
  'referer' => 'http://api.sbt.com/admin/level/edit.html?role_id=2',
  'accept-encoding' => 'gzip, deflate',
  'accept-language' => 'zh-CN,zh;q=0.9,en;q=0.8',
  'cookie' => 'PHPSESSID=37c0f03de7441d0c1ba91f861c0b677a',
)
[ info ] [ PARAM ] array (
  'role_name' => '主管',
  'pay_id' => 
  array (
    0 => '1',
    1 => '2',
    2 => '3',
  ),
  'settle' => 
  array (
    0 => '0.4',
    1 => '0.43',
    2 => '0.44',
  ),
  'extra' => 
  array (
    0 => '2',
    1 => '2',
    2 => '2',
  ),
  'upgrade_type' => '3',
  'integral' => '1',
  'referrer_count' => '10',
  'period' => '12',
  'role_id' => '2',
)
[ info ] [ SESSION ] INIT array (
  'id' => '',
  'var_session_id' => '',
  'prefix' => 'think',
  'type' => '',
  'auto_start' => true,
)
[ info ] [ DB ] INIT mysql
[ info ] [ RUN ] app\admin\controller\Level->edit[ /Applications/MAMP/htdocs/start/sbt/application/admin/controller/Level.php ]
[ info ] [ CACHE ] INIT File
[ info ] [ LOG ] INIT File
---------------------------------------------------------------
[ 2017-11-13T11:00:10+08:00 ] ::1 ::1 GET /admin/level/index.html
[ info ] api.sbt.com/admin/level/index.html [运行时间：0.462502s][吞吐率：2.16req/s] [内存消耗：4,823.71kb] [文件加载：60]
[ info ] [ LANG ] /Applications/MAMP/htdocs/start/sbt/thinkphp/lang/zh-cn.php
[ info ] [ ROUTE ] array (
  'type' => 'module',
  'module' => 
  array (
    0 => 'admin',
    1 => 'level',
    2 => 'index',
  ),
)
[ info ] [ HEADER ] array (
  'host' => 'api.sbt.com',
  'connection' => 'keep-alive',
  'upgrade-insecure-requests' => '1',
  'user-agent' => 'Mozilla/5.0 (Macintosh; Intel Mac OS X 10_13_1) AppleWebKit/537.36 (KHTML, like Gecko) Chrome/62.0.3202.89 Safari/537.36',
  'accept' => 'text/html,application/xhtml+xml,application/xml;q=0.9,image/webp,image/apng,*/*;q=0.8',
  'referer' => 'http://api.sbt.com/admin/level/edit.html?role_id=2',
  'accept-encoding' => 'gzip, deflate',
  'accept-language' => 'zh-CN,zh;q=0.9,en;q=0.8',
  'cookie' => 'PHPSESSID=37c0f03de7441d0c1ba91f861c0b677a',
)
[ info ] [ PARAM ] array (
)
[ info ] [ SESSION ] INIT array (
  'id' => '',
  'var_session_id' => '',
  'prefix' => 'think',
  'type' => '',
  'auto_start' => true,
)
[ info ] [ DB ] INIT mysql
[ info ] [ RUN ] app\admin\controller\Level->index[ /Applications/MAMP/htdocs/start/sbt/application/admin/controller/Level.php ]
[ info ] [ VIEW ] /Applications/MAMP/htdocs/start/sbt/application/admin/view/level/lists.html [ array (
  0 => 'title',
  1 => 'lists',
  2 => 'pages',
  3 => 'sye_rate',
) ]
[ info ] [ LOG ] INIT File
---------------------------------------------------------------
[ 2017-11-13T11:00:42+08:00 ] ::1 ::1 GET /admin/level/edit.html?role_id=2
[ info ] api.sbt.com/admin/level/edit.html?role_id=2 [运行时间：0.481986s][吞吐率：2.07req/s] [内存消耗：4,745.55kb] [文件加载：59]
[ info ] [ LANG ] /Applications/MAMP/htdocs/start/sbt/thinkphp/lang/zh-cn.php
[ info ] [ ROUTE ] array (
  'type' => 'module',
  'module' => 
  array (
    0 => 'admin',
    1 => 'level',
    2 => 'edit',
  ),
)
[ info ] [ HEADER ] array (
  'host' => 'api.sbt.com',
  'connection' => 'keep-alive',
  'upgrade-insecure-requests' => '1',
  'user-agent' => 'Mozilla/5.0 (Macintosh; Intel Mac OS X 10_13_1) AppleWebKit/537.36 (KHTML, like Gecko) Chrome/62.0.3202.89 Safari/537.36',
  'accept' => 'text/html,application/xhtml+xml,application/xml;q=0.9,image/webp,image/apng,*/*;q=0.8',
  'referer' => 'http://api.sbt.com/admin/level/index.html',
  'accept-encoding' => 'gzip, deflate',
  'accept-language' => 'zh-CN,zh;q=0.9,en;q=0.8',
  'cookie' => 'PHPSESSID=37c0f03de7441d0c1ba91f861c0b677a',
)
[ info ] [ PARAM ] array (
  'role_id' => '2',
)
[ info ] [ SESSION ] INIT array (
  'id' => '',
  'var_session_id' => '',
  'prefix' => 'think',
  'type' => '',
  'auto_start' => true,
)
[ info ] [ DB ] INIT mysql
[ info ] [ RUN ] app\admin\controller\Level->edit[ /Applications/MAMP/htdocs/start/sbt/application/admin/controller/Level.php ]
[ info ] [ VIEW ] /Applications/MAMP/htdocs/start/sbt/application/admin/view/level/edit.html [ array (
  0 => 'title',
  1 => 'rate',
  2 => 'data',
) ]
[ info ] [ LOG ] INIT File
---------------------------------------------------------------
[ 2017-11-13T11:00:46+08:00 ] ::1 ::1 POST /admin/level/edit.html
[ info ] api.sbt.com/admin/level/edit.html [运行时间：0.501762s][吞吐率：1.99req/s] [内存消耗：4,871.76kb] [文件加载：62]
[ info ] [ LANG ] /Applications/MAMP/htdocs/start/sbt/thinkphp/lang/zh-cn.php
[ info ] [ ROUTE ] array (
  'type' => 'module',
  'module' => 
  array (
    0 => 'admin',
    1 => 'level',
    2 => 'edit',
  ),
)
[ info ] [ HEADER ] array (
  'host' => 'api.sbt.com',
  'connection' => 'keep-alive',
  'content-length' => '230',
  'accept' => '*/*',
  'origin' => 'http://api.sbt.com',
  'x-requested-with' => 'XMLHttpRequest',
  'user-agent' => 'Mozilla/5.0 (Macintosh; Intel Mac OS X 10_13_1) AppleWebKit/537.36 (KHTML, like Gecko) Chrome/62.0.3202.89 Safari/537.36',
  'content-type' => 'application/x-www-form-urlencoded; charset=UTF-8',
  'referer' => 'http://api.sbt.com/admin/level/edit.html?role_id=2',
  'accept-encoding' => 'gzip, deflate',
  'accept-language' => 'zh-CN,zh;q=0.9,en;q=0.8',
  'cookie' => 'PHPSESSID=37c0f03de7441d0c1ba91f861c0b677a',
)
[ info ] [ PARAM ] array (
  'role_name' => '主管',
  'pay_id' => 
  array (
    0 => '1',
    1 => '2',
    2 => '3',
  ),
  'settle' => 
  array (
    0 => '0.5',
    1 => '0.5',
    2 => '0.5',
  ),
  'extra' => 
  array (
    0 => '2',
    1 => '2',
    2 => '2',
  ),
  'upgrade_type' => '3',
  'integral' => '1',
  'referrer_count' => '10',
  'period' => '11',
  'role_id' => '2',
)
[ info ] [ SESSION ] INIT array (
  'id' => '',
  'var_session_id' => '',
  'prefix' => 'think',
  'type' => '',
  'auto_start' => true,
)
[ info ] [ DB ] INIT mysql
[ info ] [ RUN ] app\admin\controller\Level->edit[ /Applications/MAMP/htdocs/start/sbt/application/admin/controller/Level.php ]
[ info ] [ CACHE ] INIT File
[ info ] [ LOG ] INIT File
---------------------------------------------------------------
[ 2017-11-13T11:00:50+08:00 ] ::1 ::1 GET /admin/level/index.html
[ info ] api.sbt.com/admin/level/index.html [运行时间：0.458682s][吞吐率：2.18req/s] [内存消耗：4,824.21kb] [文件加载：60]
[ info ] [ LANG ] /Applications/MAMP/htdocs/start/sbt/thinkphp/lang/zh-cn.php
[ info ] [ ROUTE ] array (
  'type' => 'module',
  'module' => 
  array (
    0 => 'admin',
    1 => 'level',
    2 => 'index',
  ),
)
[ info ] [ HEADER ] array (
  'host' => 'api.sbt.com',
  'connection' => 'keep-alive',
  'upgrade-insecure-requests' => '1',
  'user-agent' => 'Mozilla/5.0 (Macintosh; Intel Mac OS X 10_13_1) AppleWebKit/537.36 (KHTML, like Gecko) Chrome/62.0.3202.89 Safari/537.36',
  'accept' => 'text/html,application/xhtml+xml,application/xml;q=0.9,image/webp,image/apng,*/*;q=0.8',
  'referer' => 'http://api.sbt.com/admin/level/edit.html?role_id=2',
  'accept-encoding' => 'gzip, deflate',
  'accept-language' => 'zh-CN,zh;q=0.9,en;q=0.8',
  'cookie' => 'PHPSESSID=37c0f03de7441d0c1ba91f861c0b677a',
)
[ info ] [ PARAM ] array (
)
[ info ] [ SESSION ] INIT array (
  'id' => '',
  'var_session_id' => '',
  'prefix' => 'think',
  'type' => '',
  'auto_start' => true,
)
[ info ] [ DB ] INIT mysql
[ info ] [ RUN ] app\admin\controller\Level->index[ /Applications/MAMP/htdocs/start/sbt/application/admin/controller/Level.php ]
[ info ] [ VIEW ] /Applications/MAMP/htdocs/start/sbt/application/admin/view/level/lists.html [ array (
  0 => 'title',
  1 => 'lists',
  2 => 'pages',
  3 => 'sye_rate',
) ]
[ info ] [ LOG ] INIT File
---------------------------------------------------------------
[ 2017-11-13T11:00:55+08:00 ] ::1 ::1 GET /admin/level/edit.html?role_id=2
[ info ] api.sbt.com/admin/level/edit.html?role_id=2 [运行时间：0.476786s][吞吐率：2.10req/s] [内存消耗：4,745.20kb] [文件加载：59]
[ info ] [ LANG ] /Applications/MAMP/htdocs/start/sbt/thinkphp/lang/zh-cn.php
[ info ] [ ROUTE ] array (
  'type' => 'module',
  'module' => 
  array (
    0 => 'admin',
    1 => 'level',
    2 => 'edit',
  ),
)
[ info ] [ HEADER ] array (
  'host' => 'api.sbt.com',
  'connection' => 'keep-alive',
  'upgrade-insecure-requests' => '1',
  'user-agent' => 'Mozilla/5.0 (Macintosh; Intel Mac OS X 10_13_1) AppleWebKit/537.36 (KHTML, like Gecko) Chrome/62.0.3202.89 Safari/537.36',
  'accept' => 'text/html,application/xhtml+xml,application/xml;q=0.9,image/webp,image/apng,*/*;q=0.8',
  'referer' => 'http://api.sbt.com/admin/level/index.html',
  'accept-encoding' => 'gzip, deflate',
  'accept-language' => 'zh-CN,zh;q=0.9,en;q=0.8',
  'cookie' => 'PHPSESSID=37c0f03de7441d0c1ba91f861c0b677a',
)
[ info ] [ PARAM ] array (
  'role_id' => '2',
)
[ info ] [ SESSION ] INIT array (
  'id' => '',
  'var_session_id' => '',
  'prefix' => 'think',
  'type' => '',
  'auto_start' => true,
)
[ info ] [ DB ] INIT mysql
[ info ] [ RUN ] app\admin\controller\Level->edit[ /Applications/MAMP/htdocs/start/sbt/application/admin/controller/Level.php ]
[ info ] [ VIEW ] /Applications/MAMP/htdocs/start/sbt/application/admin/view/level/edit.html [ array (
  0 => 'title',
  1 => 'rate',
  2 => 'data',
) ]
[ info ] [ LOG ] INIT File
---------------------------------------------------------------
[ 2017-11-13T11:05:04+08:00 ] ::1 ::1 POST /admin/level/edit.html
[ info ] api.sbt.com/admin/level/edit.html [运行时间：0.615939s][吞吐率：1.62req/s] [内存消耗：4,872.05kb] [文件加载：62]
[ info ] [ LANG ] /Applications/MAMP/htdocs/start/sbt/thinkphp/lang/zh-cn.php
[ info ] [ ROUTE ] array (
  'type' => 'module',
  'module' => 
  array (
    0 => 'admin',
    1 => 'level',
    2 => 'edit',
  ),
)
[ info ] [ HEADER ] array (
  'host' => 'api.sbt.com',
  'connection' => 'keep-alive',
  'content-length' => '230',
  'accept' => '*/*',
  'origin' => 'http://api.sbt.com',
  'x-requested-with' => 'XMLHttpRequest',
  'user-agent' => 'Mozilla/5.0 (Macintosh; Intel Mac OS X 10_13_1) AppleWebKit/537.36 (KHTML, like Gecko) Chrome/62.0.3202.89 Safari/537.36',
  'content-type' => 'application/x-www-form-urlencoded; charset=UTF-8',
  'referer' => 'http://api.sbt.com/admin/level/edit.html?role_id=2',
  'accept-encoding' => 'gzip, deflate',
  'accept-language' => 'zh-CN,zh;q=0.9,en;q=0.8',
  'cookie' => 'PHPSESSID=37c0f03de7441d0c1ba91f861c0b677a',
)
[ info ] [ PARAM ] array (
  'role_name' => '主管',
  'pay_id' => 
  array (
    0 => '1',
    1 => '2',
    2 => '3',
  ),
  'settle' => 
  array (
    0 => '0.5',
    1 => '0.5',
    2 => '0.5',
  ),
  'extra' => 
  array (
    0 => '2',
    1 => '2',
    2 => '2',
  ),
  'upgrade_type' => '2',
  'integral' => '1',
  'referrer_count' => '10',
  'period' => '11',
  'role_id' => '2',
)
[ info ] [ SESSION ] INIT array (
  'id' => '',
  'var_session_id' => '',
  'prefix' => 'think',
  'type' => '',
  'auto_start' => true,
)
[ info ] [ DB ] INIT mysql
[ info ] [ RUN ] app\admin\controller\Level->edit[ /Applications/MAMP/htdocs/start/sbt/application/admin/controller/Level.php ]
[ info ] [ CACHE ] INIT File
[ info ] [ LOG ] INIT File
---------------------------------------------------------------
[ 2017-11-13T11:05:08+08:00 ] ::1 ::1 GET /admin/level/index.html
[ info ] api.sbt.com/admin/level/index.html [运行时间：0.482739s][吞吐率：2.07req/s] [内存消耗：4,824.21kb] [文件加载：60]
[ info ] [ LANG ] /Applications/MAMP/htdocs/start/sbt/thinkphp/lang/zh-cn.php
[ info ] [ ROUTE ] array (
  'type' => 'module',
  'module' => 
  array (
    0 => 'admin',
    1 => 'level',
    2 => 'index',
  ),
)
[ info ] [ HEADER ] array (
  'host' => 'api.sbt.com',
  'connection' => 'keep-alive',
  'upgrade-insecure-requests' => '1',
  'user-agent' => 'Mozilla/5.0 (Macintosh; Intel Mac OS X 10_13_1) AppleWebKit/537.36 (KHTML, like Gecko) Chrome/62.0.3202.89 Safari/537.36',
  'accept' => 'text/html,application/xhtml+xml,application/xml;q=0.9,image/webp,image/apng,*/*;q=0.8',
  'referer' => 'http://api.sbt.com/admin/level/edit.html?role_id=2',
  'accept-encoding' => 'gzip, deflate',
  'accept-language' => 'zh-CN,zh;q=0.9,en;q=0.8',
  'cookie' => 'PHPSESSID=37c0f03de7441d0c1ba91f861c0b677a',
)
[ info ] [ PARAM ] array (
)
[ info ] [ SESSION ] INIT array (
  'id' => '',
  'var_session_id' => '',
  'prefix' => 'think',
  'type' => '',
  'auto_start' => true,
)
[ info ] [ DB ] INIT mysql
[ info ] [ RUN ] app\admin\controller\Level->index[ /Applications/MAMP/htdocs/start/sbt/application/admin/controller/Level.php ]
[ info ] [ VIEW ] /Applications/MAMP/htdocs/start/sbt/application/admin/view/level/lists.html [ array (
  0 => 'title',
  1 => 'lists',
  2 => 'pages',
  3 => 'sye_rate',
) ]
[ info ] [ LOG ] INIT File
---------------------------------------------------------------
[ 2017-11-13T11:28:03+08:00 ] ::1 ::1 GET /admin/level/index.html
[ info ] api.sbt.com/admin/level/index.html [运行时间：0.554655s][吞吐率：1.80req/s] [内存消耗：4,819.56kb] [文件加载：60]
[ info ] [ LANG ] /Applications/MAMP/htdocs/start/sbt/thinkphp/lang/zh-cn.php
[ info ] [ ROUTE ] array (
  'type' => 'module',
  'module' => 
  array (
    0 => 'admin',
    1 => 'level',
    2 => 'index',
  ),
)
[ info ] [ HEADER ] array (
  'host' => 'api.sbt.com',
  'connection' => 'keep-alive',
  'upgrade-insecure-requests' => '1',
  'user-agent' => 'Mozilla/5.0 (Macintosh; Intel Mac OS X 10_13_1) AppleWebKit/537.36 (KHTML, like Gecko) Chrome/62.0.3202.89 Safari/537.36',
  'accept' => 'text/html,application/xhtml+xml,application/xml;q=0.9,image/webp,image/apng,*/*;q=0.8',
  'referer' => 'http://api.sbt.com/admin/level/index.html',
  'accept-encoding' => 'gzip, deflate',
  'accept-language' => 'zh-CN,zh;q=0.9,en;q=0.8',
  'cookie' => 'PHPSESSID=37c0f03de7441d0c1ba91f861c0b677a',
)
[ info ] [ PARAM ] array (
)
[ info ] [ SESSION ] INIT array (
  'id' => '',
  'var_session_id' => '',
  'prefix' => 'think',
  'type' => '',
  'auto_start' => true,
)
[ info ] [ DB ] INIT mysql
[ info ] [ RUN ] app\admin\controller\Level->index[ /Applications/MAMP/htdocs/start/sbt/application/admin/controller/Level.php ]
[ info ] [ VIEW ] /Applications/MAMP/htdocs/start/sbt/application/admin/view/level/lists.html [ array (
  0 => 'title',
  1 => 'lists',
  2 => 'pages',
  3 => 'sye_rate',
) ]
[ info ] [ LOG ] INIT File
---------------------------------------------------------------
[ 2017-11-13T12:01:00+08:00 ] ::1 ::1 GET /admin/user/index.html
[ info ] api.sbt.com/admin/user/index.html [运行时间：0.568567s][吞吐率：1.76req/s] [内存消耗：4,887.54kb] [文件加载：60]
[ info ] [ LANG ] /Applications/MAMP/htdocs/start/sbt/thinkphp/lang/zh-cn.php
[ info ] [ ROUTE ] array (
  'type' => 'module',
  'module' => 
  array (
    0 => 'admin',
    1 => 'user',
    2 => 'index',
  ),
)
[ info ] [ HEADER ] array (
  'host' => 'api.sbt.com',
  'connection' => 'keep-alive',
  'upgrade-insecure-requests' => '1',
  'user-agent' => 'Mozilla/5.0 (Macintosh; Intel Mac OS X 10_13_1) AppleWebKit/537.36 (KHTML, like Gecko) Chrome/62.0.3202.89 Safari/537.36',
  'accept' => 'text/html,application/xhtml+xml,application/xml;q=0.9,image/webp,image/apng,*/*;q=0.8',
  'referer' => 'http://api.sbt.com/admin/level/index.html',
  'accept-encoding' => 'gzip, deflate',
  'accept-language' => 'zh-CN,zh;q=0.9,en;q=0.8',
  'cookie' => 'PHPSESSID=37c0f03de7441d0c1ba91f861c0b677a',
)
[ info ] [ PARAM ] array (
)
[ info ] [ SESSION ] INIT array (
  'id' => '',
  'var_session_id' => '',
  'prefix' => 'think',
  'type' => '',
  'auto_start' => true,
)
[ info ] [ DB ] INIT mysql
[ info ] [ RUN ] app\admin\controller\User->index[ /Applications/MAMP/htdocs/start/sbt/application/admin/controller/User.php ]
[ info ] [ VIEW ] /Applications/MAMP/htdocs/start/sbt/application/admin/view/user/index.html [ array (
  0 => 'title',
  1 => 'role_id',
  2 => 'role_data',
  3 => 'pages',
  4 => 'user_list',
) ]
[ info ] [ LOG ] INIT File
---------------------------------------------------------------
[ 2017-11-13T12:01:06+08:00 ] ::1 ::1 GET /admin/user/index.html?card_status=-1&role_id=-1&reg_time=&keyworld=%E5%BC%A0
[ info ] api.sbt.com/admin/user/index.html?card_status=-1&role_id=-1&reg_time=&keyworld=%E5%BC%A0 [运行时间：0.457277s][吞吐率：2.19req/s] [内存消耗：4,889.79kb] [文件加载：60]
[ info ] [ LANG ] /Applications/MAMP/htdocs/start/sbt/thinkphp/lang/zh-cn.php
[ info ] [ ROUTE ] array (
  'type' => 'module',
  'module' => 
  array (
    0 => 'admin',
    1 => 'user',
    2 => 'index',
  ),
)
[ info ] [ HEADER ] array (
  'host' => 'api.sbt.com',
  'connection' => 'keep-alive',
  'upgrade-insecure-requests' => '1',
  'user-agent' => 'Mozilla/5.0 (Macintosh; Intel Mac OS X 10_13_1) AppleWebKit/537.36 (KHTML, like Gecko) Chrome/62.0.3202.89 Safari/537.36',
  'accept' => 'text/html,application/xhtml+xml,application/xml;q=0.9,image/webp,image/apng,*/*;q=0.8',
  'referer' => 'http://api.sbt.com/admin/user/index.html',
  'accept-encoding' => 'gzip, deflate',
  'accept-language' => 'zh-CN,zh;q=0.9,en;q=0.8',
  'cookie' => 'PHPSESSID=37c0f03de7441d0c1ba91f861c0b677a',
)
[ info ] [ PARAM ] array (
  'card_status' => '-1',
  'role_id' => '-1',
  'reg_time' => '',
  'keyworld' => '张',
)
[ info ] [ SESSION ] INIT array (
  'id' => '',
  'var_session_id' => '',
  'prefix' => 'think',
  'type' => '',
  'auto_start' => true,
)
[ info ] [ DB ] INIT mysql
[ info ] [ RUN ] app\admin\controller\User->index[ /Applications/MAMP/htdocs/start/sbt/application/admin/controller/User.php ]
[ info ] [ VIEW ] /Applications/MAMP/htdocs/start/sbt/application/admin/view/user/index.html [ array (
  0 => 'title',
  1 => 'role_id',
  2 => 'role_data',
  3 => 'pages',
  4 => 'user_list',
) ]
[ info ] [ LOG ] INIT File
---------------------------------------------------------------
[ 2017-11-13T12:01:15+08:00 ] ::1 ::1 GET /admin/user/index.html?card_status=-1&role_id=-1&reg_time=&keyworld=%E5%BC%A0%E8%89%AF%E9%92%A6
[ info ] api.sbt.com/admin/user/index.html?card_status=-1&role_id=-1&reg_time=&keyworld=%E5%BC%A0%E8%89%AF%E9%92%A6 [运行时间：0.457719s][吞吐率：2.18req/s] [内存消耗：4,851.58kb] [文件加载：60]
[ info ] [ LANG ] /Applications/MAMP/htdocs/start/sbt/thinkphp/lang/zh-cn.php
[ info ] [ ROUTE ] array (
  'type' => 'module',
  'module' => 
  array (
    0 => 'admin',
    1 => 'user',
    2 => 'index',
  ),
)
[ info ] [ HEADER ] array (
  'host' => 'api.sbt.com',
  'connection' => 'keep-alive',
  'upgrade-insecure-requests' => '1',
  'user-agent' => 'Mozilla/5.0 (Macintosh; Intel Mac OS X 10_13_1) AppleWebKit/537.36 (KHTML, like Gecko) Chrome/62.0.3202.89 Safari/537.36',
  'accept' => 'text/html,application/xhtml+xml,application/xml;q=0.9,image/webp,image/apng,*/*;q=0.8',
  'referer' => 'http://api.sbt.com/admin/user/index.html?card_status=-1&role_id=-1&reg_time=&keyworld=%E5%BC%A0',
  'accept-encoding' => 'gzip, deflate',
  'accept-language' => 'zh-CN,zh;q=0.9,en;q=0.8',
  'cookie' => 'PHPSESSID=37c0f03de7441d0c1ba91f861c0b677a',
)
[ info ] [ PARAM ] array (
  'card_status' => '-1',
  'role_id' => '-1',
  'reg_time' => '',
  'keyworld' => '张良钦',
)
[ info ] [ SESSION ] INIT array (
  'id' => '',
  'var_session_id' => '',
  'prefix' => 'think',
  'type' => '',
  'auto_start' => true,
)
[ info ] [ DB ] INIT mysql
[ info ] [ RUN ] app\admin\controller\User->index[ /Applications/MAMP/htdocs/start/sbt/application/admin/controller/User.php ]
[ info ] [ VIEW ] /Applications/MAMP/htdocs/start/sbt/application/admin/view/user/index.html [ array (
  0 => 'title',
  1 => 'role_id',
  2 => 'role_data',
  3 => 'pages',
  4 => 'user_list',
) ]
[ info ] [ LOG ] INIT File
---------------------------------------------------------------
[ 2017-11-13T12:01:21+08:00 ] ::1 ::1 GET /admin/user/edit/user_id/18649738701.html
[ info ] api.sbt.com/admin/user/edit/user_id/18649738701.html [运行时间：0.555375s][吞吐率：1.80req/s] [内存消耗：4,742.52kb] [文件加载：58]
[ info ] [ LANG ] /Applications/MAMP/htdocs/start/sbt/thinkphp/lang/zh-cn.php
[ info ] [ ROUTE ] array (
  'type' => 'module',
  'module' => 
  array (
    0 => 'admin',
    1 => 'user',
    2 => 'edit',
  ),
)
[ info ] [ HEADER ] array (
  'host' => 'api.sbt.com',
  'connection' => 'keep-alive',
  'upgrade-insecure-requests' => '1',
  'user-agent' => 'Mozilla/5.0 (Macintosh; Intel Mac OS X 10_13_1) AppleWebKit/537.36 (KHTML, like Gecko) Chrome/62.0.3202.89 Safari/537.36',
  'accept' => 'text/html,application/xhtml+xml,application/xml;q=0.9,image/webp,image/apng,*/*;q=0.8',
  'referer' => 'http://api.sbt.com/admin/user/index.html?card_status=-1&role_id=-1&reg_time=&keyworld=%E5%BC%A0%E8%89%AF%E9%92%A6',
  'accept-encoding' => 'gzip, deflate',
  'accept-language' => 'zh-CN,zh;q=0.9,en;q=0.8',
  'cookie' => 'PHPSESSID=37c0f03de7441d0c1ba91f861c0b677a',
)
[ info ] [ PARAM ] array (
  'user_id' => '18649738701',
)
[ info ] [ SESSION ] INIT array (
  'id' => '',
  'var_session_id' => '',
  'prefix' => 'think',
  'type' => '',
  'auto_start' => true,
)
[ info ] [ DB ] INIT mysql
[ info ] [ RUN ] app\admin\controller\User->edit[ /Applications/MAMP/htdocs/start/sbt/application/admin/controller/User.php ]
[ info ] [ VIEW ] /Applications/MAMP/htdocs/start/sbt/application/admin/view/user/edit.html [ array (
  0 => 'title',
  1 => 'user',
  2 => 'rate',
) ]
[ info ] [ LOG ] INIT File
---------------------------------------------------------------
[ 2017-11-13T12:01:29+08:00 ] ::1 ::1 POST /admin/user/update.html
[ info ] api.sbt.com/admin/user/update.html [运行时间：0.481575s][吞吐率：2.08req/s] [内存消耗：4,599.63kb] [文件加载：57]
[ info ] [ LANG ] /Applications/MAMP/htdocs/start/sbt/thinkphp/lang/zh-cn.php
[ info ] [ ROUTE ] array (
  'type' => 'module',
  'module' => 
  array (
    0 => 'admin',
    1 => 'user',
    2 => 'update',
  ),
)
[ info ] [ HEADER ] array (
  'host' => 'api.sbt.com',
  'connection' => 'keep-alive',
  'content-length' => '198',
  'accept' => '*/*',
  'origin' => 'http://api.sbt.com',
  'x-requested-with' => 'XMLHttpRequest',
  'user-agent' => 'Mozilla/5.0 (Macintosh; Intel Mac OS X 10_13_1) AppleWebKit/537.36 (KHTML, like Gecko) Chrome/62.0.3202.89 Safari/537.36',
  'content-type' => 'application/x-www-form-urlencoded; charset=UTF-8',
  'referer' => 'http://api.sbt.com/admin/user/edit/user_id/18649738701.html',
  'accept-encoding' => 'gzip, deflate',
  'accept-language' => 'zh-CN,zh;q=0.9,en;q=0.8',
  'cookie' => 'PHPSESSID=37c0f03de7441d0c1ba91f861c0b677a',
)
[ info ] [ PARAM ] array (
  'role_id' => '2',
  'pay_id' => 
  array (
    0 => '1',
    1 => '2',
    2 => '3',
  ),
  'settle_rate' => 
  array (
    0 => '0.43',
    1 => '0.5',
    2 => '0.5',
  ),
  'extra_rate' => 
  array (
    0 => '2',
    1 => '2',
    2 => '2',
  ),
  'user_id' => '18649738701',
)
[ info ] [ SESSION ] INIT array (
  'id' => '',
  'var_session_id' => '',
  'prefix' => 'think',
  'type' => '',
  'auto_start' => true,
)
[ info ] [ DB ] INIT mysql
[ info ] [ RUN ] app\admin\controller\User->update[ /Applications/MAMP/htdocs/start/sbt/application/admin/controller/User.php ]
[ info ] [ LOG ] INIT File
---------------------------------------------------------------
[ 2017-11-13T13:33:50+08:00 ] ::1 ::1 GET /admin/user/edit/user_id/18649738701.html
[ info ] api.sbt.com/admin/user/edit/user_id/18649738701.html [运行时间：0.416298s][吞吐率：2.40req/s] [内存消耗：4,743.70kb] [文件加载：58]
[ info ] [ LANG ] /Applications/MAMP/htdocs/start/sbt/thinkphp/lang/zh-cn.php
[ info ] [ ROUTE ] array (
  'type' => 'module',
  'module' => 
  array (
    0 => 'admin',
    1 => 'user',
    2 => 'edit',
  ),
)
[ info ] [ HEADER ] array (
  'host' => 'api.sbt.com',
  'connection' => 'keep-alive',
  'cache-control' => 'max-age=0',
  'upgrade-insecure-requests' => '1',
  'user-agent' => 'Mozilla/5.0 (Macintosh; Intel Mac OS X 10_13_1) AppleWebKit/537.36 (KHTML, like Gecko) Chrome/62.0.3202.89 Safari/537.36',
  'accept' => 'text/html,application/xhtml+xml,application/xml;q=0.9,image/webp,image/apng,*/*;q=0.8',
  'referer' => 'http://api.sbt.com/admin/user/index.html?card_status=-1&role_id=-1&reg_time=&keyworld=%E5%BC%A0%E8%89%AF%E9%92%A6',
  'accept-encoding' => 'gzip, deflate',
  'accept-language' => 'zh-CN,zh;q=0.9,en;q=0.8',
  'cookie' => 'PHPSESSID=37c0f03de7441d0c1ba91f861c0b677a',
)
[ info ] [ PARAM ] array (
  'user_id' => '18649738701',
)
[ info ] [ SESSION ] INIT array (
  'id' => '',
  'var_session_id' => '',
  'prefix' => 'think',
  'type' => '',
  'auto_start' => true,
)
[ info ] [ DB ] INIT mysql
[ info ] [ RUN ] app\admin\controller\User->edit[ /Applications/MAMP/htdocs/start/sbt/application/admin/controller/User.php ]
[ info ] [ VIEW ] /Applications/MAMP/htdocs/start/sbt/application/admin/view/user/edit.html [ array (
  0 => 'title',
  1 => 'user',
  2 => 'rate',
) ]
[ info ] [ LOG ] INIT File
---------------------------------------------------------------
[ 2017-11-13T15:16:35+08:00 ] ::1 ::1 GET /
[ info ] api.sbt.com/ [运行时间：0.353991s][吞吐率：2.82req/s] [内存消耗：2,941.55kb] [文件加载：49]
[ info ] [ LANG ] /Applications/MAMP/htdocs/start/sbt/thinkphp/lang/zh-cn.php
[ info ] [ ROUTE ] array (
  'type' => 'module',
  'module' => 
  array (
    0 => '',
    1 => NULL,
    2 => NULL,
  ),
)
[ info ] [ HEADER ] array (
  'host' => 'api.sbt.com',
  'connection' => 'keep-alive',
  'user-agent' => 'Mozilla/5.0 (Macintosh; Intel Mac OS X 10_13_1) AppleWebKit/537.36 (KHTML, like Gecko) Chrome/62.0.3202.89 Safari/537.36',
  'upgrade-insecure-requests' => '1',
  'accept' => 'text/html,application/xhtml+xml,application/xml;q=0.9,image/webp,image/apng,*/*;q=0.8',
  'accept-encoding' => 'gzip, deflate',
  'accept-language' => 'zh-CN,zh;q=0.9,en;q=0.8',
  'cookie' => 'PHPSESSID=37c0f03de7441d0c1ba91f861c0b677a',
)
[ info ] [ PARAM ] array (
)
[ info ] [ RUN ] app\admin\controller\Publics->index[ /Applications/MAMP/htdocs/start/sbt/application/admin/controller/Publics.php ]
[ info ] [ SESSION ] INIT array (
  'id' => '',
  'var_session_id' => '',
  'prefix' => 'think',
  'type' => '',
  'auto_start' => true,
)
[ info ] [ LOG ] INIT File
---------------------------------------------------------------
[ 2017-11-13T15:16:41+08:00 ] ::1 ::1 GET /
[ info ] api.sbt.com/ [运行时间：0.257199s][吞吐率：3.89req/s] [内存消耗：2,941.55kb] [文件加载：49]
[ info ] [ LANG ] /Applications/MAMP/htdocs/start/sbt/thinkphp/lang/zh-cn.php
[ info ] [ ROUTE ] array (
  'type' => 'module',
  'module' => 
  array (
    0 => '',
    1 => NULL,
    2 => NULL,
  ),
)
[ info ] [ HEADER ] array (
  'host' => 'api.sbt.com',
  'connection' => 'keep-alive',
  'user-agent' => 'Mozilla/5.0 (Macintosh; Intel Mac OS X 10_13_1) AppleWebKit/537.36 (KHTML, like Gecko) Chrome/62.0.3202.89 Safari/537.36',
  'upgrade-insecure-requests' => '1',
  'accept' => 'text/html,application/xhtml+xml,application/xml;q=0.9,image/webp,image/apng,*/*;q=0.8',
  'accept-encoding' => 'gzip, deflate',
  'accept-language' => 'zh-CN,zh;q=0.9,en;q=0.8',
  'cookie' => 'PHPSESSID=37c0f03de7441d0c1ba91f861c0b677a',
)
[ info ] [ PARAM ] array (
)
[ info ] [ RUN ] app\admin\controller\Publics->index[ /Applications/MAMP/htdocs/start/sbt/application/admin/controller/Publics.php ]
[ info ] [ SESSION ] INIT array (
  'id' => '',
  'var_session_id' => '',
  'prefix' => 'think',
  'type' => '',
  'auto_start' => true,
)
[ info ] [ LOG ] INIT File
---------------------------------------------------------------
[ 2017-11-13T15:16:59+08:00 ] ::1 ::1 GET /index.php/admin/personal/index.html
[ info ] api.sbt.com/index.php/admin/personal/index.html [运行时间：0.356645s][吞吐率：2.80req/s] [内存消耗：4,551.16kb] [文件加载：57]
[ info ] [ LANG ] /Applications/MAMP/htdocs/start/sbt/thinkphp/lang/zh-cn.php
[ info ] [ ROUTE ] array (
  'type' => 'module',
  'module' => 
  array (
    0 => 'admin',
    1 => 'personal',
    2 => 'index',
  ),
)
[ info ] [ HEADER ] array (
  'host' => 'api.sbt.com',
  'connection' => 'keep-alive',
  'user-agent' => 'Mozilla/5.0 (Macintosh; Intel Mac OS X 10_13_1) AppleWebKit/537.36 (KHTML, like Gecko) Chrome/62.0.3202.89 Safari/537.36',
  'upgrade-insecure-requests' => '1',
  'accept' => 'text/html,application/xhtml+xml,application/xml;q=0.9,image/webp,image/apng,*/*;q=0.8',
  'accept-encoding' => 'gzip, deflate',
  'accept-language' => 'zh-CN,zh;q=0.9,en;q=0.8',
  'cookie' => 'PHPSESSID=37c0f03de7441d0c1ba91f861c0b677a',
)
[ info ] [ PARAM ] array (
)
[ info ] [ SESSION ] INIT array (
  'id' => '',
  'var_session_id' => '',
  'prefix' => 'think',
  'type' => '',
  'auto_start' => true,
)
[ info ] [ DB ] INIT mysql
[ info ] [ RUN ] app\admin\controller\Personal->index[ /Applications/MAMP/htdocs/start/sbt/application/admin/controller/Personal.php ]
[ info ] [ VIEW ] /Applications/MAMP/htdocs/start/sbt/application/admin/view/personal/index.html [ array (
  0 => 'title',
  1 => 'role_id',
) ]
[ info ] [ LOG ] INIT File
---------------------------------------------------------------
[ 2017-11-13T15:17:15+08:00 ] ::1 ::1 GET /index.php/admin/statement/index.html
[ info ] api.sbt.com/index.php/admin/statement/index.html [运行时间：0.451384s][吞吐率：2.22req/s] [内存消耗：4,944.34kb] [文件加载：61]
[ info ] [ LANG ] /Applications/MAMP/htdocs/start/sbt/thinkphp/lang/zh-cn.php
[ info ] [ ROUTE ] array (
  'type' => 'module',
  'module' => 
  array (
    0 => 'admin',
    1 => 'statement',
    2 => 'index',
  ),
)
[ info ] [ HEADER ] array (
  'host' => 'api.sbt.com',
  'connection' => 'keep-alive',
  'upgrade-insecure-requests' => '1',
  'user-agent' => 'Mozilla/5.0 (Macintosh; Intel Mac OS X 10_13_1) AppleWebKit/537.36 (KHTML, like Gecko) Chrome/62.0.3202.89 Safari/537.36',
  'accept' => 'text/html,application/xhtml+xml,application/xml;q=0.9,image/webp,image/apng,*/*;q=0.8',
  'referer' => 'http://api.sbt.com/index.php/admin/personal/index.html',
  'accept-encoding' => 'gzip, deflate',
  'accept-language' => 'zh-CN,zh;q=0.9,en;q=0.8',
  'cookie' => 'PHPSESSID=37c0f03de7441d0c1ba91f861c0b677a',
)
[ info ] [ PARAM ] array (
)
[ info ] [ SESSION ] INIT array (
  'id' => '',
  'var_session_id' => '',
  'prefix' => 'think',
  'type' => '',
  'auto_start' => true,
)
[ info ] [ DB ] INIT mysql
[ info ] [ RUN ] app\admin\controller\Statement->index[ /Applications/MAMP/htdocs/start/sbt/application/admin/controller/Statement.php ]
[ info ] [ VIEW ] /Applications/MAMP/htdocs/start/sbt/application/admin/view/statement/index.html [ array (
  0 => 'title',
  1 => 'data',
) ]
[ info ] [ LOG ] INIT File
---------------------------------------------------------------
[ 2017-11-13T15:21:49+08:00 ] ::1 ::1 GET /
[ info ] api.sbt.com/ [运行时间：0.293154s][吞吐率：3.41req/s] [内存消耗：2,941.80kb] [文件加载：49]
[ info ] [ LANG ] /Applications/MAMP/htdocs/start/sbt/thinkphp/lang/zh-cn.php
[ info ] [ ROUTE ] array (
  'type' => 'module',
  'module' => 
  array (
    0 => '',
    1 => NULL,
    2 => NULL,
  ),
)
[ info ] [ HEADER ] array (
  'host' => 'api.sbt.com',
  'connection' => 'keep-alive',
  'cache-control' => 'max-age=0',
  'upgrade-insecure-requests' => '1',
  'user-agent' => 'Mozilla/5.0 (Macintosh; Intel Mac OS X 10_13_1) AppleWebKit/537.36 (KHTML, like Gecko) Chrome/62.0.3202.89 Safari/537.36',
  'accept' => 'text/html,application/xhtml+xml,application/xml;q=0.9,image/webp,image/apng,*/*;q=0.8',
  'accept-encoding' => 'gzip, deflate',
  'accept-language' => 'zh-CN,zh;q=0.9,en;q=0.8',
  'cookie' => 'PHPSESSID=37c0f03de7441d0c1ba91f861c0b677a',
)
[ info ] [ PARAM ] array (
)
[ info ] [ RUN ] app\admin\controller\Publics->index[ /Applications/MAMP/htdocs/start/sbt/application/admin/controller/Publics.php ]
[ info ] [ SESSION ] INIT array (
  'id' => '',
  'var_session_id' => '',
  'prefix' => 'think',
  'type' => '',
  'auto_start' => true,
)
[ info ] [ LOG ] INIT File
---------------------------------------------------------------
[ 2017-11-13T15:21:49+08:00 ] ::1 ::1 GET /admin/personal/index.html
[ info ] api.sbt.com/admin/personal/index.html [运行时间：0.291123s][吞吐率：3.43req/s] [内存消耗：4,555.91kb] [文件加载：57]
[ info ] [ LANG ] /Applications/MAMP/htdocs/start/sbt/thinkphp/lang/zh-cn.php
[ info ] [ ROUTE ] array (
  'type' => 'module',
  'module' => 
  array (
    0 => 'admin',
    1 => 'personal',
    2 => 'index',
  ),
)
[ info ] [ HEADER ] array (
  'host' => 'api.sbt.com',
  'connection' => 'keep-alive',
  'cache-control' => 'max-age=0',
  'upgrade-insecure-requests' => '1',
  'user-agent' => 'Mozilla/5.0 (Macintosh; Intel Mac OS X 10_13_1) AppleWebKit/537.36 (KHTML, like Gecko) Chrome/62.0.3202.89 Safari/537.36',
  'accept' => 'text/html,application/xhtml+xml,application/xml;q=0.9,image/webp,image/apng,*/*;q=0.8',
  'accept-encoding' => 'gzip, deflate',
  'accept-language' => 'zh-CN,zh;q=0.9,en;q=0.8',
  'cookie' => 'PHPSESSID=37c0f03de7441d0c1ba91f861c0b677a',
)
[ info ] [ PARAM ] array (
)
[ info ] [ SESSION ] INIT array (
  'id' => '',
  'var_session_id' => '',
  'prefix' => 'think',
  'type' => '',
  'auto_start' => true,
)
[ info ] [ DB ] INIT mysql
[ info ] [ RUN ] app\admin\controller\Personal->index[ /Applications/MAMP/htdocs/start/sbt/application/admin/controller/Personal.php ]
[ info ] [ VIEW ] /Applications/MAMP/htdocs/start/sbt/application/admin/view/personal/index.html [ array (
  0 => 'title',
  1 => 'role_id',
) ]
[ info ] [ LOG ] INIT File
---------------------------------------------------------------
[ 2017-11-13T15:21:54+08:00 ] ::1 ::1 GET /admin/user/index.html
[ info ] api.sbt.com/admin/user/index.html [运行时间：0.357926s][吞吐率：2.79req/s] [内存消耗：4,887.70kb] [文件加载：60]
[ info ] [ LANG ] /Applications/MAMP/htdocs/start/sbt/thinkphp/lang/zh-cn.php
[ info ] [ ROUTE ] array (
  'type' => 'module',
  'module' => 
  array (
    0 => 'admin',
    1 => 'user',
    2 => 'index',
  ),
)
[ info ] [ HEADER ] array (
  'host' => 'api.sbt.com',
  'connection' => 'keep-alive',
  'upgrade-insecure-requests' => '1',
  'user-agent' => 'Mozilla/5.0 (Macintosh; Intel Mac OS X 10_13_1) AppleWebKit/537.36 (KHTML, like Gecko) Chrome/62.0.3202.89 Safari/537.36',
  'accept' => 'text/html,application/xhtml+xml,application/xml;q=0.9,image/webp,image/apng,*/*;q=0.8',
  'referer' => 'http://api.sbt.com/admin/personal/index.html',
  'accept-encoding' => 'gzip, deflate',
  'accept-language' => 'zh-CN,zh;q=0.9,en;q=0.8',
  'cookie' => 'PHPSESSID=37c0f03de7441d0c1ba91f861c0b677a',
)
[ info ] [ PARAM ] array (
)
[ info ] [ SESSION ] INIT array (
  'id' => '',
  'var_session_id' => '',
  'prefix' => 'think',
  'type' => '',
  'auto_start' => true,
)
[ info ] [ DB ] INIT mysql
[ info ] [ RUN ] app\admin\controller\User->index[ /Applications/MAMP/htdocs/start/sbt/application/admin/controller/User.php ]
[ info ] [ VIEW ] /Applications/MAMP/htdocs/start/sbt/application/admin/view/user/index.html [ array (
  0 => 'title',
  1 => 'role_id',
  2 => 'role_data',
  3 => 'pages',
  4 => 'user_list',
) ]
[ info ] [ LOG ] INIT File
---------------------------------------------------------------
[ 2017-11-13T15:21:55+08:00 ] ::1 ::1 GET /admin/level/index.html
[ info ] api.sbt.com/admin/level/index.html [运行时间：0.521140s][吞吐率：1.92req/s] [内存消耗：4,819.47kb] [文件加载：60]
[ info ] [ LANG ] /Applications/MAMP/htdocs/start/sbt/thinkphp/lang/zh-cn.php
[ info ] [ ROUTE ] array (
  'type' => 'module',
  'module' => 
  array (
    0 => 'admin',
    1 => 'level',
    2 => 'index',
  ),
)
[ info ] [ HEADER ] array (
  'host' => 'api.sbt.com',
  'connection' => 'keep-alive',
  'upgrade-insecure-requests' => '1',
  'user-agent' => 'Mozilla/5.0 (Macintosh; Intel Mac OS X 10_13_1) AppleWebKit/537.36 (KHTML, like Gecko) Chrome/62.0.3202.89 Safari/537.36',
  'accept' => 'text/html,application/xhtml+xml,application/xml;q=0.9,image/webp,image/apng,*/*;q=0.8',
  'referer' => 'http://api.sbt.com/admin/personal/index.html',
  'accept-encoding' => 'gzip, deflate',
  'accept-language' => 'zh-CN,zh;q=0.9,en;q=0.8',
  'cookie' => 'PHPSESSID=37c0f03de7441d0c1ba91f861c0b677a',
)
[ info ] [ PARAM ] array (
)
[ info ] [ SESSION ] INIT array (
  'id' => '',
  'var_session_id' => '',
  'prefix' => 'think',
  'type' => '',
  'auto_start' => true,
)
[ info ] [ DB ] INIT mysql
[ info ] [ RUN ] app\admin\controller\Level->index[ /Applications/MAMP/htdocs/start/sbt/application/admin/controller/Level.php ]
[ info ] [ VIEW ] /Applications/MAMP/htdocs/start/sbt/application/admin/view/level/lists.html [ array (
  0 => 'title',
  1 => 'lists',
  2 => 'pages',
  3 => 'sye_rate',
) ]
[ info ] [ LOG ] INIT File
---------------------------------------------------------------
[ 2017-11-13T15:21:59+08:00 ] ::1 ::1 GET /admin/level/edit.html?role_id=2
[ info ] api.sbt.com/admin/level/edit.html?role_id=2 [运行时间：0.352846s][吞吐率：2.83req/s] [内存消耗：4,740.64kb] [文件加载：59]
[ info ] [ LANG ] /Applications/MAMP/htdocs/start/sbt/thinkphp/lang/zh-cn.php
[ info ] [ ROUTE ] array (
  'type' => 'module',
  'module' => 
  array (
    0 => 'admin',
    1 => 'level',
    2 => 'edit',
  ),
)
[ info ] [ HEADER ] array (
  'host' => 'api.sbt.com',
  'connection' => 'keep-alive',
  'upgrade-insecure-requests' => '1',
  'user-agent' => 'Mozilla/5.0 (Macintosh; Intel Mac OS X 10_13_1) AppleWebKit/537.36 (KHTML, like Gecko) Chrome/62.0.3202.89 Safari/537.36',
  'accept' => 'text/html,application/xhtml+xml,application/xml;q=0.9,image/webp,image/apng,*/*;q=0.8',
  'referer' => 'http://api.sbt.com/admin/level/index.html',
  'accept-encoding' => 'gzip, deflate',
  'accept-language' => 'zh-CN,zh;q=0.9,en;q=0.8',
  'cookie' => 'PHPSESSID=37c0f03de7441d0c1ba91f861c0b677a',
)
[ info ] [ PARAM ] array (
  'role_id' => '2',
)
[ info ] [ SESSION ] INIT array (
  'id' => '',
  'var_session_id' => '',
  'prefix' => 'think',
  'type' => '',
  'auto_start' => true,
)
[ info ] [ DB ] INIT mysql
[ info ] [ RUN ] app\admin\controller\Level->edit[ /Applications/MAMP/htdocs/start/sbt/application/admin/controller/Level.php ]
[ info ] [ VIEW ] /Applications/MAMP/htdocs/start/sbt/application/admin/view/level/edit.html [ array (
  0 => 'title',
  1 => 'rate',
  2 => 'data',
) ]
[ info ] [ LOG ] INIT File
---------------------------------------------------------------
[ 2017-11-13T15:22:03+08:00 ] ::1 ::1 POST /admin/level/edit.html
[ info ] api.sbt.com/admin/level/edit.html [运行时间：0.339621s][吞吐率：2.94req/s] [内存消耗：4,866.86kb] [文件加载：62]
[ info ] [ LANG ] /Applications/MAMP/htdocs/start/sbt/thinkphp/lang/zh-cn.php
[ info ] [ ROUTE ] array (
  'type' => 'module',
  'module' => 
  array (
    0 => 'admin',
    1 => 'level',
    2 => 'edit',
  ),
)
[ info ] [ HEADER ] array (
  'host' => 'api.sbt.com',
  'connection' => 'keep-alive',
  'content-length' => '231',
  'accept' => '*/*',
  'origin' => 'http://api.sbt.com',
  'x-requested-with' => 'XMLHttpRequest',
  'user-agent' => 'Mozilla/5.0 (Macintosh; Intel Mac OS X 10_13_1) AppleWebKit/537.36 (KHTML, like Gecko) Chrome/62.0.3202.89 Safari/537.36',
  'content-type' => 'application/x-www-form-urlencoded; charset=UTF-8',
  'referer' => 'http://api.sbt.com/admin/level/edit.html?role_id=2',
  'accept-encoding' => 'gzip, deflate',
  'accept-language' => 'zh-CN,zh;q=0.9,en;q=0.8',
  'cookie' => 'PHPSESSID=37c0f03de7441d0c1ba91f861c0b677a',
)
[ info ] [ PARAM ] array (
  'role_name' => '主管',
  'pay_id' => 
  array (
    0 => '1',
    1 => '2',
    2 => '3',
  ),
  'settle' => 
  array (
    0 => '0.5',
    1 => '0.5',
    2 => '0.5',
  ),
  'extra' => 
  array (
    0 => '2',
    1 => '2',
    2 => '2',
  ),
  'upgrade_type' => '2',
  'integral' => '1',
  'referrer_count' => '10',
  'period' => '111',
  'role_id' => '2',
)
[ info ] [ SESSION ] INIT array (
  'id' => '',
  'var_session_id' => '',
  'prefix' => 'think',
  'type' => '',
  'auto_start' => true,
)
[ info ] [ DB ] INIT mysql
[ info ] [ RUN ] app\admin\controller\Level->edit[ /Applications/MAMP/htdocs/start/sbt/application/admin/controller/Level.php ]
[ info ] [ CACHE ] INIT File
[ info ] [ LOG ] INIT File
---------------------------------------------------------------
[ 2017-11-13T15:22:05+08:00 ] ::1 ::1 GET /admin/level/edit.html?role_id=2
[ info ] api.sbt.com/admin/level/edit.html?role_id=2 [运行时间：0.307629s][吞吐率：3.25req/s] [内存消耗：4,740.88kb] [文件加载：59]
[ info ] [ LANG ] /Applications/MAMP/htdocs/start/sbt/thinkphp/lang/zh-cn.php
[ info ] [ ROUTE ] array (
  'type' => 'module',
  'module' => 
  array (
    0 => 'admin',
    1 => 'level',
    2 => 'edit',
  ),
)
[ info ] [ HEADER ] array (
  'host' => 'api.sbt.com',
  'connection' => 'keep-alive',
  'cache-control' => 'max-age=0',
  'upgrade-insecure-requests' => '1',
  'user-agent' => 'Mozilla/5.0 (Macintosh; Intel Mac OS X 10_13_1) AppleWebKit/537.36 (KHTML, like Gecko) Chrome/62.0.3202.89 Safari/537.36',
  'accept' => 'text/html,application/xhtml+xml,application/xml;q=0.9,image/webp,image/apng,*/*;q=0.8',
  'referer' => 'http://api.sbt.com/admin/level/index.html',
  'accept-encoding' => 'gzip, deflate',
  'accept-language' => 'zh-CN,zh;q=0.9,en;q=0.8',
  'cookie' => 'PHPSESSID=37c0f03de7441d0c1ba91f861c0b677a',
)
[ info ] [ PARAM ] array (
  'role_id' => '2',
)
[ info ] [ SESSION ] INIT array (
  'id' => '',
  'var_session_id' => '',
  'prefix' => 'think',
  'type' => '',
  'auto_start' => true,
)
[ info ] [ DB ] INIT mysql
[ info ] [ RUN ] app\admin\controller\Level->edit[ /Applications/MAMP/htdocs/start/sbt/application/admin/controller/Level.php ]
[ info ] [ VIEW ] /Applications/MAMP/htdocs/start/sbt/application/admin/view/level/edit.html [ array (
  0 => 'title',
  1 => 'rate',
  2 => 'data',
) ]
[ info ] [ LOG ] INIT File
---------------------------------------------------------------
[ 2017-11-13T15:27:37+08:00 ] ::1 ::1 GET /admin/level/edit.html?role_id=2
[ info ] api.sbt.com/admin/level/edit.html?role_id=2 [运行时间：0.658859s][吞吐率：1.52req/s] [内存消耗：4,573.42kb] [文件加载：58]
[ info ] [ LANG ] /Applications/MAMP/htdocs/start/sbt/thinkphp/lang/zh-cn.php
[ info ] [ ROUTE ] array (
  'type' => 'module',
  'module' => 
  array (
    0 => 'admin',
    1 => 'level',
    2 => 'edit',
  ),
)
[ info ] [ HEADER ] array (
  'host' => 'api.sbt.com',
  'connection' => 'keep-alive',
  'cache-control' => 'max-age=0',
  'user-agent' => 'Mozilla/5.0 (Macintosh; Intel Mac OS X 10_13_1) AppleWebKit/537.36 (KHTML, like Gecko) Chrome/62.0.3202.89 Safari/537.36',
  'upgrade-insecure-requests' => '1',
  'accept' => 'text/html,application/xhtml+xml,application/xml;q=0.9,image/webp,image/apng,*/*;q=0.8',
  'referer' => 'http://api.sbt.com/admin/level/index.html',
  'accept-encoding' => 'gzip, deflate',
  'accept-language' => 'zh-CN,zh;q=0.9,en;q=0.8',
  'cookie' => 'PHPSESSID=37c0f03de7441d0c1ba91f861c0b677a',
)
[ info ] [ PARAM ] array (
  'role_id' => '2',
)
[ info ] [ SESSION ] INIT array (
  'id' => '',
  'var_session_id' => '',
  'prefix' => 'think',
  'type' => '',
  'auto_start' => true,
)
[ info ] [ DB ] INIT mysql
[ info ] [ RUN ] app\admin\controller\Level->edit[ /Applications/MAMP/htdocs/start/sbt/application/admin/controller/Level.php ]
[ info ] [ LOG ] INIT File
[ error ] [0]类不存在:app\common\model\RoleRate[/Applications/MAMP/htdocs/start/sbt/thinkphp/library/think/Loader.php:390]
---------------------------------------------------------------
[ 2017-11-13T15:27:45+08:00 ] ::1 ::1 GET /admin/level/edit.html?role_id=2
[ info ] api.sbt.com/admin/level/edit.html?role_id=2 [运行时间：0.518638s][吞吐率：1.93req/s] [内存消耗：4,573.44kb] [文件加载：58]
[ info ] [ LANG ] /Applications/MAMP/htdocs/start/sbt/thinkphp/lang/zh-cn.php
[ info ] [ ROUTE ] array (
  'type' => 'module',
  'module' => 
  array (
    0 => 'admin',
    1 => 'level',
    2 => 'edit',
  ),
)
[ info ] [ HEADER ] array (
  'host' => 'api.sbt.com',
  'connection' => 'keep-alive',
  'cache-control' => 'max-age=0',
  'user-agent' => 'Mozilla/5.0 (Macintosh; Intel Mac OS X 10_13_1) AppleWebKit/537.36 (KHTML, like Gecko) Chrome/62.0.3202.89 Safari/537.36',
  'upgrade-insecure-requests' => '1',
  'accept' => 'text/html,application/xhtml+xml,application/xml;q=0.9,image/webp,image/apng,*/*;q=0.8',
  'referer' => 'http://api.sbt.com/admin/level/index.html',
  'accept-encoding' => 'gzip, deflate',
  'accept-language' => 'zh-CN,zh;q=0.9,en;q=0.8',
  'cookie' => 'PHPSESSID=37c0f03de7441d0c1ba91f861c0b677a',
)
[ info ] [ PARAM ] array (
  'role_id' => '2',
)
[ info ] [ SESSION ] INIT array (
  'id' => '',
  'var_session_id' => '',
  'prefix' => 'think',
  'type' => '',
  'auto_start' => true,
)
[ info ] [ DB ] INIT mysql
[ info ] [ RUN ] app\admin\controller\Level->edit[ /Applications/MAMP/htdocs/start/sbt/application/admin/controller/Level.php ]
[ info ] [ LOG ] INIT File
[ error ] [0]类不存在:app\common\model\RoleSettle[/Applications/MAMP/htdocs/start/sbt/thinkphp/library/think/Loader.php:390]
---------------------------------------------------------------
[ 2017-11-13T15:27:53+08:00 ] ::1 ::1 GET /admin/level/edit.html?role_id=2
[ info ] api.sbt.com/admin/level/edit.html?role_id=2 [运行时间：0.565305s][吞吐率：1.77req/s] [内存消耗：4,761.05kb] [文件加载：62]
[ info ] [ LANG ] /Applications/MAMP/htdocs/start/sbt/thinkphp/lang/zh-cn.php
[ info ] [ ROUTE ] array (
  'type' => 'module',
  'module' => 
  array (
    0 => 'admin',
    1 => 'level',
    2 => 'edit',
  ),
)
[ info ] [ HEADER ] array (
  'host' => 'api.sbt.com',
  'connection' => 'keep-alive',
  'cache-control' => 'max-age=0',
  'user-agent' => 'Mozilla/5.0 (Macintosh; Intel Mac OS X 10_13_1) AppleWebKit/537.36 (KHTML, like Gecko) Chrome/62.0.3202.89 Safari/537.36',
  'upgrade-insecure-requests' => '1',
  'accept' => 'text/html,application/xhtml+xml,application/xml;q=0.9,image/webp,image/apng,*/*;q=0.8',
  'referer' => 'http://api.sbt.com/admin/level/index.html',
  'accept-encoding' => 'gzip, deflate',
  'accept-language' => 'zh-CN,zh;q=0.9,en;q=0.8',
  'cookie' => 'PHPSESSID=37c0f03de7441d0c1ba91f861c0b677a',
)
[ info ] [ PARAM ] array (
  'role_id' => '2',
)
[ info ] [ SESSION ] INIT array (
  'id' => '',
  'var_session_id' => '',
  'prefix' => 'think',
  'type' => '',
  'auto_start' => true,
)
[ info ] [ DB ] INIT mysql
[ info ] [ RUN ] app\admin\controller\Level->edit[ /Applications/MAMP/htdocs/start/sbt/application/admin/controller/Level.php ]
[ info ] [ VIEW ] /Applications/MAMP/htdocs/start/sbt/application/admin/view/level/edit.html [ array (
  0 => 'title',
  1 => 'rate',
  2 => 'data',
) ]
[ info ] [ LOG ] INIT File
[ error ] [8]未定义数组索引: pay_name[/Applications/MAMP/htdocs/start/sbt/runtime/temp/978dc0d74efcc4ac961f972dda32d819.php:225]
---------------------------------------------------------------
[ 2017-11-13T15:28:40+08:00 ] ::1 ::1 GET /admin/level/edit.html?role_id=2
[ info ] api.sbt.com/admin/level/edit.html?role_id=2 [运行时间：0.328206s][吞吐率：3.05req/s] [内存消耗：4,704.45kb] [文件加载：58]
[ info ] [ LANG ] /Applications/MAMP/htdocs/start/sbt/thinkphp/lang/zh-cn.php
[ info ] [ ROUTE ] array (
  'type' => 'module',
  'module' => 
  array (
    0 => 'admin',
    1 => 'level',
    2 => 'edit',
  ),
)
[ info ] [ HEADER ] array (
  'host' => 'api.sbt.com',
  'connection' => 'keep-alive',
  'cache-control' => 'max-age=0',
  'user-agent' => 'Mozilla/5.0 (Macintosh; Intel Mac OS X 10_13_1) AppleWebKit/537.36 (KHTML, like Gecko) Chrome/62.0.3202.89 Safari/537.36',
  'upgrade-insecure-requests' => '1',
  'accept' => 'text/html,application/xhtml+xml,application/xml;q=0.9,image/webp,image/apng,*/*;q=0.8',
  'referer' => 'http://api.sbt.com/admin/level/index.html',
  'accept-encoding' => 'gzip, deflate',
  'accept-language' => 'zh-CN,zh;q=0.9,en;q=0.8',
  'cookie' => 'PHPSESSID=37c0f03de7441d0c1ba91f861c0b677a',
)
[ info ] [ PARAM ] array (
  'role_id' => '2',
)
[ info ] [ SESSION ] INIT array (
  'id' => '',
  'var_session_id' => '',
  'prefix' => 'think',
  'type' => '',
  'auto_start' => true,
)
[ info ] [ DB ] INIT mysql
[ info ] [ RUN ] app\admin\controller\Level->edit[ /Applications/MAMP/htdocs/start/sbt/application/admin/controller/Level.php ]
[ info ] [ VIEW ] /Applications/MAMP/htdocs/start/sbt/application/admin/view/level/edit.html [ array (
  0 => 'title',
  1 => 'rate',
  2 => 'data',
) ]
[ info ] [ LOG ] INIT File
---------------------------------------------------------------
[ 2017-11-13T15:28:53+08:00 ] ::1 ::1 POST /admin/level/edit.html
[ info ] api.sbt.com/admin/level/edit.html [运行时间：0.350212s][吞吐率：2.86req/s] [内存消耗：4,869.48kb] [文件加载：62]
[ info ] [ LANG ] /Applications/MAMP/htdocs/start/sbt/thinkphp/lang/zh-cn.php
[ info ] [ ROUTE ] array (
  'type' => 'module',
  'module' => 
  array (
    0 => 'admin',
    1 => 'level',
    2 => 'edit',
  ),
)
[ info ] [ HEADER ] array (
  'host' => 'api.sbt.com',
  'connection' => 'keep-alive',
  'content-length' => '234',
  'accept' => '*/*',
  'origin' => 'http://api.sbt.com',
  'x-requested-with' => 'XMLHttpRequest',
  'user-agent' => 'Mozilla/5.0 (Macintosh; Intel Mac OS X 10_13_1) AppleWebKit/537.36 (KHTML, like Gecko) Chrome/62.0.3202.89 Safari/537.36',
  'content-type' => 'application/x-www-form-urlencoded; charset=UTF-8',
  'referer' => 'http://api.sbt.com/admin/level/edit.html?role_id=2',
  'accept-encoding' => 'gzip, deflate',
  'accept-language' => 'zh-CN,zh;q=0.9,en;q=0.8',
  'cookie' => 'PHPSESSID=37c0f03de7441d0c1ba91f861c0b677a',
)
[ info ] [ PARAM ] array (
  'role_name' => '主管',
  'pay_id' => 
  array (
    0 => '1',
    1 => '2',
    2 => '3',
  ),
  'settle' => 
  array (
    0 => '0.33',
    1 => '0.35',
    2 => '0.34',
  ),
  'extra' => 
  array (
    0 => '2',
    1 => '2',
    2 => '2',
  ),
  'upgrade_type' => '2',
  'integral' => '1',
  'referrer_count' => '10',
  'period' => '111',
  'role_id' => '2',
)
[ info ] [ SESSION ] INIT array (
  'id' => '',
  'var_session_id' => '',
  'prefix' => 'think',
  'type' => '',
  'auto_start' => true,
)
[ info ] [ DB ] INIT mysql
[ info ] [ RUN ] app\admin\controller\Level->edit[ /Applications/MAMP/htdocs/start/sbt/application/admin/controller/Level.php ]
[ info ] [ CACHE ] INIT File
[ info ] [ LOG ] INIT File
---------------------------------------------------------------
[ 2017-11-13T15:28:56+08:00 ] ::1 ::1 GET /admin/level/edit.html?role_id=2
[ info ] api.sbt.com/admin/level/edit.html?role_id=2 [运行时间：0.335232s][吞吐率：2.98req/s] [内存消耗：4,704.45kb] [文件加载：58]
[ info ] [ LANG ] /Applications/MAMP/htdocs/start/sbt/thinkphp/lang/zh-cn.php
[ info ] [ ROUTE ] array (
  'type' => 'module',
  'module' => 
  array (
    0 => 'admin',
    1 => 'level',
    2 => 'edit',
  ),
)
[ info ] [ HEADER ] array (
  'host' => 'api.sbt.com',
  'connection' => 'keep-alive',
  'cache-control' => 'max-age=0',
  'user-agent' => 'Mozilla/5.0 (Macintosh; Intel Mac OS X 10_13_1) AppleWebKit/537.36 (KHTML, like Gecko) Chrome/62.0.3202.89 Safari/537.36',
  'upgrade-insecure-requests' => '1',
  'accept' => 'text/html,application/xhtml+xml,application/xml;q=0.9,image/webp,image/apng,*/*;q=0.8',
  'referer' => 'http://api.sbt.com/admin/level/index.html',
  'accept-encoding' => 'gzip, deflate',
  'accept-language' => 'zh-CN,zh;q=0.9,en;q=0.8',
  'cookie' => 'PHPSESSID=37c0f03de7441d0c1ba91f861c0b677a',
)
[ info ] [ PARAM ] array (
  'role_id' => '2',
)
[ info ] [ SESSION ] INIT array (
  'id' => '',
  'var_session_id' => '',
  'prefix' => 'think',
  'type' => '',
  'auto_start' => true,
)
[ info ] [ DB ] INIT mysql
[ info ] [ RUN ] app\admin\controller\Level->edit[ /Applications/MAMP/htdocs/start/sbt/application/admin/controller/Level.php ]
[ info ] [ VIEW ] /Applications/MAMP/htdocs/start/sbt/application/admin/view/level/edit.html [ array (
  0 => 'title',
  1 => 'rate',
  2 => 'data',
) ]
[ info ] [ LOG ] INIT File
---------------------------------------------------------------
[ 2017-11-13T15:29:54+08:00 ] ::1 ::1 GET /admin/level/edit.html?role_id=2
[ info ] api.sbt.com/admin/level/edit.html?role_id=2 [运行时间：0.515125s][吞吐率：1.94req/s] [内存消耗：4,596.22kb] [文件加载：60]
[ info ] [ LANG ] /Applications/MAMP/htdocs/start/sbt/thinkphp/lang/zh-cn.php
[ info ] [ ROUTE ] array (
  'type' => 'module',
  'module' => 
  array (
    0 => 'admin',
    1 => 'level',
    2 => 'edit',
  ),
)
[ info ] [ HEADER ] array (
  'host' => 'api.sbt.com',
  'connection' => 'keep-alive',
  'cache-control' => 'max-age=0',
  'user-agent' => 'Mozilla/5.0 (Macintosh; Intel Mac OS X 10_13_1) AppleWebKit/537.36 (KHTML, like Gecko) Chrome/62.0.3202.89 Safari/537.36',
  'upgrade-insecure-requests' => '1',
  'accept' => 'text/html,application/xhtml+xml,application/xml;q=0.9,image/webp,image/apng,*/*;q=0.8',
  'referer' => 'http://api.sbt.com/admin/level/index.html',
  'accept-encoding' => 'gzip, deflate',
  'accept-language' => 'zh-CN,zh;q=0.9,en;q=0.8',
  'cookie' => 'PHPSESSID=37c0f03de7441d0c1ba91f861c0b677a',
)
[ info ] [ PARAM ] array (
  'role_id' => '2',
)
[ info ] [ SESSION ] INIT array (
  'id' => '',
  'var_session_id' => '',
  'prefix' => 'think',
  'type' => '',
  'auto_start' => true,
)
[ info ] [ DB ] INIT mysql
[ info ] [ RUN ] app\admin\controller\Level->edit[ /Applications/MAMP/htdocs/start/sbt/application/admin/controller/Level.php ]
[ info ] [ LOG ] INIT File
[ error ] [10501]SQLSTATE[42S22]: Column not found: 1054 Unknown column 'b.pay_text' in 'field list'[/Applications/MAMP/htdocs/start/sbt/thinkphp/library/think/db/Connection.php:388]
---------------------------------------------------------------
[ 2017-11-13T15:30:03+08:00 ] ::1 ::1 GET /admin/level/edit.html?role_id=2
[ info ] api.sbt.com/admin/level/edit.html?role_id=2 [运行时间：0.495477s][吞吐率：2.02req/s] [内存消耗：4,596.04kb] [文件加载：60]
[ info ] [ LANG ] /Applications/MAMP/htdocs/start/sbt/thinkphp/lang/zh-cn.php
[ info ] [ ROUTE ] array (
  'type' => 'module',
  'module' => 
  array (
    0 => 'admin',
    1 => 'level',
    2 => 'edit',
  ),
)
[ info ] [ HEADER ] array (
  'host' => 'api.sbt.com',
  'connection' => 'keep-alive',
  'cache-control' => 'max-age=0',
  'user-agent' => 'Mozilla/5.0 (Macintosh; Intel Mac OS X 10_13_1) AppleWebKit/537.36 (KHTML, like Gecko) Chrome/62.0.3202.89 Safari/537.36',
  'upgrade-insecure-requests' => '1',
  'accept' => 'text/html,application/xhtml+xml,application/xml;q=0.9,image/webp,image/apng,*/*;q=0.8',
  'referer' => 'http://api.sbt.com/admin/level/index.html',
  'accept-encoding' => 'gzip, deflate',
  'accept-language' => 'zh-CN,zh;q=0.9,en;q=0.8',
  'cookie' => 'PHPSESSID=37c0f03de7441d0c1ba91f861c0b677a',
)
[ info ] [ PARAM ] array (
  'role_id' => '2',
)
[ info ] [ SESSION ] INIT array (
  'id' => '',
  'var_session_id' => '',
  'prefix' => 'think',
  'type' => '',
  'auto_start' => true,
)
[ info ] [ DB ] INIT mysql
[ info ] [ RUN ] app\admin\controller\Level->edit[ /Applications/MAMP/htdocs/start/sbt/application/admin/controller/Level.php ]
[ info ] [ LOG ] INIT File
[ error ] [10501]SQLSTATE[42S22]: Column not found: 1054 Unknown column 'b.role_text' in 'field list'[/Applications/MAMP/htdocs/start/sbt/thinkphp/library/think/db/Connection.php:388]
---------------------------------------------------------------
[ 2017-11-13T15:30:23+08:00 ] ::1 ::1 GET /admin/level/edit.html?role_id=2
[ info ] api.sbt.com/admin/level/edit.html?role_id=2 [运行时间：0.512313s][吞吐率：1.95req/s] [内存消耗：4,596.16kb] [文件加载：60]
[ info ] [ LANG ] /Applications/MAMP/htdocs/start/sbt/thinkphp/lang/zh-cn.php
[ info ] [ ROUTE ] array (
  'type' => 'module',
  'module' => 
  array (
    0 => 'admin',
    1 => 'level',
    2 => 'edit',
  ),
)
[ info ] [ HEADER ] array (
  'host' => 'api.sbt.com',
  'connection' => 'keep-alive',
  'cache-control' => 'max-age=0',
  'user-agent' => 'Mozilla/5.0 (Macintosh; Intel Mac OS X 10_13_1) AppleWebKit/537.36 (KHTML, like Gecko) Chrome/62.0.3202.89 Safari/537.36',
  'upgrade-insecure-requests' => '1',
  'accept' => 'text/html,application/xhtml+xml,application/xml;q=0.9,image/webp,image/apng,*/*;q=0.8',
  'referer' => 'http://api.sbt.com/admin/level/index.html',
  'accept-encoding' => 'gzip, deflate',
  'accept-language' => 'zh-CN,zh;q=0.9,en;q=0.8',
  'cookie' => 'PHPSESSID=37c0f03de7441d0c1ba91f861c0b677a',
)
[ info ] [ PARAM ] array (
  'role_id' => '2',
)
[ info ] [ SESSION ] INIT array (
  'id' => '',
  'var_session_id' => '',
  'prefix' => 'think',
  'type' => '',
  'auto_start' => true,
)
[ info ] [ DB ] INIT mysql
[ info ] [ RUN ] app\admin\controller\Level->edit[ /Applications/MAMP/htdocs/start/sbt/application/admin/controller/Level.php ]
[ info ] [ LOG ] INIT File
[ error ] [10501]SQLSTATE[42S22]: Column not found: 1054 Unknown column 'b.role_text' in 'field list'[/Applications/MAMP/htdocs/start/sbt/thinkphp/library/think/db/Connection.php:388]
---------------------------------------------------------------
[ 2017-11-13T15:30:53+08:00 ] ::1 ::1 GET /admin/level/edit.html?role_id=2
[ info ] api.sbt.com/admin/level/edit.html?role_id=2 [运行时间：0.546347s][吞吐率：1.83req/s] [内存消耗：4,762.93kb] [文件加载：62]
[ info ] [ LANG ] /Applications/MAMP/htdocs/start/sbt/thinkphp/lang/zh-cn.php
[ info ] [ ROUTE ] array (
  'type' => 'module',
  'module' => 
  array (
    0 => 'admin',
    1 => 'level',
    2 => 'edit',
  ),
)
[ info ] [ HEADER ] array (
  'host' => 'api.sbt.com',
  'connection' => 'keep-alive',
  'cache-control' => 'max-age=0',
  'user-agent' => 'Mozilla/5.0 (Macintosh; Intel Mac OS X 10_13_1) AppleWebKit/537.36 (KHTML, like Gecko) Chrome/62.0.3202.89 Safari/537.36',
  'upgrade-insecure-requests' => '1',
  'accept' => 'text/html,application/xhtml+xml,application/xml;q=0.9,image/webp,image/apng,*/*;q=0.8',
  'referer' => 'http://api.sbt.com/admin/level/index.html',
  'accept-encoding' => 'gzip, deflate',
  'accept-language' => 'zh-CN,zh;q=0.9,en;q=0.8',
  'cookie' => 'PHPSESSID=37c0f03de7441d0c1ba91f861c0b677a',
)
[ info ] [ PARAM ] array (
  'role_id' => '2',
)
[ info ] [ SESSION ] INIT array (
  'id' => '',
  'var_session_id' => '',
  'prefix' => 'think',
  'type' => '',
  'auto_start' => true,
)
[ info ] [ DB ] INIT mysql
[ info ] [ RUN ] app\admin\controller\Level->edit[ /Applications/MAMP/htdocs/start/sbt/application/admin/controller/Level.php ]
[ info ] [ VIEW ] /Applications/MAMP/htdocs/start/sbt/application/admin/view/level/edit.html [ array (
  0 => 'title',
  1 => 'rate',
  2 => 'data',
) ]
[ info ] [ LOG ] INIT File
[ error ] [8]未定义数组索引: pay_prot_id[/Applications/MAMP/htdocs/start/sbt/runtime/temp/978dc0d74efcc4ac961f972dda32d819.php:227]
---------------------------------------------------------------
[ 2017-11-13T15:31:06+08:00 ] ::1 ::1 GET /admin/level/edit.html?role_id=2
[ info ] api.sbt.com/admin/level/edit.html?role_id=2 [运行时间：0.296523s][吞吐率：3.37req/s] [内存消耗：4,697.59kb] [文件加载：58]
[ info ] [ LANG ] /Applications/MAMP/htdocs/start/sbt/thinkphp/lang/zh-cn.php
[ info ] [ ROUTE ] array (
  'type' => 'module',
  'module' => 
  array (
    0 => 'admin',
    1 => 'level',
    2 => 'edit',
  ),
)
[ info ] [ HEADER ] array (
  'host' => 'api.sbt.com',
  'connection' => 'keep-alive',
  'cache-control' => 'max-age=0',
  'user-agent' => 'Mozilla/5.0 (Macintosh; Intel Mac OS X 10_13_1) AppleWebKit/537.36 (KHTML, like Gecko) Chrome/62.0.3202.89 Safari/537.36',
  'upgrade-insecure-requests' => '1',
  'accept' => 'text/html,application/xhtml+xml,application/xml;q=0.9,image/webp,image/apng,*/*;q=0.8',
  'referer' => 'http://api.sbt.com/admin/level/index.html',
  'accept-encoding' => 'gzip, deflate',
  'accept-language' => 'zh-CN,zh;q=0.9,en;q=0.8',
  'cookie' => 'PHPSESSID=37c0f03de7441d0c1ba91f861c0b677a',
)
[ info ] [ PARAM ] array (
  'role_id' => '2',
)
[ info ] [ SESSION ] INIT array (
  'id' => '',
  'var_session_id' => '',
  'prefix' => 'think',
  'type' => '',
  'auto_start' => true,
)
[ info ] [ DB ] INIT mysql
[ info ] [ RUN ] app\admin\controller\Level->edit[ /Applications/MAMP/htdocs/start/sbt/application/admin/controller/Level.php ]
[ info ] [ VIEW ] /Applications/MAMP/htdocs/start/sbt/application/admin/view/level/edit.html [ array (
  0 => 'title',
  1 => 'rate',
  2 => 'data',
) ]
[ info ] [ LOG ] INIT File
---------------------------------------------------------------
[ 2017-11-13T17:17:48+08:00 ] ::1 ::1 GET /admin/orders/index.html
[ info ] api.sbt.com/admin/orders/index.html [运行时间：0.912431s][吞吐率：1.10req/s] [内存消耗：4,933.75kb] [文件加载：60]
[ info ] [ LANG ] /Applications/MAMP/htdocs/start/sbt/thinkphp/lang/zh-cn.php
[ info ] [ ROUTE ] array (
  'type' => 'module',
  'module' => 
  array (
    0 => 'admin',
    1 => 'orders',
    2 => 'index',
  ),
)
[ info ] [ HEADER ] array (
  'host' => 'api.sbt.com',
  'connection' => 'keep-alive',
  'upgrade-insecure-requests' => '1',
  'user-agent' => 'Mozilla/5.0 (Macintosh; Intel Mac OS X 10_13_1) AppleWebKit/537.36 (KHTML, like Gecko) Chrome/62.0.3202.89 Safari/537.36',
  'accept' => 'text/html,application/xhtml+xml,application/xml;q=0.9,image/webp,image/apng,*/*;q=0.8',
  'referer' => 'http://api.sbt.com/admin/level/edit.html?role_id=2',
  'accept-encoding' => 'gzip, deflate',
  'accept-language' => 'zh-CN,zh;q=0.9,en;q=0.8',
  'cookie' => 'PHPSESSID=37c0f03de7441d0c1ba91f861c0b677a',
)
[ info ] [ PARAM ] array (
)
[ info ] [ SESSION ] INIT array (
  'id' => '',
  'var_session_id' => '',
  'prefix' => 'think',
  'type' => '',
  'auto_start' => true,
)
[ info ] [ DB ] INIT mysql
[ info ] [ RUN ] app\admin\controller\Orders->index[ /Applications/MAMP/htdocs/start/sbt/application/admin/controller/Orders.php ]
[ info ] [ VIEW ] /Applications/MAMP/htdocs/start/sbt/application/admin/view/orders/index.html [ array (
  0 => 'title',
  1 => 'seach',
  2 => 'data',
  3 => 'count',
  4 => 'lists',
  5 => 'pages',
  6 => 'order_id',
  7 => 'status',
  8 => 'orders_status',
) ]
[ info ] [ LOG ] INIT File
---------------------------------------------------------------
[ 2017-11-13T17:52:51+08:00 ] ::1 ::1 GET /admin/orders/index.html
[ info ] api.sbt.com/admin/orders/index.html [运行时间：0.935997s][吞吐率：1.07req/s] [内存消耗：4,934.52kb] [文件加载：60]
[ info ] [ LANG ] /Applications/MAMP/htdocs/start/sbt/thinkphp/lang/zh-cn.php
[ info ] [ ROUTE ] array (
  'type' => 'module',
  'module' => 
  array (
    0 => 'admin',
    1 => 'orders',
    2 => 'index',
  ),
)
[ info ] [ HEADER ] array (
  'host' => 'api.sbt.com',
  'connection' => 'keep-alive',
  'cache-control' => 'max-age=0',
  'user-agent' => 'Mozilla/5.0 (Macintosh; Intel Mac OS X 10_13_1) AppleWebKit/537.36 (KHTML, like Gecko) Chrome/62.0.3202.89 Safari/537.36',
  'upgrade-insecure-requests' => '1',
  'accept' => 'text/html,application/xhtml+xml,application/xml;q=0.9,image/webp,image/apng,*/*;q=0.8',
  'referer' => 'http://api.sbt.com/admin/level/edit.html?role_id=2',
  'accept-encoding' => 'gzip, deflate',
  'accept-language' => 'zh-CN,zh;q=0.9,en;q=0.8',
  'cookie' => 'PHPSESSID=37c0f03de7441d0c1ba91f861c0b677a',
)
[ info ] [ PARAM ] array (
)
[ info ] [ SESSION ] INIT array (
  'id' => '',
  'var_session_id' => '',
  'prefix' => 'think',
  'type' => '',
  'auto_start' => true,
)
[ info ] [ DB ] INIT mysql
[ info ] [ RUN ] app\admin\controller\Orders->index[ /Applications/MAMP/htdocs/start/sbt/application/admin/controller/Orders.php ]
[ info ] [ VIEW ] /Applications/MAMP/htdocs/start/sbt/application/admin/view/orders/index.html [ array (
  0 => 'title',
  1 => 'seach',
  2 => 'data',
  3 => 'count',
  4 => 'lists',
  5 => 'pages',
  6 => 'order_id',
  7 => 'status',
  8 => 'orders_status',
) ]
[ info ] [ LOG ] INIT File
---------------------------------------------------------------
[ 2017-11-13T17:53:04+08:00 ] ::1 ::1 GET /admin/orders/index.html
[ info ] api.sbt.com/admin/orders/index.html [运行时间：0.752689s][吞吐率：1.33req/s] [内存消耗：4,934.20kb] [文件加载：60]
[ info ] [ LANG ] /Applications/MAMP/htdocs/start/sbt/thinkphp/lang/zh-cn.php
[ info ] [ ROUTE ] array (
  'type' => 'module',
  'module' => 
  array (
    0 => 'admin',
    1 => 'orders',
    2 => 'index',
  ),
)
[ info ] [ HEADER ] array (
  'host' => 'api.sbt.com',
  'connection' => 'keep-alive',
  'upgrade-insecure-requests' => '1',
  'user-agent' => 'Mozilla/5.0 (Macintosh; Intel Mac OS X 10_13_1) AppleWebKit/537.36 (KHTML, like Gecko) Chrome/62.0.3202.89 Safari/537.36',
  'accept' => 'text/html,application/xhtml+xml,application/xml;q=0.9,image/webp,image/apng,*/*;q=0.8',
  'referer' => 'http://api.sbt.com/admin/orders/index.html',
  'accept-encoding' => 'gzip, deflate',
  'accept-language' => 'zh-CN,zh;q=0.9,en;q=0.8',
  'cookie' => 'PHPSESSID=37c0f03de7441d0c1ba91f861c0b677a',
)
[ info ] [ PARAM ] array (
)
[ info ] [ SESSION ] INIT array (
  'id' => '',
  'var_session_id' => '',
  'prefix' => 'think',
  'type' => '',
  'auto_start' => true,
)
[ info ] [ DB ] INIT mysql
[ info ] [ RUN ] app\admin\controller\Orders->index[ /Applications/MAMP/htdocs/start/sbt/application/admin/controller/Orders.php ]
[ info ] [ VIEW ] /Applications/MAMP/htdocs/start/sbt/application/admin/view/orders/index.html [ array (
  0 => 'title',
  1 => 'seach',
  2 => 'data',
  3 => 'count',
  4 => 'lists',
  5 => 'pages',
  6 => 'order_id',
  7 => 'status',
  8 => 'orders_status',
) ]
[ info ] [ LOG ] INIT File
---------------------------------------------------------------
[ 2017-11-13T18:45:26+08:00 ] ::1 ::1 GET /admin/contract/index.html
[ info ] api.sbt.com/admin/contract/index.html [运行时间：0.429792s][吞吐率：2.33req/s] [内存消耗：5,065.20kb] [文件加载：62]
[ info ] [ LANG ] /Applications/MAMP/htdocs/start/sbt/thinkphp/lang/zh-cn.php
[ info ] [ ROUTE ] array (
  'type' => 'module',
  'module' => 
  array (
    0 => 'admin',
    1 => 'contract',
    2 => 'index',
  ),
)
[ info ] [ HEADER ] array (
  'host' => 'api.sbt.com',
  'connection' => 'keep-alive',
  'upgrade-insecure-requests' => '1',
  'user-agent' => 'Mozilla/5.0 (Macintosh; Intel Mac OS X 10_13_1) AppleWebKit/537.36 (KHTML, like Gecko) Chrome/62.0.3202.89 Safari/537.36',
  'accept' => 'text/html,application/xhtml+xml,application/xml;q=0.9,image/webp,image/apng,*/*;q=0.8',
  'referer' => 'http://api.sbt.com/admin/orders/index.html',
  'accept-encoding' => 'gzip, deflate',
  'accept-language' => 'zh-CN,zh;q=0.9,en;q=0.8',
  'cookie' => 'PHPSESSID=37c0f03de7441d0c1ba91f861c0b677a',
)
[ info ] [ PARAM ] array (
)
[ info ] [ SESSION ] INIT array (
  'id' => '',
  'var_session_id' => '',
  'prefix' => 'think',
  'type' => '',
  'auto_start' => true,
)
[ info ] [ DB ] INIT mysql
[ info ] [ RUN ] app\admin\controller\Contract->index[ /Applications/MAMP/htdocs/start/sbt/application/admin/controller/Contract.php ]
[ info ] [ VIEW ] /Applications/MAMP/htdocs/start/sbt/application/admin/view/contract/index.html [ array (
  0 => 'title',
  1 => 'role_id',
  2 => 'role_data',
  3 => 'pages',
  4 => 'user_list',
) ]
[ info ] [ LOG ] INIT File
---------------------------------------------------------------
[ 2017-11-13T18:45:43+08:00 ] ::1 ::1 GET /admin/orders/index.html
[ info ] api.sbt.com/admin/orders/index.html [运行时间：0.791755s][吞吐率：1.26req/s] [内存消耗：4,934.22kb] [文件加载：60]
[ info ] [ LANG ] /Applications/MAMP/htdocs/start/sbt/thinkphp/lang/zh-cn.php
[ info ] [ ROUTE ] array (
  'type' => 'module',
  'module' => 
  array (
    0 => 'admin',
    1 => 'orders',
    2 => 'index',
  ),
)
[ info ] [ HEADER ] array (
  'host' => 'api.sbt.com',
  'connection' => 'keep-alive',
  'upgrade-insecure-requests' => '1',
  'user-agent' => 'Mozilla/5.0 (Macintosh; Intel Mac OS X 10_13_1) AppleWebKit/537.36 (KHTML, like Gecko) Chrome/62.0.3202.89 Safari/537.36',
  'accept' => 'text/html,application/xhtml+xml,application/xml;q=0.9,image/webp,image/apng,*/*;q=0.8',
  'referer' => 'http://api.sbt.com/admin/contract/index.html',
  'accept-encoding' => 'gzip, deflate',
  'accept-language' => 'zh-CN,zh;q=0.9,en;q=0.8',
  'cookie' => 'PHPSESSID=37c0f03de7441d0c1ba91f861c0b677a',
)
[ info ] [ PARAM ] array (
)
[ info ] [ SESSION ] INIT array (
  'id' => '',
  'var_session_id' => '',
  'prefix' => 'think',
  'type' => '',
  'auto_start' => true,
)
[ info ] [ DB ] INIT mysql
[ info ] [ RUN ] app\admin\controller\Orders->index[ /Applications/MAMP/htdocs/start/sbt/application/admin/controller/Orders.php ]
[ info ] [ VIEW ] /Applications/MAMP/htdocs/start/sbt/application/admin/view/orders/index.html [ array (
  0 => 'title',
  1 => 'seach',
  2 => 'data',
  3 => 'count',
  4 => 'lists',
  5 => 'pages',
  6 => 'order_id',
  7 => 'status',
  8 => 'orders_status',
) ]
[ info ] [ LOG ] INIT File
---------------------------------------------------------------
[ 2017-11-13T18:45:47+08:00 ] ::1 ::1 GET /admin/user/index.html
[ info ] api.sbt.com/admin/user/index.html [运行时间：0.329248s][吞吐率：3.04req/s] [内存消耗：4,887.69kb] [文件加载：60]
[ info ] [ LANG ] /Applications/MAMP/htdocs/start/sbt/thinkphp/lang/zh-cn.php
[ info ] [ ROUTE ] array (
  'type' => 'module',
  'module' => 
  array (
    0 => 'admin',
    1 => 'user',
    2 => 'index',
  ),
)
[ info ] [ HEADER ] array (
  'host' => 'api.sbt.com',
  'connection' => 'keep-alive',
  'upgrade-insecure-requests' => '1',
  'user-agent' => 'Mozilla/5.0 (Macintosh; Intel Mac OS X 10_13_1) AppleWebKit/537.36 (KHTML, like Gecko) Chrome/62.0.3202.89 Safari/537.36',
  'accept' => 'text/html,application/xhtml+xml,application/xml;q=0.9,image/webp,image/apng,*/*;q=0.8',
  'referer' => 'http://api.sbt.com/admin/orders/index.html',
  'accept-encoding' => 'gzip, deflate',
  'accept-language' => 'zh-CN,zh;q=0.9,en;q=0.8',
  'cookie' => 'PHPSESSID=37c0f03de7441d0c1ba91f861c0b677a',
)
[ info ] [ PARAM ] array (
)
[ info ] [ SESSION ] INIT array (
  'id' => '',
  'var_session_id' => '',
  'prefix' => 'think',
  'type' => '',
  'auto_start' => true,
)
[ info ] [ DB ] INIT mysql
[ info ] [ RUN ] app\admin\controller\User->index[ /Applications/MAMP/htdocs/start/sbt/application/admin/controller/User.php ]
[ info ] [ VIEW ] /Applications/MAMP/htdocs/start/sbt/application/admin/view/user/index.html [ array (
  0 => 'title',
  1 => 'role_id',
  2 => 'role_data',
  3 => 'pages',
  4 => 'user_list',
) ]
[ info ] [ LOG ] INIT File
---------------------------------------------------------------
[ 2017-11-13T18:45:49+08:00 ] ::1 ::1 GET /admin/user/index.html?card_status=-1&role_id=-1&reg_time=&keyworld=13799988673
[ info ] api.sbt.com/admin/user/index.html?card_status=-1&role_id=-1&reg_time=&keyworld=13799988673 [运行时间：0.278599s][吞吐率：3.59req/s] [内存消耗：4,849.87kb] [文件加载：60]
[ info ] [ LANG ] /Applications/MAMP/htdocs/start/sbt/thinkphp/lang/zh-cn.php
[ info ] [ ROUTE ] array (
  'type' => 'module',
  'module' => 
  array (
    0 => 'admin',
    1 => 'user',
    2 => 'index',
  ),
)
[ info ] [ HEADER ] array (
  'host' => 'api.sbt.com',
  'connection' => 'keep-alive',
  'upgrade-insecure-requests' => '1',
  'user-agent' => 'Mozilla/5.0 (Macintosh; Intel Mac OS X 10_13_1) AppleWebKit/537.36 (KHTML, like Gecko) Chrome/62.0.3202.89 Safari/537.36',
  'accept' => 'text/html,application/xhtml+xml,application/xml;q=0.9,image/webp,image/apng,*/*;q=0.8',
  'referer' => 'http://api.sbt.com/admin/user/index.html',
  'accept-encoding' => 'gzip, deflate',
  'accept-language' => 'zh-CN,zh;q=0.9,en;q=0.8',
  'cookie' => 'PHPSESSID=37c0f03de7441d0c1ba91f861c0b677a',
)
[ info ] [ PARAM ] array (
  'card_status' => '-1',
  'role_id' => '-1',
  'reg_time' => '',
  'keyworld' => '13799988673',
)
[ info ] [ SESSION ] INIT array (
  'id' => '',
  'var_session_id' => '',
  'prefix' => 'think',
  'type' => '',
  'auto_start' => true,
)
[ info ] [ DB ] INIT mysql
[ info ] [ RUN ] app\admin\controller\User->index[ /Applications/MAMP/htdocs/start/sbt/application/admin/controller/User.php ]
[ info ] [ VIEW ] /Applications/MAMP/htdocs/start/sbt/application/admin/view/user/index.html [ array (
  0 => 'title',
  1 => 'role_id',
  2 => 'role_data',
  3 => 'pages',
  4 => 'user_list',
) ]
[ info ] [ LOG ] INIT File
---------------------------------------------------------------
[ 2017-11-13T18:47:07+08:00 ] ::1 ::1 GET /admin/contract/index.html
[ info ] api.sbt.com/admin/contract/index.html [运行时间：0.317569s][吞吐率：3.15req/s] [内存消耗：4,828.90kb] [文件加载：60]
[ info ] [ LANG ] /Applications/MAMP/htdocs/start/sbt/thinkphp/lang/zh-cn.php
[ info ] [ ROUTE ] array (
  'type' => 'module',
  'module' => 
  array (
    0 => 'admin',
    1 => 'contract',
    2 => 'index',
  ),
)
[ info ] [ HEADER ] array (
  'host' => 'api.sbt.com',
  'connection' => 'keep-alive',
  'upgrade-insecure-requests' => '1',
  'user-agent' => 'Mozilla/5.0 (Macintosh; Intel Mac OS X 10_13_1) AppleWebKit/537.36 (KHTML, like Gecko) Chrome/62.0.3202.89 Safari/537.36',
  'accept' => 'text/html,application/xhtml+xml,application/xml;q=0.9,image/webp,image/apng,*/*;q=0.8',
  'referer' => 'http://api.sbt.com/admin/user/index.html?card_status=-1&role_id=-1&reg_time=&keyworld=13799988673',
  'accept-encoding' => 'gzip, deflate',
  'accept-language' => 'zh-CN,zh;q=0.9,en;q=0.8',
  'cookie' => 'PHPSESSID=37c0f03de7441d0c1ba91f861c0b677a',
)
[ info ] [ PARAM ] array (
)
[ info ] [ SESSION ] INIT array (
  'id' => '',
  'var_session_id' => '',
  'prefix' => 'think',
  'type' => '',
  'auto_start' => true,
)
[ info ] [ DB ] INIT mysql
[ info ] [ RUN ] app\admin\controller\Contract->index[ /Applications/MAMP/htdocs/start/sbt/application/admin/controller/Contract.php ]
[ info ] [ VIEW ] /Applications/MAMP/htdocs/start/sbt/application/admin/view/contract/index.html [ array (
  0 => 'title',
  1 => 'role_id',
  2 => 'role_data',
  3 => 'pages',
  4 => 'user_list',
) ]
[ info ] [ LOG ] INIT File
